# JRE version: Java(TM) SE Runtime Environment (8.0_73-b02) (build 1.8.0_73-b02)
# Java VM: Java HotSpot(TM) 64-Bit Server VM (25.73-b02 mixed mode windows-amd64 compressed oops)
Heap:
 PSYoungGen      total 153600K, used 58686K [0x00000000e0000000, 0x00000000eca00000, 0x0000000100000000)
  eden space 132608K, 32% used [0x00000000e0000000,0x00000000e2999db8,0x00000000e8180000)
  from space 20992K, 76% used [0x00000000e8180000,0x00000000e9135b60,0x00000000e9600000)
  to   space 22016K, 0% used [0x00000000eb480000,0x00000000eb480000,0x00000000eca00000)
 ParOldGen       total 179200K, used 38721K [0x00000000a0000000, 0x00000000aaf00000, 0x00000000e0000000)
  object space 179200K, 21% used [0x00000000a0000000,0x00000000a25d0628,0x00000000aaf00000)
 Metaspace       used 58534K, capacity 59820K, committed 60120K, reserved 1101824K
  class space    used 7819K, capacity 8150K, committed 8192K, reserved 1048576K
GC Heap History (10 events):
Event: 7.676 GC heap before
{Heap before GC invocations=10 (full 2):
 PSYoungGen      total 85504K, used 73216K [0x00000000e0000000, 0x00000000e8600000, 0x0000000100000000)
  eden space 73216K, 100% used [0x00000000e0000000,0x00000000e4780000,0x00000000e4780000)
  from space 12288K, 0% used [0x00000000e4780000,0x00000000e4780000,0x00000000e5380000)
  to   space 12800K, 0% used [0x00000000e7980000,0x00000000e7980000,0x00000000e8600000)
 ParOldGen       total 116224K, used 15679K [0x00000000a0000000, 0x00000000a7180000, 0x00000000e0000000)
  object space 116224K, 13% used [0x00000000a0000000,0x00000000a0f4ffc0,0x00000000a7180000)
 Metaspace       used 40737K, capacity 41430K, committed 41856K, reserved 1085440K
  class space    used 5571K, capacity 5709K, committed 5760K, reserved 1048576K
Event: 7.684 GC heap after
Heap after GC invocations=10 (full 2):
 PSYoungGen      total 117248K, used 7307K [0x00000000e0000000, 0x00000000e8200000, 0x0000000100000000)
  eden space 108544K, 0% used [0x00000000e0000000,0x00000000e0000000,0x00000000e6a00000)
  from space 8704K, 83% used [0x00000000e7980000,0x00000000e80a2fe0,0x00000000e8200000)
  to   space 12288K, 0% used [0x00000000e6a00000,0x00000000e6a00000,0x00000000e7600000)
 ParOldGen       total 116224K, used 15751K [0x00000000a0000000, 0x00000000a7180000, 0x00000000e0000000)
  object space 116224K, 13% used [0x00000000a0000000,0x00000000a0f61fd0,0x00000000a7180000)
 Metaspace       used 40737K, capacity 41430K, committed 41856K, reserved 1085440K
  class space    used 5571K, capacity 5709K, committed 5760K, reserved 1048576K
}
Event: 9.275 GC heap before
{Heap before GC invocations=11 (full 2):
 PSYoungGen      total 117248K, used 115851K [0x00000000e0000000, 0x00000000e8200000, 0x0000000100000000)
  eden space 108544K, 100% used [0x00000000e0000000,0x00000000e6a00000,0x00000000e6a00000)
  from space 8704K, 83% used [0x00000000e7980000,0x00000000e80a2fe0,0x00000000e8200000)
  to   space 12288K, 0% used [0x00000000e6a00000,0x00000000e6a00000,0x00000000e7600000)
 ParOldGen       total 116224K, used 15751K [0x00000000a0000000, 0x00000000a7180000, 0x00000000e0000000)
  object space 116224K, 13% used [0x00000000a0000000,0x00000000a0f61fd0,0x00000000a7180000)
 Metaspace       used 47363K, capacity 48426K, committed 48512K, reserved 1091584K
  class space    used 6531K, capacity 6761K, committed 6784K, reserved 1048576K
Event: 9.297 GC heap after
Heap after GC invocations=11 (full 2):
 PSYoungGen      total 120832K, used 12271K [0x00000000e0000000, 0x00000000ea500000, 0x0000000100000000)
  eden space 108544K, 0% used [0x00000000e0000000,0x00000000e0000000,0x00000000e6a00000)
  from space 12288K, 99% used [0x00000000e6a00000,0x00000000e75fbff0,0x00000000e7600000)
  to   space 15360K, 0% used [0x00000000e9600000,0x00000000e9600000,0x00000000ea500000)
 ParOldGen       total 116224K, used 20131K [0x00000000a0000000, 0x00000000a7180000, 0x00000000e0000000)
  object space 116224K, 17% used [0x00000000a0000000,0x00000000a13a8c48,0x00000000a7180000)
 Metaspace       used 47363K, capacity 48426K, committed 48512K, reserved 1091584K
  class space    used 6531K, capacity 6761K, committed 6784K, reserved 1048576K
}
Event: 15.285 GC heap before
{Heap before GC invocations=12 (full 2):
 PSYoungGen      total 120832K, used 119429K [0x00000000e0000000, 0x00000000ea500000, 0x0000000100000000)
  eden space 108544K, 98% used [0x00000000e0000000,0x00000000e68a57a8,0x00000000e6a00000)
  from space 12288K, 99% used [0x00000000e6a00000,0x00000000e75fbff0,0x00000000e7600000)
  to   space 15360K, 0% used [0x00000000e9600000,0x00000000e9600000,0x00000000ea500000)
 ParOldGen       total 116224K, used 20131K [0x00000000a0000000, 0x00000000a7180000, 0x00000000e0000000)
  object space 116224K, 17% used [0x00000000a0000000,0x00000000a13a8c48,0x00000000a7180000)
 Metaspace       used 57675K, capacity 58964K, committed 59096K, reserved 1099776K
  class space    used 7783K, capacity 8096K, committed 8192K, reserved 1048576K
Event: 15.314 GC heap after
Heap after GC invocations=12 (full 2):
 PSYoungGen      total 147968K, used 15332K [0x00000000e0000000, 0x00000000eac80000, 0x0000000100000000)
  eden space 132608K, 0% used [0x00000000e0000000,0x00000000e0000000,0x00000000e8180000)
  from space 15360K, 99% used [0x00000000e9600000,0x00000000ea4f90b8,0x00000000ea500000)
  to   space 20992K, 0% used [0x00000000e8180000,0x00000000e8180000,0x00000000e9600000)
 ParOldGen       total 116224K, used 29966K [0x00000000a0000000, 0x00000000a7180000, 0x00000000e0000000)
  object space 116224K, 25% used [0x00000000a0000000,0x00000000a1d43928,0x00000000a7180000)
 Metaspace       used 57675K, capacity 58964K, committed 59096K, reserved 1099776K
  class space    used 7783K, capacity 8096K, committed 8192K, reserved 1048576K
}
Event: 15.314 GC heap before
{Heap before GC invocations=13 (full 3):
 PSYoungGen      total 147968K, used 15332K [0x00000000e0000000, 0x00000000eac80000, 0x0000000100000000)
  eden space 132608K, 0% used [0x00000000e0000000,0x00000000e0000000,0x00000000e8180000)
  from space 15360K, 99% used [0x00000000e9600000,0x00000000ea4f90b8,0x00000000ea500000)
  to   space 20992K, 0% used [0x00000000e8180000,0x00000000e8180000,0x00000000e9600000)
 ParOldGen       total 116224K, used 29966K [0x00000000a0000000, 0x00000000a7180000, 0x00000000e0000000)
  object space 116224K, 25% used [0x00000000a0000000,0x00000000a1d43928,0x00000000a7180000)
 Metaspace       used 57675K, capacity 58964K, committed 59096K, reserved 1099776K
  class space    used 7783K, capacity 8096K, committed 8192K, reserved 1048576K
Event: 15.600 GC heap after
Heap after GC invocations=13 (full 3):
 PSYoungGen      total 147968K, used 0K [0x00000000e0000000, 0x00000000eac80000, 0x0000000100000000)
  eden space 132608K, 0% used [0x00000000e0000000,0x00000000e0000000,0x00000000e8180000)
  from space 15360K, 0% used [0x00000000e9600000,0x00000000e9600000,0x00000000ea500000)
  to   space 20992K, 0% used [0x00000000e8180000,0x00000000e8180000,0x00000000e9600000)
 ParOldGen       total 179200K, used 38713K [0x00000000a0000000, 0x00000000aaf00000, 0x00000000e0000000)
  object space 179200K, 21% used [0x00000000a0000000,0x00000000a25ce628,0x00000000aaf00000)
 Metaspace       used 57660K, capacity 58924K, committed 59096K, reserved 1099776K
  class space    used 7777K, capacity 8086K, committed 8192K, reserved 1048576K
}
Event: 16.609 GC heap before
{Heap before GC invocations=14 (full 3):
 PSYoungGen      total 147968K, used 132608K [0x00000000e0000000, 0x00000000eac80000, 0x0000000100000000)
  eden space 132608K, 100% used [0x00000000e0000000,0x00000000e8180000,0x00000000e8180000)
  from space 15360K, 0% used [0x00000000e9600000,0x00000000e9600000,0x00000000ea500000)
  to   space 20992K, 0% used [0x00000000e8180000,0x00000000e8180000,0x00000000e9600000)
 ParOldGen       total 179200K, used 38713K [0x00000000a0000000, 0x00000000aaf00000, 0x00000000e0000000)
  object space 179200K, 21% used [0x00000000a0000000,0x00000000a25ce628,0x00000000aaf00000)
 Metaspace       used 58493K, capacity 59756K, committed 59864K, reserved 1101824K
  class space    used 7818K, capacity 8150K, committed 8192K, reserved 1048576K
Event: 16.630 GC heap after
Heap after GC invocations=14 (full 3):
 PSYoungGen      total 153600K, used 16086K [0x00000000e0000000, 0x00000000eca00000, 0x0000000100000000)
  eden space 132608K, 0% used [0x00000000e0000000,0x00000000e0000000,0x00000000e8180000)
  from space 20992K, 76% used [0x00000000e8180000,0x00000000e9135b60,0x00000000e9600000)
  to   space 22016K, 0% used [0x00000000eb480000,0x00000000eb480000,0x00000000eca00000)
 ParOldGen       total 179200K, used 38721K [0x00000000a0000000, 0x00000000aaf00000, 0x00000000e0000000)
  object space 179200K, 21% used [0x00000000a0000000,0x00000000a25d0628,0x00000000aaf00000)
 Metaspace       used 58493K, capacity 59756K, committed 59864K, reserved 1101824K
  class space    used 7818K, capacity 8150K, committed 8192K, reserved 1048576K
}

