# JRE version: Java(TM) SE Runtime Environment (8.0_73-b02) (build 1.8.0_73-b02)
# Java VM: Java HotSpot(TM) 64-Bit Server VM (25.73-b02 mixed mode windows-amd64 compressed oops)
Heap:
 PSYoungGen      total 136192K, used 18331K [0x00000000e0000000, 0x00000000ebd00000, 0x0000000100000000)
  eden space 123904K, 4% used [0x00000000e0000000,0x00000000e05eebd8,0x00000000e7900000)
  from space 12288K, 99% used [0x00000000e7900000,0x00000000e84f8028,0x00000000e8500000)
  to   space 13824K, 0% used [0x00000000eaf80000,0x00000000eaf80000,0x00000000ebd00000)
 ParOldGen       total 86016K, used 17149K [0x00000000a0000000, 0x00000000a5400000, 0x00000000e0000000)
  object space 86016K, 19% used [0x00000000a0000000,0x00000000a10bf538,0x00000000a5400000)
 Metaspace       used 44422K, capacity 45482K, committed 45696K, reserved 1089536K
  class space    used 6144K, capacity 6445K, committed 6528K, reserved 1048576K
GC Heap History (10 events):
Event: 7.138 GC heap before
{Heap before GC invocations=7 (full 1):
 PSYoungGen      total 46592K, used 44968K [0x00000000e0000000, 0x00000000e5d00000, 0x0000000100000000)
  eden space 39936K, 100% used [0x00000000e0000000,0x00000000e2700000,0x00000000e2700000)
  from space 6656K, 75% used [0x00000000e2700000,0x00000000e2bea2b0,0x00000000e2d80000)
  to   space 11776K, 0% used [0x00000000e5180000,0x00000000e5180000,0x00000000e5d00000)
 ParOldGen       total 59904K, used 7792K [0x00000000a0000000, 0x00000000a3a80000, 0x00000000e0000000)
  object space 59904K, 13% used [0x00000000a0000000,0x00000000a079c1c8,0x00000000a3a80000)
 Metaspace       used 27381K, capacity 27986K, committed 28160K, reserved 1073152K
  class space    used 3848K, capacity 4033K, committed 4096K, reserved 1048576K
Event: 7.174 GC heap after
Heap after GC invocations=7 (full 1):
 PSYoungGen      total 82432K, used 5918K [0x00000000e0000000, 0x00000000e5c00000, 0x0000000100000000)
  eden space 71680K, 0% used [0x00000000e0000000,0x00000000e0000000,0x00000000e4600000)
  from space 10752K, 55% used [0x00000000e5180000,0x00000000e5747ae0,0x00000000e5c00000)
  to   space 11264K, 0% used [0x00000000e4600000,0x00000000e4600000,0x00000000e5100000)
 ParOldGen       total 59904K, used 7792K [0x00000000a0000000, 0x00000000a3a80000, 0x00000000e0000000)
  object space 59904K, 13% used [0x00000000a0000000,0x00000000a079c1c8,0x00000000a3a80000)
 Metaspace       used 27381K, capacity 27986K, committed 28160K, reserved 1073152K
  class space    used 3848K, capacity 4033K, committed 4096K, reserved 1048576K
}
Event: 8.507 GC heap before
{Heap before GC invocations=8 (full 1):
 PSYoungGen      total 82432K, used 77598K [0x00000000e0000000, 0x00000000e5c00000, 0x0000000100000000)
  eden space 71680K, 100% used [0x00000000e0000000,0x00000000e4600000,0x00000000e4600000)
  from space 10752K, 55% used [0x00000000e5180000,0x00000000e5747ae0,0x00000000e5c00000)
  to   space 11264K, 0% used [0x00000000e4600000,0x00000000e4600000,0x00000000e5100000)
 ParOldGen       total 59904K, used 7792K [0x00000000a0000000, 0x00000000a3a80000, 0x00000000e0000000)
  object space 59904K, 13% used [0x00000000a0000000,0x00000000a079c1c8,0x00000000a3a80000)
 Metaspace       used 32295K, capacity 33050K, committed 33408K, reserved 1077248K
  class space    used 4467K, capacity 4678K, committed 4736K, reserved 1048576K
Event: 8.525 GC heap after
Heap after GC invocations=8 (full 1):
 PSYoungGen      total 82944K, used 9222K [0x00000000e0000000, 0x00000000e9180000, 0x0000000100000000)
  eden space 71680K, 0% used [0x00000000e0000000,0x00000000e0000000,0x00000000e4600000)
  from space 11264K, 81% used [0x00000000e4600000,0x00000000e4f01848,0x00000000e5100000)
  to   space 11776K, 0% used [0x00000000e8600000,0x00000000e8600000,0x00000000e9180000)
 ParOldGen       total 59904K, used 7800K [0x00000000a0000000, 0x00000000a3a80000, 0x00000000e0000000)
  object space 59904K, 13% used [0x00000000a0000000,0x00000000a079e1c8,0x00000000a3a80000)
 Metaspace       used 32295K, capacity 33050K, committed 33408K, reserved 1077248K
  class space    used 4467K, capacity 4678K, committed 4736K, reserved 1048576K
}
Event: 8.999 GC heap before
{Heap before GC invocations=9 (full 1):
 PSYoungGen      total 82944K, used 53942K [0x00000000e0000000, 0x00000000e9180000, 0x0000000100000000)
  eden space 71680K, 62% used [0x00000000e0000000,0x00000000e2bac338,0x00000000e4600000)
  from space 11264K, 81% used [0x00000000e4600000,0x00000000e4f01848,0x00000000e5100000)
  to   space 11776K, 0% used [0x00000000e8600000,0x00000000e8600000,0x00000000e9180000)
 ParOldGen       total 59904K, used 7800K [0x00000000a0000000, 0x00000000a3a80000, 0x00000000e0000000)
  object space 59904K, 13% used [0x00000000a0000000,0x00000000a079e1c8,0x00000000a3a80000)
 Metaspace       used 34448K, capacity 35134K, committed 35456K, reserved 1079296K
  class space    used 4736K, capacity 4940K, committed 4992K, reserved 1048576K
Event: 9.010 GC heap after
Heap after GC invocations=9 (full 1):
 PSYoungGen      total 135168K, used 9315K [0x00000000e0000000, 0x00000000e9100000, 0x0000000100000000)
  eden space 123904K, 0% used [0x00000000e0000000,0x00000000e0000000,0x00000000e7900000)
  from space 11264K, 82% used [0x00000000e8600000,0x00000000e8f18ea8,0x00000000e9100000)
  to   space 12288K, 0% used [0x00000000e7900000,0x00000000e7900000,0x00000000e8500000)
 ParOldGen       total 59904K, used 7808K [0x00000000a0000000, 0x00000000a3a80000, 0x00000000e0000000)
  object space 59904K, 13% used [0x00000000a0000000,0x00000000a07a01c8,0x00000000a3a80000)
 Metaspace       used 34448K, capacity 35134K, committed 35456K, reserved 1079296K
  class space    used 4736K, capacity 4940K, committed 4992K, reserved 1048576K
}
Event: 9.010 GC heap before
{Heap before GC invocations=10 (full 2):
 PSYoungGen      total 135168K, used 9315K [0x00000000e0000000, 0x00000000e9100000, 0x0000000100000000)
  eden space 123904K, 0% used [0x00000000e0000000,0x00000000e0000000,0x00000000e7900000)
  from space 11264K, 82% used [0x00000000e8600000,0x00000000e8f18ea8,0x00000000e9100000)
  to   space 12288K, 0% used [0x00000000e7900000,0x00000000e7900000,0x00000000e8500000)
 ParOldGen       total 59904K, used 7808K [0x00000000a0000000, 0x00000000a3a80000, 0x00000000e0000000)
  object space 59904K, 13% used [0x00000000a0000000,0x00000000a07a01c8,0x00000000a3a80000)
 Metaspace       used 34448K, capacity 35134K, committed 35456K, reserved 1079296K
  class space    used 4736K, capacity 4940K, committed 4992K, reserved 1048576K
Event: 9.136 GC heap after
Heap after GC invocations=10 (full 2):
 PSYoungGen      total 135168K, used 0K [0x00000000e0000000, 0x00000000e9100000, 0x0000000100000000)
  eden space 123904K, 0% used [0x00000000e0000000,0x00000000e0000000,0x00000000e7900000)
  from space 11264K, 0% used [0x00000000e8600000,0x00000000e8600000,0x00000000e9100000)
  to   space 12288K, 0% used [0x00000000e7900000,0x00000000e7900000,0x00000000e8500000)
 ParOldGen       total 86016K, used 16691K [0x00000000a0000000, 0x00000000a5400000, 0x00000000e0000000)
  object space 86016K, 19% used [0x00000000a0000000,0x00000000a104cc80,0x00000000a5400000)
 Metaspace       used 34448K, capacity 35134K, committed 35456K, reserved 1079296K
  class space    used 4736K, capacity 4940K, committed 4992K, reserved 1048576K
}
Event: 10.719 GC heap before
{Heap before GC invocations=11 (full 2):
 PSYoungGen      total 135168K, used 123904K [0x00000000e0000000, 0x00000000e9100000, 0x0000000100000000)
  eden space 123904K, 100% used [0x00000000e0000000,0x00000000e7900000,0x00000000e7900000)
  from space 11264K, 0% used [0x00000000e8600000,0x00000000e8600000,0x00000000e9100000)
  to   space 12288K, 0% used [0x00000000e7900000,0x00000000e7900000,0x00000000e8500000)
 ParOldGen       total 86016K, used 16691K [0x00000000a0000000, 0x00000000a5400000, 0x00000000e0000000)
  object space 86016K, 19% used [0x00000000a0000000,0x00000000a104cc80,0x00000000a5400000)
 Metaspace       used 44293K, capacity 45362K, committed 45696K, reserved 1089536K
  class space    used 6124K, capacity 6409K, committed 6528K, reserved 1048576K
Event: 10.735 GC heap after
Heap after GC invocations=11 (full 2):
 PSYoungGen      total 136192K, used 12256K [0x00000000e0000000, 0x00000000ebd00000, 0x0000000100000000)
  eden space 123904K, 0% used [0x00000000e0000000,0x00000000e0000000,0x00000000e7900000)
  from space 12288K, 99% used [0x00000000e7900000,0x00000000e84f8028,0x00000000e8500000)
  to   space 13824K, 0% used [0x00000000eaf80000,0x00000000eaf80000,0x00000000ebd00000)
 ParOldGen       total 86016K, used 17149K [0x00000000a0000000, 0x00000000a5400000, 0x00000000e0000000)
  object space 86016K, 19% used [0x00000000a0000000,0x00000000a10bf538,0x00000000a5400000)
 Metaspace       used 44293K, capacity 45362K, committed 45696K, reserved 1089536K
  class space    used 6124K, capacity 6409K, committed 6528K, reserved 1048576K
}

