# JRE version: Java(TM) SE Runtime Environment (8.0_73-b02) (build 1.8.0_73-b02)
# Java VM: Java HotSpot(TM) 64-Bit Server VM (25.73-b02 mixed mode windows-amd64 compressed oops)
Heap:
 PSYoungGen      total 155648K, used 138319K [0x00000000e0000000, 0x00000000f1080000, 0x0000000100000000)
  eden space 143360K, 96% used [0x00000000e0000000,0x00000000e8713df8,0x00000000e8c00000)
  from space 12288K, 0% used [0x00000000e8c00000,0x00000000e8c00000,0x00000000e9800000)
  to   space 12288K, 0% used [0x00000000f0480000,0x00000000f0480000,0x00000000f1080000)
 ParOldGen       total 79360K, used 16897K [0x00000000a0000000, 0x00000000a4d80000, 0x00000000e0000000)
  object space 79360K, 21% used [0x00000000a0000000,0x00000000a1080510,0x00000000a4d80000)
 Metaspace       used 44785K, capacity 45934K, committed 46208K, reserved 1089536K
  class space    used 6223K, capacity 6501K, committed 6528K, reserved 1048576K
GC Heap History (10 events):
Event: 5.017 GC heap before
{Heap before GC invocations=5 (full 1):
 PSYoungGen      total 86528K, used 6644K [0x00000000e0000000, 0x00000000e5b00000, 0x0000000100000000)
  eden space 79872K, 0% used [0x00000000e0000000,0x00000000e0000000,0x00000000e4e00000)
  from space 6656K, 99% used [0x00000000e5480000,0x00000000e5afd090,0x00000000e5b00000)
  to   space 6656K, 0% used [0x00000000e4e00000,0x00000000e4e00000,0x00000000e5480000)
 ParOldGen       total 106496K, used 6253K [0x00000000a0000000, 0x00000000a6800000, 0x00000000e0000000)
  object space 106496K, 5% used [0x00000000a0000000,0x00000000a061b610,0x00000000a6800000)
 Metaspace       used 20817K, capacity 21218K, committed 21296K, reserved 1067008K
  class space    used 2785K, capacity 2917K, committed 2944K, reserved 1048576K
Event: 5.076 GC heap after
Heap after GC invocations=5 (full 1):
 PSYoungGen      total 86528K, used 0K [0x00000000e0000000, 0x00000000e5b00000, 0x0000000100000000)
  eden space 79872K, 0% used [0x00000000e0000000,0x00000000e0000000,0x00000000e4e00000)
  from space 6656K, 0% used [0x00000000e5480000,0x00000000e5480000,0x00000000e5b00000)
  to   space 6656K, 0% used [0x00000000e4e00000,0x00000000e4e00000,0x00000000e5480000)
 ParOldGen       total 58368K, used 7823K [0x00000000a0000000, 0x00000000a3900000, 0x00000000e0000000)
  object space 58368K, 13% used [0x00000000a0000000,0x00000000a07a3d90,0x00000000a3900000)
 Metaspace       used 20817K, capacity 21218K, committed 21296K, reserved 1067008K
  class space    used 2785K, capacity 2917K, committed 2944K, reserved 1048576K
}
Event: 6.453 GC heap before
{Heap before GC invocations=6 (full 1):
 PSYoungGen      total 86528K, used 79872K [0x00000000e0000000, 0x00000000e5b00000, 0x0000000100000000)
  eden space 79872K, 100% used [0x00000000e0000000,0x00000000e4e00000,0x00000000e4e00000)
  from space 6656K, 0% used [0x00000000e5480000,0x00000000e5480000,0x00000000e5b00000)
  to   space 6656K, 0% used [0x00000000e4e00000,0x00000000e4e00000,0x00000000e5480000)
 ParOldGen       total 58368K, used 7823K [0x00000000a0000000, 0x00000000a3900000, 0x00000000e0000000)
  object space 58368K, 13% used [0x00000000a0000000,0x00000000a07a3d90,0x00000000a3900000)
 Metaspace       used 27320K, capacity 27962K, committed 28160K, reserved 1073152K
  class space    used 3854K, capacity 4029K, committed 4096K, reserved 1048576K
Event: 6.463 GC heap after
Heap after GC invocations=6 (full 1):
 PSYoungGen      total 86528K, used 6654K [0x00000000e0000000, 0x00000000ea580000, 0x0000000100000000)
  eden space 79872K, 0% used [0x00000000e0000000,0x00000000e0000000,0x00000000e4e00000)
  from space 6656K, 99% used [0x00000000e4e00000,0x00000000e547f8a8,0x00000000e5480000)
  to   space 11776K, 0% used [0x00000000e9a00000,0x00000000e9a00000,0x00000000ea580000)
 ParOldGen       total 58368K, used 9969K [0x00000000a0000000, 0x00000000a3900000, 0x00000000e0000000)
  object space 58368K, 17% used [0x00000000a0000000,0x00000000a09bc508,0x00000000a3900000)
 Metaspace       used 27320K, capacity 27962K, committed 28160K, reserved 1073152K
  class space    used 3854K, capacity 4029K, committed 4096K, reserved 1048576K
}
Event: 7.825 GC heap before
{Heap before GC invocations=7 (full 1):
 PSYoungGen      total 86528K, used 86526K [0x00000000e0000000, 0x00000000ea580000, 0x0000000100000000)
  eden space 79872K, 100% used [0x00000000e0000000,0x00000000e4e00000,0x00000000e4e00000)
  from space 6656K, 99% used [0x00000000e4e00000,0x00000000e547f8a8,0x00000000e5480000)
  to   space 11776K, 0% used [0x00000000e9a00000,0x00000000e9a00000,0x00000000ea580000)
 ParOldGen       total 58368K, used 9969K [0x00000000a0000000, 0x00000000a3900000, 0x00000000e0000000)
  object space 58368K, 17% used [0x00000000a0000000,0x00000000a09bc508,0x00000000a3900000)
 Metaspace       used 32334K, capacity 32962K, committed 33408K, reserved 1077248K
  class space    used 4467K, capacity 4674K, committed 4736K, reserved 1048576K
Event: 7.839 GC heap after
Heap after GC invocations=7 (full 1):
 PSYoungGen      total 153600K, used 9724K [0x00000000e0000000, 0x00000000ea400000, 0x0000000100000000)
  eden space 143360K, 0% used [0x00000000e0000000,0x00000000e0000000,0x00000000e8c00000)
  from space 10240K, 94% used [0x00000000e9a00000,0x00000000ea37f058,0x00000000ea400000)
  to   space 12288K, 0% used [0x00000000e8c00000,0x00000000e8c00000,0x00000000e9800000)
 ParOldGen       total 58368K, used 9977K [0x00000000a0000000, 0x00000000a3900000, 0x00000000e0000000)
  object space 58368K, 17% used [0x00000000a0000000,0x00000000a09be508,0x00000000a3900000)
 Metaspace       used 32334K, capacity 32962K, committed 33408K, reserved 1077248K
  class space    used 4467K, capacity 4674K, committed 4736K, reserved 1048576K
}
Event: 8.221 GC heap before
{Heap before GC invocations=8 (full 1):
 PSYoungGen      total 153600K, used 43080K [0x00000000e0000000, 0x00000000ea400000, 0x0000000100000000)
  eden space 143360K, 23% used [0x00000000e0000000,0x00000000e20931d0,0x00000000e8c00000)
  from space 10240K, 94% used [0x00000000e9a00000,0x00000000ea37f058,0x00000000ea400000)
  to   space 12288K, 0% used [0x00000000e8c00000,0x00000000e8c00000,0x00000000e9800000)
 ParOldGen       total 58368K, used 9977K [0x00000000a0000000, 0x00000000a3900000, 0x00000000e0000000)
  object space 58368K, 17% used [0x00000000a0000000,0x00000000a09be508,0x00000000a3900000)
 Metaspace       used 34501K, capacity 35174K, committed 35456K, reserved 1079296K
  class space    used 4742K, capacity 4936K, committed 4992K, reserved 1048576K
Event: 8.233 GC heap after
Heap after GC invocations=8 (full 1):
 PSYoungGen      total 155648K, used 9206K [0x00000000e0000000, 0x00000000f1080000, 0x0000000100000000)
  eden space 143360K, 0% used [0x00000000e0000000,0x00000000e0000000,0x00000000e8c00000)
  from space 12288K, 74% used [0x00000000e8c00000,0x00000000e94fd808,0x00000000e9800000)
  to   space 12288K, 0% used [0x00000000f0480000,0x00000000f0480000,0x00000000f1080000)
 ParOldGen       total 58368K, used 9985K [0x00000000a0000000, 0x00000000a3900000, 0x00000000e0000000)
  object space 58368K, 17% used [0x00000000a0000000,0x00000000a09c0508,0x00000000a3900000)
 Metaspace       used 34501K, capacity 35174K, committed 35456K, reserved 1079296K
  class space    used 4742K, capacity 4936K, committed 4992K, reserved 1048576K
}
Event: 8.233 GC heap before
{Heap before GC invocations=9 (full 2):
 PSYoungGen      total 155648K, used 9206K [0x00000000e0000000, 0x00000000f1080000, 0x0000000100000000)
  eden space 143360K, 0% used [0x00000000e0000000,0x00000000e0000000,0x00000000e8c00000)
  from space 12288K, 74% used [0x00000000e8c00000,0x00000000e94fd808,0x00000000e9800000)
  to   space 12288K, 0% used [0x00000000f0480000,0x00000000f0480000,0x00000000f1080000)
 ParOldGen       total 58368K, used 9985K [0x00000000a0000000, 0x00000000a3900000, 0x00000000e0000000)
  object space 58368K, 17% used [0x00000000a0000000,0x00000000a09c0508,0x00000000a3900000)
 Metaspace       used 34501K, capacity 35174K, committed 35456K, reserved 1079296K
  class space    used 4742K, capacity 4936K, committed 4992K, reserved 1048576K
Event: 8.287 GC heap after
Heap after GC invocations=9 (full 2):
 PSYoungGen      total 155648K, used 0K [0x00000000e0000000, 0x00000000f1080000, 0x0000000100000000)
  eden space 143360K, 0% used [0x00000000e0000000,0x00000000e0000000,0x00000000e8c00000)
  from space 12288K, 0% used [0x00000000e8c00000,0x00000000e8c00000,0x00000000e9800000)
  to   space 12288K, 0% used [0x00000000f0480000,0x00000000f0480000,0x00000000f1080000)
 ParOldGen       total 79360K, used 16897K [0x00000000a0000000, 0x00000000a4d80000, 0x00000000e0000000)
  object space 79360K, 21% used [0x00000000a0000000,0x00000000a1080510,0x00000000a4d80000)
 Metaspace       used 34501K, capacity 35174K, committed 35456K, reserved 1079296K
  class space    used 4742K, capacity 4936K, committed 4992K, reserved 1048576K
}

