# JRE version: Java(TM) SE Runtime Environment (8.0_73-b02) (build 1.8.0_73-b02)
# Java VM: Java HotSpot(TM) 64-Bit Server VM (25.73-b02 mixed mode windows-amd64 compressed oops)
Heap:
 PSYoungGen      total 283136K, used 121945K [0x00000000e0000000, 0x00000000f2600000, 0x0000000100000000)
  eden space 271360K, 44% used [0x00000000e0000000,0x00000000e77167d0,0x00000000f0900000)
  from space 11776K, 0% used [0x00000000f1a80000,0x00000000f1a80000,0x00000000f2600000)
  to   space 13824K, 0% used [0x00000000f0b00000,0x00000000f0b00000,0x00000000f1880000)
 ParOldGen       total 71168K, used 24537K [0x00000000a0000000, 0x00000000a4580000, 0x00000000e0000000)
  object space 71168K, 34% used [0x00000000a0000000,0x00000000a17f65e8,0x00000000a4580000)
 Metaspace       used 49072K, capacity 50218K, committed 50560K, reserved 1093632K
  class space    used 6687K, capacity 6947K, committed 7040K, reserved 1048576K
GC Heap History (10 events):
Event: 7.403 GC heap before
{Heap before GC invocations=7 (full 1):
 PSYoungGen      total 86528K, used 86505K [0x00000000e0000000, 0x00000000eaa00000, 0x0000000100000000)
  eden space 79872K, 100% used [0x00000000e0000000,0x00000000e4e00000,0x00000000e4e00000)
  from space 6656K, 99% used [0x00000000e4e00000,0x00000000e547a5d8,0x00000000e5480000)
  to   space 11264K, 0% used [0x00000000e9f00000,0x00000000e9f00000,0x00000000eaa00000)
 ParOldGen       total 57344K, used 11017K [0x00000000a0000000, 0x00000000a3800000, 0x00000000e0000000)
  object space 57344K, 19% used [0x00000000a0000000,0x00000000a0ac27c8,0x00000000a3800000)
 Metaspace       used 32089K, capacity 32614K, committed 33024K, reserved 1077248K
  class space    used 4410K, capacity 4544K, committed 4608K, reserved 1048576K
Event: 7.419 GC heap after
Heap after GC invocations=7 (full 1):
 PSYoungGen      total 159744K, used 9715K [0x00000000e0000000, 0x00000000ea900000, 0x0000000100000000)
  eden space 149504K, 0% used [0x00000000e0000000,0x00000000e0000000,0x00000000e9200000)
  from space 10240K, 94% used [0x00000000e9f00000,0x00000000ea87cec8,0x00000000ea900000)
  to   space 11776K, 0% used [0x00000000e9200000,0x00000000e9200000,0x00000000e9d80000)
 ParOldGen       total 57344K, used 11025K [0x00000000a0000000, 0x00000000a3800000, 0x00000000e0000000)
  object space 57344K, 19% used [0x00000000a0000000,0x00000000a0ac47c8,0x00000000a3800000)
 Metaspace       used 32089K, capacity 32614K, committed 33024K, reserved 1077248K
  class space    used 4410K, capacity 4544K, committed 4608K, reserved 1048576K
}
Event: 7.859 GC heap before
{Heap before GC invocations=8 (full 1):
 PSYoungGen      total 159744K, used 43922K [0x00000000e0000000, 0x00000000ea900000, 0x0000000100000000)
  eden space 149504K, 22% used [0x00000000e0000000,0x00000000e2167ac0,0x00000000e9200000)
  from space 10240K, 94% used [0x00000000e9f00000,0x00000000ea87cec8,0x00000000ea900000)
  to   space 11776K, 0% used [0x00000000e9200000,0x00000000e9200000,0x00000000e9d80000)
 ParOldGen       total 57344K, used 11025K [0x00000000a0000000, 0x00000000a3800000, 0x00000000e0000000)
  object space 57344K, 19% used [0x00000000a0000000,0x00000000a0ac47c8,0x00000000a3800000)
 Metaspace       used 34465K, capacity 35018K, committed 35456K, reserved 1079296K
  class space    used 4706K, capacity 4870K, committed 4992K, reserved 1048576K
Event: 7.903 GC heap after
Heap after GC invocations=8 (full 1):
 PSYoungGen      total 161280K, used 9255K [0x00000000e0000000, 0x00000000f2600000, 0x0000000100000000)
  eden space 149504K, 0% used [0x00000000e0000000,0x00000000e0000000,0x00000000e9200000)
  from space 11776K, 78% used [0x00000000e9200000,0x00000000e9b09f88,0x00000000e9d80000)
  to   space 11776K, 0% used [0x00000000f1a80000,0x00000000f1a80000,0x00000000f2600000)
 ParOldGen       total 57344K, used 11033K [0x00000000a0000000, 0x00000000a3800000, 0x00000000e0000000)
  object space 57344K, 19% used [0x00000000a0000000,0x00000000a0ac67c8,0x00000000a3800000)
 Metaspace       used 34465K, capacity 35018K, committed 35456K, reserved 1079296K
  class space    used 4706K, capacity 4870K, committed 4992K, reserved 1048576K
}
Event: 7.903 GC heap before
{Heap before GC invocations=9 (full 2):
 PSYoungGen      total 161280K, used 9255K [0x00000000e0000000, 0x00000000f2600000, 0x0000000100000000)
  eden space 149504K, 0% used [0x00000000e0000000,0x00000000e0000000,0x00000000e9200000)
  from space 11776K, 78% used [0x00000000e9200000,0x00000000e9b09f88,0x00000000e9d80000)
  to   space 11776K, 0% used [0x00000000f1a80000,0x00000000f1a80000,0x00000000f2600000)
 ParOldGen       total 57344K, used 11033K [0x00000000a0000000, 0x00000000a3800000, 0x00000000e0000000)
  object space 57344K, 19% used [0x00000000a0000000,0x00000000a0ac67c8,0x00000000a3800000)
 Metaspace       used 34465K, capacity 35018K, committed 35456K, reserved 1079296K
  class space    used 4706K, capacity 4870K, committed 4992K, reserved 1048576K
Event: 8.044 GC heap after
Heap after GC invocations=9 (full 2):
 PSYoungGen      total 161280K, used 0K [0x00000000e0000000, 0x00000000f2600000, 0x0000000100000000)
  eden space 149504K, 0% used [0x00000000e0000000,0x00000000e0000000,0x00000000e9200000)
  from space 11776K, 0% used [0x00000000e9200000,0x00000000e9200000,0x00000000e9d80000)
  to   space 11776K, 0% used [0x00000000f1a80000,0x00000000f1a80000,0x00000000f2600000)
 ParOldGen       total 71168K, used 15502K [0x00000000a0000000, 0x00000000a4580000, 0x00000000e0000000)
  object space 71168K, 21% used [0x00000000a0000000,0x00000000a0f23890,0x00000000a4580000)
 Metaspace       used 34465K, capacity 35018K, committed 35456K, reserved 1079296K
  class space    used 4706K, capacity 4870K, committed 4992K, reserved 1048576K
}
Event: 10.199 GC heap before
{Heap before GC invocations=10 (full 2):
 PSYoungGen      total 161280K, used 131214K [0x00000000e0000000, 0x00000000f2600000, 0x0000000100000000)
  eden space 149504K, 87% used [0x00000000e0000000,0x00000000e8023a08,0x00000000e9200000)
  from space 11776K, 0% used [0x00000000e9200000,0x00000000e9200000,0x00000000e9d80000)
  to   space 11776K, 0% used [0x00000000f1a80000,0x00000000f1a80000,0x00000000f2600000)
 ParOldGen       total 71168K, used 15502K [0x00000000a0000000, 0x00000000a4580000, 0x00000000e0000000)
  object space 71168K, 21% used [0x00000000a0000000,0x00000000a0f23890,0x00000000a4580000)
 Metaspace       used 45102K, capacity 46008K, committed 46336K, reserved 1089536K
  class space    used 6144K, capacity 6360K, committed 6400K, reserved 1048576K
Event: 10.227 GC heap after
Heap after GC invocations=10 (full 2):
 PSYoungGen      total 283136K, used 11758K [0x00000000e0000000, 0x00000000f2600000, 0x0000000100000000)
  eden space 271360K, 0% used [0x00000000e0000000,0x00000000e0000000,0x00000000f0900000)
  from space 11776K, 99% used [0x00000000f1a80000,0x00000000f25fb990,0x00000000f2600000)
  to   space 13824K, 0% used [0x00000000f0b00000,0x00000000f0b00000,0x00000000f1880000)
 ParOldGen       total 71168K, used 17012K [0x00000000a0000000, 0x00000000a4580000, 0x00000000e0000000)
  object space 71168K, 23% used [0x00000000a0000000,0x00000000a109d318,0x00000000a4580000)
 Metaspace       used 45102K, capacity 46008K, committed 46336K, reserved 1089536K
  class space    used 6144K, capacity 6360K, committed 6400K, reserved 1048576K
}
Event: 10.228 GC heap before
{Heap before GC invocations=11 (full 3):
 PSYoungGen      total 283136K, used 11758K [0x00000000e0000000, 0x00000000f2600000, 0x0000000100000000)
  eden space 271360K, 0% used [0x00000000e0000000,0x00000000e0000000,0x00000000f0900000)
  from space 11776K, 99% used [0x00000000f1a80000,0x00000000f25fb990,0x00000000f2600000)
  to   space 13824K, 0% used [0x00000000f0b00000,0x00000000f0b00000,0x00000000f1880000)
 ParOldGen       total 71168K, used 17012K [0x00000000a0000000, 0x00000000a4580000, 0x00000000e0000000)
  object space 71168K, 23% used [0x00000000a0000000,0x00000000a109d318,0x00000000a4580000)
 Metaspace       used 45102K, capacity 46008K, committed 46336K, reserved 1089536K
  class space    used 6144K, capacity 6360K, committed 6400K, reserved 1048576K
Event: 10.455 GC heap after
Heap after GC invocations=11 (full 3):
 PSYoungGen      total 283136K, used 0K [0x00000000e0000000, 0x00000000f2600000, 0x0000000100000000)
  eden space 271360K, 0% used [0x00000000e0000000,0x00000000e0000000,0x00000000f0900000)
  from space 11776K, 0% used [0x00000000f1a80000,0x00000000f1a80000,0x00000000f2600000)
  to   space 13824K, 0% used [0x00000000f0b00000,0x00000000f0b00000,0x00000000f1880000)
 ParOldGen       total 71168K, used 24537K [0x00000000a0000000, 0x00000000a4580000, 0x00000000e0000000)
  object space 71168K, 34% used [0x00000000a0000000,0x00000000a17f65e8,0x00000000a4580000)
 Metaspace       used 45102K, capacity 46008K, committed 46336K, reserved 1089536K
  class space    used 6144K, capacity 6360K, committed 6400K, reserved 1048576K
}

