# JRE version: Java(TM) SE Runtime Environment (8.0_73-b02) (build 1.8.0_73-b02)
# Java VM: Java HotSpot(TM) 64-Bit Server VM (25.73-b02 mixed mode windows-amd64 compressed oops)
Heap:
 PSYoungGen      total 166400K, used 55836K [0x00000000e0000000, 0x00000000f0c80000, 0x0000000100000000)
  eden space 153088K, 27% used [0x00000000e0000000,0x00000000e2987af8,0x00000000e9580000)
  from space 13312K, 99% used [0x00000000e9580000,0x00000000ea27f878,0x00000000ea280000)
  to   space 15872K, 0% used [0x00000000efd00000,0x00000000efd00000,0x00000000f0c80000)
 ParOldGen       total 114688K, used 18034K [0x00000000a0000000, 0x00000000a7000000, 0x00000000e0000000)
  object space 114688K, 15% used [0x00000000a0000000,0x00000000a119cb30,0x00000000a7000000)
 Metaspace       used 48217K, capacity 49504K, committed 49792K, reserved 1091584K
  class space    used 6670K, capacity 6958K, committed 7040K, reserved 1048576K
GC Heap History (10 events):
Event: 6.728 GC heap before
{Heap before GC invocations=5 (full 1):
 PSYoungGen      total 86528K, used 79872K [0x00000000e0000000, 0x00000000ea900000, 0x0000000100000000)
  eden space 79872K, 100% used [0x00000000e0000000,0x00000000e4e00000,0x00000000e4e00000)
  from space 6656K, 0% used [0x00000000e4e00000,0x00000000e4e00000,0x00000000e5480000)
  to   space 6656K, 0% used [0x00000000ea280000,0x00000000ea280000,0x00000000ea900000)
 ParOldGen       total 81408K, used 10550K [0x00000000a0000000, 0x00000000a4f80000, 0x00000000e0000000)
  object space 81408K, 12% used [0x00000000a0000000,0x00000000a0a4d970,0x00000000a4f80000)
 Metaspace       used 27265K, capacity 27938K, committed 28160K, reserved 1073152K
  class space    used 3852K, capacity 4033K, committed 4096K, reserved 1048576K
Event: 6.745 GC heap after
Heap after GC invocations=5 (full 1):
 PSYoungGen      total 115712K, used 6645K [0x00000000e0000000, 0x00000000ea900000, 0x0000000100000000)
  eden space 109056K, 0% used [0x00000000e0000000,0x00000000e0000000,0x00000000e6a80000)
  from space 6656K, 99% used [0x00000000ea280000,0x00000000ea8fd548,0x00000000ea900000)
  to   space 6656K, 0% used [0x00000000e9c00000,0x00000000e9c00000,0x00000000ea280000)
 ParOldGen       total 81408K, used 12818K [0x00000000a0000000, 0x00000000a4f80000, 0x00000000e0000000)
  object space 81408K, 15% used [0x00000000a0000000,0x00000000a0c84a10,0x00000000a4f80000)
 Metaspace       used 27265K, capacity 27938K, committed 28160K, reserved 1073152K
  class space    used 3852K, capacity 4033K, committed 4096K, reserved 1048576K
}
Event: 8.490 GC heap before
{Heap before GC invocations=6 (full 1):
 PSYoungGen      total 115712K, used 115701K [0x00000000e0000000, 0x00000000ea900000, 0x0000000100000000)
  eden space 109056K, 100% used [0x00000000e0000000,0x00000000e6a80000,0x00000000e6a80000)
  from space 6656K, 99% used [0x00000000ea280000,0x00000000ea8fd548,0x00000000ea900000)
  to   space 6656K, 0% used [0x00000000e9c00000,0x00000000e9c00000,0x00000000ea280000)
 ParOldGen       total 81408K, used 12818K [0x00000000a0000000, 0x00000000a4f80000, 0x00000000e0000000)
  object space 81408K, 15% used [0x00000000a0000000,0x00000000a0c84a10,0x00000000a4f80000)
 Metaspace       used 33780K, capacity 34492K, committed 34944K, reserved 1079296K
  class space    used 4659K, capacity 4873K, committed 4992K, reserved 1048576K
Event: 8.518 GC heap after
Heap after GC invocations=6 (full 1):
 PSYoungGen      total 155648K, used 6624K [0x00000000e0000000, 0x00000000eab80000, 0x0000000100000000)
  eden space 148992K, 0% used [0x00000000e0000000,0x00000000e0000000,0x00000000e9180000)
  from space 6656K, 99% used [0x00000000e9c00000,0x00000000ea278020,0x00000000ea280000)
  to   space 9216K, 0% used [0x00000000ea280000,0x00000000ea280000,0x00000000eab80000)
 ParOldGen       total 81408K, used 17665K [0x00000000a0000000, 0x00000000a4f80000, 0x00000000e0000000)
  object space 81408K, 21% used [0x00000000a0000000,0x00000000a1140570,0x00000000a4f80000)
 Metaspace       used 33780K, capacity 34492K, committed 34944K, reserved 1079296K
  class space    used 4659K, capacity 4873K, committed 4992K, reserved 1048576K
}
Event: 8.637 GC heap before
{Heap before GC invocations=7 (full 1):
 PSYoungGen      total 155648K, used 15110K [0x00000000e0000000, 0x00000000eab80000, 0x0000000100000000)
  eden space 148992K, 5% used [0x00000000e0000000,0x00000000e08498b0,0x00000000e9180000)
  from space 6656K, 99% used [0x00000000e9c00000,0x00000000ea278020,0x00000000ea280000)
  to   space 9216K, 0% used [0x00000000ea280000,0x00000000ea280000,0x00000000eab80000)
 ParOldGen       total 81408K, used 17665K [0x00000000a0000000, 0x00000000a4f80000, 0x00000000e0000000)
  object space 81408K, 21% used [0x00000000a0000000,0x00000000a1140570,0x00000000a4f80000)
 Metaspace       used 34455K, capacity 35150K, committed 35456K, reserved 1079296K
  class space    used 4744K, capacity 4940K, committed 4992K, reserved 1048576K
Event: 8.653 GC heap after
Heap after GC invocations=7 (full 1):
 PSYoungGen      total 162304K, used 8183K [0x00000000e0000000, 0x00000000f0580000, 0x0000000100000000)
  eden space 153088K, 0% used [0x00000000e0000000,0x00000000e0000000,0x00000000e9580000)
  from space 9216K, 88% used [0x00000000ea280000,0x00000000eaa7df98,0x00000000eab80000)
  to   space 13312K, 0% used [0x00000000e9580000,0x00000000e9580000,0x00000000ea280000)
 ParOldGen       total 81408K, used 17665K [0x00000000a0000000, 0x00000000a4f80000, 0x00000000e0000000)
  object space 81408K, 21% used [0x00000000a0000000,0x00000000a1140570,0x00000000a4f80000)
 Metaspace       used 34455K, capacity 35150K, committed 35456K, reserved 1079296K
  class space    used 4744K, capacity 4940K, committed 4992K, reserved 1048576K
}
Event: 8.653 GC heap before
{Heap before GC invocations=8 (full 2):
 PSYoungGen      total 162304K, used 8183K [0x00000000e0000000, 0x00000000f0580000, 0x0000000100000000)
  eden space 153088K, 0% used [0x00000000e0000000,0x00000000e0000000,0x00000000e9580000)
  from space 9216K, 88% used [0x00000000ea280000,0x00000000eaa7df98,0x00000000eab80000)
  to   space 13312K, 0% used [0x00000000e9580000,0x00000000e9580000,0x00000000ea280000)
 ParOldGen       total 81408K, used 17665K [0x00000000a0000000, 0x00000000a4f80000, 0x00000000e0000000)
  object space 81408K, 21% used [0x00000000a0000000,0x00000000a1140570,0x00000000a4f80000)
 Metaspace       used 34455K, capacity 35150K, committed 35456K, reserved 1079296K
  class space    used 4744K, capacity 4940K, committed 4992K, reserved 1048576K
Event: 8.760 GC heap after
Heap after GC invocations=8 (full 2):
 PSYoungGen      total 162304K, used 0K [0x00000000e0000000, 0x00000000f0580000, 0x0000000100000000)
  eden space 153088K, 0% used [0x00000000e0000000,0x00000000e0000000,0x00000000e9580000)
  from space 9216K, 0% used [0x00000000ea280000,0x00000000ea280000,0x00000000eab80000)
  to   space 13312K, 0% used [0x00000000e9580000,0x00000000e9580000,0x00000000ea280000)
 ParOldGen       total 114688K, used 15848K [0x00000000a0000000, 0x00000000a7000000, 0x00000000e0000000)
  object space 114688K, 13% used [0x00000000a0000000,0x00000000a0f7a1e8,0x00000000a7000000)
 Metaspace       used 34455K, capacity 35150K, committed 35456K, reserved 1079296K
  class space    used 4744K, capacity 4940K, committed 4992K, reserved 1048576K
}
Event: 10.938 GC heap before
{Heap before GC invocations=9 (full 2):
 PSYoungGen      total 162304K, used 153088K [0x00000000e0000000, 0x00000000f0580000, 0x0000000100000000)
  eden space 153088K, 100% used [0x00000000e0000000,0x00000000e9580000,0x00000000e9580000)
  from space 9216K, 0% used [0x00000000ea280000,0x00000000ea280000,0x00000000eab80000)
  to   space 13312K, 0% used [0x00000000e9580000,0x00000000e9580000,0x00000000ea280000)
 ParOldGen       total 114688K, used 15848K [0x00000000a0000000, 0x00000000a7000000, 0x00000000e0000000)
  object space 114688K, 13% used [0x00000000a0000000,0x00000000a0f7a1e8,0x00000000a7000000)
 Metaspace       used 45394K, capacity 46498K, committed 46592K, reserved 1089536K
  class space    used 6319K, capacity 6585K, committed 6656K, reserved 1048576K
Event: 11.045 GC heap after
Heap after GC invocations=9 (full 2):
 PSYoungGen      total 166400K, used 13310K [0x00000000e0000000, 0x00000000f0c80000, 0x0000000100000000)
  eden space 153088K, 0% used [0x00000000e0000000,0x00000000e0000000,0x00000000e9580000)
  from space 13312K, 99% used [0x00000000e9580000,0x00000000ea27f878,0x00000000ea280000)
  to   space 15872K, 0% used [0x00000000efd00000,0x00000000efd00000,0x00000000f0c80000)
 ParOldGen       total 114688K, used 18034K [0x00000000a0000000, 0x00000000a7000000, 0x00000000e0000000)
  object space 114688K, 15% used [0x00000000a0000000,0x00000000a119cb30,0x00000000a7000000)
 Metaspace       used 45394K, capacity 46498K, committed 46592K, reserved 1089536K
  class space    used 6319K, capacity 6585K, committed 6656K, reserved 1048576K
}

