# JRE version: Java(TM) SE Runtime Environment (8.0_73-b02) (build 1.8.0_73-b02)
# Java VM: Java HotSpot(TM) 64-Bit Server VM (25.73-b02 mixed mode windows-amd64 compressed oops)
Heap:
 PSYoungGen      total 86528K, used 49704K [0x00000000e0000000, 0x00000000e5b00000, 0x0000000100000000)
  eden space 79872K, 53% used [0x00000000e0000000,0x00000000e2a0f098,0x00000000e4e00000)
  from space 6656K, 99% used [0x00000000e5480000,0x00000000e5afb210,0x00000000e5b00000)
  to   space 6656K, 99% used [0x00000000e4e00000,0x00000000e5478020,0x00000000e5480000)
 ParOldGen       total 106496K, used 2913K [0x00000000a0000000, 0x00000000a6800000, 0x00000000e0000000)
  object space 106496K, 2% used [0x00000000a0000000,0x00000000a02d84c8,0x00000000a6800000)
 Metaspace       used 20789K, capacity 21242K, committed 21296K, reserved 1067008K
  class space    used 2779K, capacity 2921K, committed 2944K, reserved 1048576K
GC Heap History (5 events):
Event: 0.825 GC heap before
{Heap before GC invocations=1 (full 0):
 PSYoungGen      total 46592K, used 39936K [0x00000000e0000000, 0x00000000e3400000, 0x0000000100000000)
  eden space 39936K, 100% used [0x00000000e0000000,0x00000000e2700000,0x00000000e2700000)
  from space 6656K, 0% used [0x00000000e2d80000,0x00000000e2d80000,0x00000000e3400000)
  to   space 6656K, 0% used [0x00000000e2700000,0x00000000e2700000,0x00000000e2d80000)
 ParOldGen       total 106496K, used 0K [0x00000000a0000000, 0x00000000a6800000, 0x00000000e0000000)
  object space 106496K, 0% used [0x00000000a0000000,0x00000000a0000000,0x00000000a6800000)
 Metaspace       used 7426K, capacity 7696K, committed 7808K, reserved 1056768K
  class space    used 982K, capacity 1056K, committed 1152K, reserved 1048576K
Event: 0.844 GC heap after
Heap after GC invocations=1 (full 0):
 PSYoungGen      total 46592K, used 5095K [0x00000000e0000000, 0x00000000e5b00000, 0x0000000100000000)
  eden space 39936K, 0% used [0x00000000e0000000,0x00000000e0000000,0x00000000e2700000)
  from space 6656K, 76% used [0x00000000e2700000,0x00000000e2bf9d48,0x00000000e2d80000)
  to   space 6656K, 0% used [0x00000000e5480000,0x00000000e5480000,0x00000000e5b00000)
 ParOldGen       total 106496K, used 16K [0x00000000a0000000, 0x00000000a6800000, 0x00000000e0000000)
  object space 106496K, 0% used [0x00000000a0000000,0x00000000a0004000,0x00000000a6800000)
 Metaspace       used 7426K, capacity 7696K, committed 7808K, reserved 1056768K
  class space    used 982K, capacity 1056K, committed 1152K, reserved 1048576K
}
Event: 2.114 GC heap before
{Heap before GC invocations=2 (full 0):
 PSYoungGen      total 46592K, used 45031K [0x00000000e0000000, 0x00000000e5b00000, 0x0000000100000000)
  eden space 39936K, 100% used [0x00000000e0000000,0x00000000e2700000,0x00000000e2700000)
  from space 6656K, 76% used [0x00000000e2700000,0x00000000e2bf9d48,0x00000000e2d80000)
  to   space 6656K, 0% used [0x00000000e5480000,0x00000000e5480000,0x00000000e5b00000)
 ParOldGen       total 106496K, used 16K [0x00000000a0000000, 0x00000000a6800000, 0x00000000e0000000)
  object space 106496K, 0% used [0x00000000a0000000,0x00000000a0004000,0x00000000a6800000)
 Metaspace       used 16215K, capacity 16554K, committed 16640K, reserved 1062912K
  class space    used 2154K, capacity 2271K, committed 2304K, reserved 1048576K
Event: 2.122 GC heap after
Heap after GC invocations=2 (full 0):
 PSYoungGen      total 86528K, used 6636K [0x00000000e0000000, 0x00000000e5b00000, 0x0000000100000000)
  eden space 79872K, 0% used [0x00000000e0000000,0x00000000e0000000,0x00000000e4e00000)
  from space 6656K, 99% used [0x00000000e5480000,0x00000000e5afb210,0x00000000e5b00000)
  to   space 6656K, 0% used [0x00000000e4e00000,0x00000000e4e00000,0x00000000e5480000)
 ParOldGen       total 106496K, used 1763K [0x00000000a0000000, 0x00000000a6800000, 0x00000000e0000000)
  object space 106496K, 1% used [0x00000000a0000000,0x00000000a01b8ca8,0x00000000a6800000)
 Metaspace       used 16215K, capacity 16554K, committed 16640K, reserved 1062912K
  class space    used 2154K, capacity 2271K, committed 2304K, reserved 1048576K
}
Event: 3.505 GC heap before
{Heap before GC invocations=3 (full 0):
 PSYoungGen      total 86528K, used 49704K [0x00000000e0000000, 0x00000000e5b00000, 0x0000000100000000)
  eden space 79872K, 53% used [0x00000000e0000000,0x00000000e2a0f098,0x00000000e4e00000)
  from space 6656K, 99% used [0x00000000e5480000,0x00000000e5afb210,0x00000000e5b00000)
  to   space 6656K, 0% used [0x00000000e4e00000,0x00000000e4e00000,0x00000000e5480000)
 ParOldGen       total 106496K, used 1763K [0x00000000a0000000, 0x00000000a6800000, 0x00000000e0000000)
  object space 106496K, 1% used [0x00000000a0000000,0x00000000a01b8ca8,0x00000000a6800000)
 Metaspace       used 20789K, capacity 21242K, committed 21296K, reserved 1067008K
  class space    used 2779K, capacity 2921K, committed 2944K, reserved 1048576K

