# JRE version: Java(TM) SE Runtime Environment (8.0_73-b02) (build 1.8.0_73-b02)
# Java VM: Java HotSpot(TM) 64-Bit Server VM (25.73-b02 mixed mode windows-amd64 compressed oops)
Heap:
 PSYoungGen      total 161280K, used 128203K [0x00000000e0000000, 0x00000000ea980000, 0x0000000100000000)
  eden space 148992K, 86% used [0x00000000e0000000,0x00000000e7d32c20,0x00000000e9180000)
  from space 12288K, 0% used [0x00000000e9180000,0x00000000e9180000,0x00000000e9d80000)
  to   space 12288K, 0% used [0x00000000e9d80000,0x00000000e9d80000,0x00000000ea980000)
 ParOldGen       total 58880K, used 12737K [0x00000000a0000000, 0x00000000a3980000, 0x00000000e0000000)
  object space 58880K, 21% used [0x00000000a0000000,0x00000000a0c70668,0x00000000a3980000)
 Metaspace       used 43483K, capacity 44448K, committed 44800K, reserved 1087488K
  class space    used 5882K, capacity 6128K, committed 6144K, reserved 1048576K
GC Heap History (10 events):
Event: 5.587 GC heap before
{Heap before GC invocations=5 (full 1):
 PSYoungGen      total 86528K, used 6640K [0x00000000e0000000, 0x00000000e5b00000, 0x0000000100000000)
  eden space 79872K, 0% used [0x00000000e0000000,0x00000000e0000000,0x00000000e4e00000)
  from space 6656K, 99% used [0x00000000e5480000,0x00000000e5afc010,0x00000000e5b00000)
  to   space 6656K, 0% used [0x00000000e4e00000,0x00000000e4e00000,0x00000000e5480000)
 ParOldGen       total 106496K, used 5820K [0x00000000a0000000, 0x00000000a6800000, 0x00000000e0000000)
  object space 106496K, 5% used [0x00000000a0000000,0x00000000a05af258,0x00000000a6800000)
 Metaspace       used 20758K, capacity 21210K, committed 21296K, reserved 1067008K
  class space    used 2759K, capacity 2889K, committed 2944K, reserved 1048576K
Event: 5.696 GC heap after
Heap after GC invocations=5 (full 1):
 PSYoungGen      total 86528K, used 0K [0x00000000e0000000, 0x00000000e5b00000, 0x0000000100000000)
  eden space 79872K, 0% used [0x00000000e0000000,0x00000000e0000000,0x00000000e4e00000)
  from space 6656K, 0% used [0x00000000e5480000,0x00000000e5480000,0x00000000e5b00000)
  to   space 6656K, 0% used [0x00000000e4e00000,0x00000000e4e00000,0x00000000e5480000)
 ParOldGen       total 58880K, used 10465K [0x00000000a0000000, 0x00000000a3980000, 0x00000000e0000000)
  object space 58880K, 17% used [0x00000000a0000000,0x00000000a0a384a8,0x00000000a3980000)
 Metaspace       used 20758K, capacity 21210K, committed 21296K, reserved 1067008K
  class space    used 2759K, capacity 2889K, committed 2944K, reserved 1048576K
}
Event: 7.746 GC heap before
{Heap before GC invocations=6 (full 1):
 PSYoungGen      total 86528K, used 79872K [0x00000000e0000000, 0x00000000e5b00000, 0x0000000100000000)
  eden space 79872K, 100% used [0x00000000e0000000,0x00000000e4e00000,0x00000000e4e00000)
  from space 6656K, 0% used [0x00000000e5480000,0x00000000e5480000,0x00000000e5b00000)
  to   space 6656K, 0% used [0x00000000e4e00000,0x00000000e4e00000,0x00000000e5480000)
 ParOldGen       total 58880K, used 10465K [0x00000000a0000000, 0x00000000a3980000, 0x00000000e0000000)
  object space 58880K, 17% used [0x00000000a0000000,0x00000000a0a384a8,0x00000000a3980000)
 Metaspace       used 27354K, capacity 27986K, committed 28160K, reserved 1073152K
  class space    used 3842K, capacity 4033K, committed 4096K, reserved 1048576K
Event: 7.756 GC heap after
Heap after GC invocations=6 (full 1):
 PSYoungGen      total 86528K, used 6651K [0x00000000e0000000, 0x00000000eaa80000, 0x0000000100000000)
  eden space 79872K, 0% used [0x00000000e0000000,0x00000000e0000000,0x00000000e4e00000)
  from space 6656K, 99% used [0x00000000e4e00000,0x00000000e547ecf8,0x00000000e5480000)
  to   space 11776K, 0% used [0x00000000e9f00000,0x00000000e9f00000,0x00000000eaa80000)
 ParOldGen       total 58880K, used 12872K [0x00000000a0000000, 0x00000000a3980000, 0x00000000e0000000)
  object space 58880K, 21% used [0x00000000a0000000,0x00000000a0c920f8,0x00000000a3980000)
 Metaspace       used 27354K, capacity 27986K, committed 28160K, reserved 1073152K
  class space    used 3842K, capacity 4033K, committed 4096K, reserved 1048576K
}
Event: 13.260 GC heap before
{Heap before GC invocations=7 (full 1):
 PSYoungGen      total 86528K, used 86523K [0x00000000e0000000, 0x00000000eaa80000, 0x0000000100000000)
  eden space 79872K, 100% used [0x00000000e0000000,0x00000000e4e00000,0x00000000e4e00000)
  from space 6656K, 99% used [0x00000000e4e00000,0x00000000e547ecf8,0x00000000e5480000)
  to   space 11776K, 0% used [0x00000000e9f00000,0x00000000e9f00000,0x00000000eaa80000)
 ParOldGen       total 58880K, used 12872K [0x00000000a0000000, 0x00000000a3980000, 0x00000000e0000000)
  object space 58880K, 21% used [0x00000000a0000000,0x00000000a0c920f8,0x00000000a3980000)
 Metaspace       used 32951K, capacity 33548K, committed 33920K, reserved 1079296K
  class space    used 4533K, capacity 4713K, committed 4736K, reserved 1048576K
Event: 13.469 GC heap after
Heap after GC invocations=7 (full 1):
 PSYoungGen      total 159744K, used 9969K [0x00000000e0000000, 0x00000000ea980000, 0x0000000100000000)
  eden space 148992K, 0% used [0x00000000e0000000,0x00000000e0000000,0x00000000e9180000)
  from space 10752K, 92% used [0x00000000e9f00000,0x00000000ea8bc778,0x00000000ea980000)
  to   space 12288K, 0% used [0x00000000e9180000,0x00000000e9180000,0x00000000e9d80000)
 ParOldGen       total 58880K, used 12880K [0x00000000a0000000, 0x00000000a3980000, 0x00000000e0000000)
  object space 58880K, 21% used [0x00000000a0000000,0x00000000a0c940f8,0x00000000a3980000)
 Metaspace       used 32951K, capacity 33548K, committed 33920K, reserved 1079296K
  class space    used 4533K, capacity 4713K, committed 4736K, reserved 1048576K
}
Event: 13.844 GC heap before
{Heap before GC invocations=8 (full 1):
 PSYoungGen      total 159744K, used 19256K [0x00000000e0000000, 0x00000000ea980000, 0x0000000100000000)
  eden space 148992K, 6% used [0x00000000e0000000,0x00000000e09118b8,0x00000000e9180000)
  from space 10752K, 92% used [0x00000000e9f00000,0x00000000ea8bc778,0x00000000ea980000)
  to   space 12288K, 0% used [0x00000000e9180000,0x00000000e9180000,0x00000000e9d80000)
 ParOldGen       total 58880K, used 12880K [0x00000000a0000000, 0x00000000a3980000, 0x00000000e0000000)
  object space 58880K, 21% used [0x00000000a0000000,0x00000000a0c940f8,0x00000000a3980000)
 Metaspace       used 34024K, capacity 34700K, committed 35072K, reserved 1079296K
  class space    used 4641K, capacity 4841K, committed 4864K, reserved 1048576K
Event: 13.853 GC heap after
Heap after GC invocations=8 (full 1):
 PSYoungGen      total 161280K, used 5937K [0x00000000e0000000, 0x00000000ea980000, 0x0000000100000000)
  eden space 148992K, 0% used [0x00000000e0000000,0x00000000e0000000,0x00000000e9180000)
  from space 12288K, 48% used [0x00000000e9180000,0x00000000e974c570,0x00000000e9d80000)
  to   space 12288K, 0% used [0x00000000e9d80000,0x00000000e9d80000,0x00000000ea980000)
 ParOldGen       total 58880K, used 12888K [0x00000000a0000000, 0x00000000a3980000, 0x00000000e0000000)
  object space 58880K, 21% used [0x00000000a0000000,0x00000000a0c960f8,0x00000000a3980000)
 Metaspace       used 34024K, capacity 34700K, committed 35072K, reserved 1079296K
  class space    used 4641K, capacity 4841K, committed 4864K, reserved 1048576K
}
Event: 13.853 GC heap before
{Heap before GC invocations=9 (full 2):
 PSYoungGen      total 161280K, used 5937K [0x00000000e0000000, 0x00000000ea980000, 0x0000000100000000)
  eden space 148992K, 0% used [0x00000000e0000000,0x00000000e0000000,0x00000000e9180000)
  from space 12288K, 48% used [0x00000000e9180000,0x00000000e974c570,0x00000000e9d80000)
  to   space 12288K, 0% used [0x00000000e9d80000,0x00000000e9d80000,0x00000000ea980000)
 ParOldGen       total 58880K, used 12888K [0x00000000a0000000, 0x00000000a3980000, 0x00000000e0000000)
  object space 58880K, 21% used [0x00000000a0000000,0x00000000a0c960f8,0x00000000a3980000)
 Metaspace       used 34024K, capacity 34700K, committed 35072K, reserved 1079296K
  class space    used 4641K, capacity 4841K, committed 4864K, reserved 1048576K
Event: 13.954 GC heap after
Heap after GC invocations=9 (full 2):
 PSYoungGen      total 161280K, used 0K [0x00000000e0000000, 0x00000000ea980000, 0x0000000100000000)
  eden space 148992K, 0% used [0x00000000e0000000,0x00000000e0000000,0x00000000e9180000)
  from space 12288K, 0% used [0x00000000e9180000,0x00000000e9180000,0x00000000e9d80000)
  to   space 12288K, 0% used [0x00000000e9d80000,0x00000000e9d80000,0x00000000ea980000)
 ParOldGen       total 58880K, used 12737K [0x00000000a0000000, 0x00000000a3980000, 0x00000000e0000000)
  object space 58880K, 21% used [0x00000000a0000000,0x00000000a0c70668,0x00000000a3980000)
 Metaspace       used 34024K, capacity 34700K, committed 35072K, reserved 1079296K
  class space    used 4641K, capacity 4841K, committed 4864K, reserved 1048576K
}

