# JRE version: Java(TM) SE Runtime Environment (8.0_73-b02) (build 1.8.0_73-b02)
# Java VM: Java HotSpot(TM) 64-Bit Server VM (25.73-b02 mixed mode windows-amd64 compressed oops)
Heap:
 PSYoungGen      total 166400K, used 108707K [0x00000000e0000000, 0x00000000f1c80000, 0x0000000100000000)
  eden space 159744K, 68% used [0x00000000e0000000,0x00000000e6a28c80,0x00000000e9c00000)
  from space 6656K, 0% used [0x00000000e9c00000,0x00000000e9c00000,0x00000000ea280000)
  to   space 14848K, 0% used [0x00000000f0e00000,0x00000000f0e00000,0x00000000f1c80000)
 ParOldGen       total 90112K, used 20293K [0x00000000a0000000, 0x00000000a5800000, 0x00000000e0000000)
  object space 90112K, 22% used [0x00000000a0000000,0x00000000a13d1418,0x00000000a5800000)
 Metaspace       used 43517K, capacity 44496K, committed 44672K, reserved 1087488K
  class space    used 6000K, capacity 6244K, committed 6272K, reserved 1048576K
GC Heap History (10 events):
Event: 7.689 GC heap before
{Heap before GC invocations=3 (full 0):
 PSYoungGen      total 86528K, used 50368K [0x00000000e0000000, 0x00000000e5b00000, 0x0000000100000000)
  eden space 79872K, 54% used [0x00000000e0000000,0x00000000e2ab1140,0x00000000e4e00000)
  from space 6656K, 99% used [0x00000000e5480000,0x00000000e5aff130,0x00000000e5b00000)
  to   space 6656K, 0% used [0x00000000e4e00000,0x00000000e4e00000,0x00000000e5480000)
 ParOldGen       total 106496K, used 1902K [0x00000000a0000000, 0x00000000a6800000, 0x00000000e0000000)
  object space 106496K, 1% used [0x00000000a0000000,0x00000000a01dbbc0,0x00000000a6800000)
 Metaspace       used 20789K, capacity 21258K, committed 21296K, reserved 1067008K
  class space    used 2777K, capacity 2921K, committed 2944K, reserved 1048576K
Event: 7.726 GC heap after
Heap after GC invocations=3 (full 0):
 PSYoungGen      total 86528K, used 6640K [0x00000000e0000000, 0x00000000ea900000, 0x0000000100000000)
  eden space 79872K, 0% used [0x00000000e0000000,0x00000000e0000000,0x00000000e4e00000)
  from space 6656K, 99% used [0x00000000e4e00000,0x00000000e547c050,0x00000000e5480000)
  to   space 6656K, 0% used [0x00000000ea280000,0x00000000ea280000,0x00000000ea900000)
 ParOldGen       total 106496K, used 6077K [0x00000000a0000000, 0x00000000a6800000, 0x00000000e0000000)
  object space 106496K, 5% used [0x00000000a0000000,0x00000000a05ef610,0x00000000a6800000)
 Metaspace       used 20789K, capacity 21258K, committed 21296K, reserved 1067008K
  class space    used 2777K, capacity 2921K, committed 2944K, reserved 1048576K
}
Event: 7.726 GC heap before
{Heap before GC invocations=4 (full 1):
 PSYoungGen      total 86528K, used 6640K [0x00000000e0000000, 0x00000000ea900000, 0x0000000100000000)
  eden space 79872K, 0% used [0x00000000e0000000,0x00000000e0000000,0x00000000e4e00000)
  from space 6656K, 99% used [0x00000000e4e00000,0x00000000e547c050,0x00000000e5480000)
  to   space 6656K, 0% used [0x00000000ea280000,0x00000000ea280000,0x00000000ea900000)
 ParOldGen       total 106496K, used 6077K [0x00000000a0000000, 0x00000000a6800000, 0x00000000e0000000)
  object space 106496K, 5% used [0x00000000a0000000,0x00000000a05ef610,0x00000000a6800000)
 Metaspace       used 20789K, capacity 21258K, committed 21296K, reserved 1067008K
  class space    used 2777K, capacity 2921K, committed 2944K, reserved 1048576K
Event: 7.801 GC heap after
Heap after GC invocations=4 (full 1):
 PSYoungGen      total 86528K, used 0K [0x00000000e0000000, 0x00000000ea900000, 0x0000000100000000)
  eden space 79872K, 0% used [0x00000000e0000000,0x00000000e0000000,0x00000000e4e00000)
  from space 6656K, 0% used [0x00000000e4e00000,0x00000000e4e00000,0x00000000e5480000)
  to   space 6656K, 0% used [0x00000000ea280000,0x00000000ea280000,0x00000000ea900000)
 ParOldGen       total 62976K, used 10559K [0x00000000a0000000, 0x00000000a3d80000, 0x00000000e0000000)
  object space 62976K, 16% used [0x00000000a0000000,0x00000000a0a4fdd8,0x00000000a3d80000)
 Metaspace       used 20789K, capacity 21258K, committed 21296K, reserved 1067008K
  class space    used 2777K, capacity 2921K, committed 2944K, reserved 1048576K
}
Event: 9.056 GC heap before
{Heap before GC invocations=5 (full 1):
 PSYoungGen      total 86528K, used 79872K [0x00000000e0000000, 0x00000000ea900000, 0x0000000100000000)
  eden space 79872K, 100% used [0x00000000e0000000,0x00000000e4e00000,0x00000000e4e00000)
  from space 6656K, 0% used [0x00000000e4e00000,0x00000000e4e00000,0x00000000e5480000)
  to   space 6656K, 0% used [0x00000000ea280000,0x00000000ea280000,0x00000000ea900000)
 ParOldGen       total 62976K, used 10559K [0x00000000a0000000, 0x00000000a3d80000, 0x00000000e0000000)
  object space 62976K, 16% used [0x00000000a0000000,0x00000000a0a4fdd8,0x00000000a3d80000)
 Metaspace       used 27360K, capacity 28034K, committed 28160K, reserved 1073152K
  class space    used 3853K, capacity 4065K, committed 4096K, reserved 1048576K
Event: 9.106 GC heap after
Heap after GC invocations=5 (full 1):
 PSYoungGen      total 152064K, used 6655K [0x00000000e0000000, 0x00000000ea900000, 0x0000000100000000)
  eden space 145408K, 0% used [0x00000000e0000000,0x00000000e0000000,0x00000000e8e00000)
  from space 6656K, 99% used [0x00000000ea280000,0x00000000ea8ffdd0,0x00000000ea900000)
  to   space 6656K, 0% used [0x00000000e9c00000,0x00000000e9c00000,0x00000000ea280000)
 ParOldGen       total 62976K, used 12850K [0x00000000a0000000, 0x00000000a3d80000, 0x00000000e0000000)
  object space 62976K, 20% used [0x00000000a0000000,0x00000000a0c8c870,0x00000000a3d80000)
 Metaspace       used 27360K, capacity 28034K, committed 28160K, reserved 1073152K
  class space    used 3853K, capacity 4065K, committed 4096K, reserved 1048576K
}
Event: 11.074 GC heap before
{Heap before GC invocations=6 (full 1):
 PSYoungGen      total 152064K, used 125336K [0x00000000e0000000, 0x00000000ea900000, 0x0000000100000000)
  eden space 145408K, 81% used [0x00000000e0000000,0x00000000e73e6368,0x00000000e8e00000)
  from space 6656K, 99% used [0x00000000ea280000,0x00000000ea8ffdd0,0x00000000ea900000)
  to   space 6656K, 0% used [0x00000000e9c00000,0x00000000e9c00000,0x00000000ea280000)
 ParOldGen       total 62976K, used 12850K [0x00000000a0000000, 0x00000000a3d80000, 0x00000000e0000000)
  object space 62976K, 20% used [0x00000000a0000000,0x00000000a0c8c870,0x00000000a3d80000)
 Metaspace       used 34460K, capacity 35150K, committed 35456K, reserved 1079296K
  class space    used 4740K, capacity 4940K, committed 4992K, reserved 1048576K
Event: 11.125 GC heap after
Heap after GC invocations=6 (full 1):
 PSYoungGen      total 166400K, used 6632K [0x00000000e0000000, 0x00000000f1c80000, 0x0000000100000000)
  eden space 159744K, 0% used [0x00000000e0000000,0x00000000e0000000,0x00000000e9c00000)
  from space 6656K, 99% used [0x00000000e9c00000,0x00000000ea27a358,0x00000000ea280000)
  to   space 14848K, 0% used [0x00000000f0e00000,0x00000000f0e00000,0x00000000f1c80000)
 ParOldGen       total 62976K, used 19280K [0x00000000a0000000, 0x00000000a3d80000, 0x00000000e0000000)
  object space 62976K, 30% used [0x00000000a0000000,0x00000000a12d43f0,0x00000000a3d80000)
 Metaspace       used 34460K, capacity 35150K, committed 35456K, reserved 1079296K
  class space    used 4740K, capacity 4940K, committed 4992K, reserved 1048576K
}
Event: 11.125 GC heap before
{Heap before GC invocations=7 (full 2):
 PSYoungGen      total 166400K, used 6632K [0x00000000e0000000, 0x00000000f1c80000, 0x0000000100000000)
  eden space 159744K, 0% used [0x00000000e0000000,0x00000000e0000000,0x00000000e9c00000)
  from space 6656K, 99% used [0x00000000e9c00000,0x00000000ea27a358,0x00000000ea280000)
  to   space 14848K, 0% used [0x00000000f0e00000,0x00000000f0e00000,0x00000000f1c80000)
 ParOldGen       total 62976K, used 19280K [0x00000000a0000000, 0x00000000a3d80000, 0x00000000e0000000)
  object space 62976K, 30% used [0x00000000a0000000,0x00000000a12d43f0,0x00000000a3d80000)
 Metaspace       used 34460K, capacity 35150K, committed 35456K, reserved 1079296K
  class space    used 4740K, capacity 4940K, committed 4992K, reserved 1048576K
Event: 11.214 GC heap after
Heap after GC invocations=7 (full 2):
 PSYoungGen      total 166400K, used 0K [0x00000000e0000000, 0x00000000f1c80000, 0x0000000100000000)
  eden space 159744K, 0% used [0x00000000e0000000,0x00000000e0000000,0x00000000e9c00000)
  from space 6656K, 0% used [0x00000000e9c00000,0x00000000e9c00000,0x00000000ea280000)
  to   space 14848K, 0% used [0x00000000f0e00000,0x00000000f0e00000,0x00000000f1c80000)
 ParOldGen       total 90112K, used 20293K [0x00000000a0000000, 0x00000000a5800000, 0x00000000e0000000)
  object space 90112K, 22% used [0x00000000a0000000,0x00000000a13d1418,0x00000000a5800000)
 Metaspace       used 34460K, capacity 35150K, committed 35456K, reserved 1079296K
  class space    used 4740K, capacity 4940K, committed 4992K, reserved 1048576K
}

