# JRE version: Java(TM) SE Runtime Environment (8.0_73-b02) (build 1.8.0_73-b02)
# Java VM: Java HotSpot(TM) 64-Bit Server VM (25.73-b02 mixed mode windows-amd64 compressed oops)
Heap:
 PSYoungGen      total 281088K, used 42544K [0x00000000e0000000, 0x00000000f2680000, 0x0000000100000000)
  eden space 262656K, 16% used [0x00000000e0000000,0x00000000e298c3e8,0x00000000f0080000)
  from space 18432K, 0% used [0x00000000f1480000,0x00000000f1480000,0x00000000f2680000)
  to   space 19456K, 0% used [0x00000000f0080000,0x00000000f0080000,0x00000000f1380000)
 ParOldGen       total 105472K, used 49561K [0x00000000a0000000, 0x00000000a6700000, 0x00000000e0000000)
  object space 105472K, 46% used [0x00000000a0000000,0x00000000a3066570,0x00000000a6700000)
 Metaspace       used 59003K, capacity 61942K, committed 62208K, reserved 1101824K
  class space    used 8230K, capacity 8922K, committed 8960K, reserved 1048576K
GC Heap History (10 events):
Event: 14.223 GC heap before
{Heap before GC invocations=12 (full 2):
 PSYoungGen      total 177664K, used 30158K [0x00000000e0000000, 0x00000000ef680000, 0x0000000100000000)
  eden space 164352K, 10% used [0x00000000e0000000,0x00000000e107b900,0x00000000ea080000)
  from space 13312K, 99% used [0x00000000ea080000,0x00000000ead781f8,0x00000000ead80000)
  to   space 20480K, 0% used [0x00000000ee280000,0x00000000ee280000,0x00000000ef680000)
 ParOldGen       total 105472K, used 31170K [0x00000000a0000000, 0x00000000a6700000, 0x00000000e0000000)
  object space 105472K, 29% used [0x00000000a0000000,0x00000000a1e708a8,0x00000000a6700000)
 Metaspace       used 51442K, capacity 53366K, committed 53632K, reserved 1095680K
  class space    used 7248K, capacity 7694K, committed 7808K, reserved 1048576K
Event: 14.245 GC heap after
Heap after GC invocations=12 (full 2):
 PSYoungGen      total 231424K, used 15414K [0x00000000e0000000, 0x00000000ef780000, 0x0000000100000000)
  eden space 210944K, 0% used [0x00000000e0000000,0x00000000e0000000,0x00000000ece00000)
  from space 20480K, 75% used [0x00000000ee280000,0x00000000ef18db10,0x00000000ef680000)
  to   space 20992K, 0% used [0x00000000ece00000,0x00000000ece00000,0x00000000ee280000)
 ParOldGen       total 105472K, used 31178K [0x00000000a0000000, 0x00000000a6700000, 0x00000000e0000000)
  object space 105472K, 29% used [0x00000000a0000000,0x00000000a1e728a8,0x00000000a6700000)
 Metaspace       used 51442K, capacity 53366K, committed 53632K, reserved 1095680K
  class space    used 7248K, capacity 7694K, committed 7808K, reserved 1048576K
}
Event: 14.245 GC heap before
{Heap before GC invocations=13 (full 3):
 PSYoungGen      total 231424K, used 15414K [0x00000000e0000000, 0x00000000ef780000, 0x0000000100000000)
  eden space 210944K, 0% used [0x00000000e0000000,0x00000000e0000000,0x00000000ece00000)
  from space 20480K, 75% used [0x00000000ee280000,0x00000000ef18db10,0x00000000ef680000)
  to   space 20992K, 0% used [0x00000000ece00000,0x00000000ece00000,0x00000000ee280000)
 ParOldGen       total 105472K, used 31178K [0x00000000a0000000, 0x00000000a6700000, 0x00000000e0000000)
  object space 105472K, 29% used [0x00000000a0000000,0x00000000a1e728a8,0x00000000a6700000)
 Metaspace       used 51442K, capacity 53366K, committed 53632K, reserved 1095680K
  class space    used 7248K, capacity 7694K, committed 7808K, reserved 1048576K
Event: 14.543 GC heap after
Heap after GC invocations=13 (full 3):
 PSYoungGen      total 231424K, used 0K [0x00000000e0000000, 0x00000000ef780000, 0x0000000100000000)
  eden space 210944K, 0% used [0x00000000e0000000,0x00000000e0000000,0x00000000ece00000)
  from space 20480K, 0% used [0x00000000ee280000,0x00000000ee280000,0x00000000ef680000)
  to   space 20992K, 0% used [0x00000000ece00000,0x00000000ece00000,0x00000000ee280000)
 ParOldGen       total 105472K, used 39545K [0x00000000a0000000, 0x00000000a6700000, 0x00000000e0000000)
  object space 105472K, 37% used [0x00000000a0000000,0x00000000a269e628,0x00000000a6700000)
 Metaspace       used 51442K, capacity 53366K, committed 53632K, reserved 1095680K
  class space    used 7248K, capacity 7694K, committed 7808K, reserved 1048576K
}
Event: 106.337 GC heap before
{Heap before GC invocations=14 (full 3):
 PSYoungGen      total 231424K, used 210944K [0x00000000e0000000, 0x00000000ef780000, 0x0000000100000000)
  eden space 210944K, 100% used [0x00000000e0000000,0x00000000ece00000,0x00000000ece00000)
  from space 20480K, 0% used [0x00000000ee280000,0x00000000ee280000,0x00000000ef680000)
  to   space 20992K, 0% used [0x00000000ece00000,0x00000000ece00000,0x00000000ee280000)
 ParOldGen       total 105472K, used 39545K [0x00000000a0000000, 0x00000000a6700000, 0x00000000e0000000)
  object space 105472K, 37% used [0x00000000a0000000,0x00000000a269e628,0x00000000a6700000)
 Metaspace       used 57208K, capacity 59614K, committed 59776K, reserved 1099776K
  class space    used 7976K, capacity 8532K, committed 8576K, reserved 1048576K
Event: 106.360 GC heap after
Heap after GC invocations=14 (full 3):
 PSYoungGen      total 231936K, used 10741K [0x00000000e0000000, 0x00000000f2880000, 0x0000000100000000)
  eden space 210944K, 0% used [0x00000000e0000000,0x00000000e0000000,0x00000000ece00000)
  from space 20992K, 51% used [0x00000000ece00000,0x00000000ed87d4b8,0x00000000ee280000)
  to   space 20480K, 0% used [0x00000000f1480000,0x00000000f1480000,0x00000000f2880000)
 ParOldGen       total 105472K, used 39553K [0x00000000a0000000, 0x00000000a6700000, 0x00000000e0000000)
  object space 105472K, 37% used [0x00000000a0000000,0x00000000a26a0628,0x00000000a6700000)
 Metaspace       used 57208K, capacity 59614K, committed 59776K, reserved 1099776K
  class space    used 7976K, capacity 8532K, committed 8576K, reserved 1048576K
}
Event: 152.348 GC heap before
{Heap before GC invocations=15 (full 3):
 PSYoungGen      total 231936K, used 108523K [0x00000000e0000000, 0x00000000f2880000, 0x0000000100000000)
  eden space 210944K, 46% used [0x00000000e0000000,0x00000000e5f7da78,0x00000000ece00000)
  from space 20992K, 51% used [0x00000000ece00000,0x00000000ed87d4b8,0x00000000ee280000)
  to   space 20480K, 0% used [0x00000000f1480000,0x00000000f1480000,0x00000000f2880000)
 ParOldGen       total 105472K, used 39553K [0x00000000a0000000, 0x00000000a6700000, 0x00000000e0000000)
  object space 105472K, 37% used [0x00000000a0000000,0x00000000a26a0628,0x00000000a6700000)
 Metaspace       used 58883K, capacity 61766K, committed 61952K, reserved 1101824K
  class space    used 8225K, capacity 8914K, committed 8960K, reserved 1048576K
Event: 152.382 GC heap after
Heap after GC invocations=15 (full 3):
 PSYoungGen      total 281088K, used 10600K [0x00000000e0000000, 0x00000000f2680000, 0x0000000100000000)
  eden space 262656K, 0% used [0x00000000e0000000,0x00000000e0000000,0x00000000f0080000)
  from space 18432K, 57% used [0x00000000f1480000,0x00000000f1eda010,0x00000000f2680000)
  to   space 19456K, 0% used [0x00000000f0080000,0x00000000f0080000,0x00000000f1380000)
 ParOldGen       total 105472K, used 39561K [0x00000000a0000000, 0x00000000a6700000, 0x00000000e0000000)
  object space 105472K, 37% used [0x00000000a0000000,0x00000000a26a2628,0x00000000a6700000)
 Metaspace       used 58883K, capacity 61766K, committed 61952K, reserved 1101824K
  class space    used 8225K, capacity 8914K, committed 8960K, reserved 1048576K
}
Event: 152.382 GC heap before
{Heap before GC invocations=16 (full 4):
 PSYoungGen      total 281088K, used 10600K [0x00000000e0000000, 0x00000000f2680000, 0x0000000100000000)
  eden space 262656K, 0% used [0x00000000e0000000,0x00000000e0000000,0x00000000f0080000)
  from space 18432K, 57% used [0x00000000f1480000,0x00000000f1eda010,0x00000000f2680000)
  to   space 19456K, 0% used [0x00000000f0080000,0x00000000f0080000,0x00000000f1380000)
 ParOldGen       total 105472K, used 39561K [0x00000000a0000000, 0x00000000a6700000, 0x00000000e0000000)
  object space 105472K, 37% used [0x00000000a0000000,0x00000000a26a2628,0x00000000a6700000)
 Metaspace       used 58883K, capacity 61766K, committed 61952K, reserved 1101824K
  class space    used 8225K, capacity 8914K, committed 8960K, reserved 1048576K
Event: 153.600 GC heap after
Heap after GC invocations=16 (full 4):
 PSYoungGen      total 281088K, used 0K [0x00000000e0000000, 0x00000000f2680000, 0x0000000100000000)
  eden space 262656K, 0% used [0x00000000e0000000,0x00000000e0000000,0x00000000f0080000)
  from space 18432K, 0% used [0x00000000f1480000,0x00000000f1480000,0x00000000f2680000)
  to   space 19456K, 0% used [0x00000000f0080000,0x00000000f0080000,0x00000000f1380000)
 ParOldGen       total 105472K, used 49561K [0x00000000a0000000, 0x00000000a6700000, 0x00000000e0000000)
  object space 105472K, 46% used [0x00000000a0000000,0x00000000a3066570,0x00000000a6700000)
 Metaspace       used 58881K, capacity 61760K, committed 61952K, reserved 1101824K
  class space    used 8225K, capacity 8913K, committed 8960K, reserved 1048576K
}

