# JRE version: Java(TM) SE Runtime Environment (8.0_73-b02) (build 1.8.0_73-b02)
# Java VM: Java HotSpot(TM) 64-Bit Server VM (25.73-b02 mixed mode windows-amd64 compressed oops)
Heap:
 PSYoungGen      total 163840K, used 147101K [0x00000000e0000000, 0x00000000f2c80000, 0x0000000100000000)
  eden space 151552K, 97% used [0x00000000e0000000,0x00000000e8fa7638,0x00000000e9400000)
  from space 12288K, 0% used [0x00000000e9400000,0x00000000e9400000,0x00000000ea000000)
  to   space 12288K, 0% used [0x00000000f2080000,0x00000000f2080000,0x00000000f2c80000)
 ParOldGen       total 71680K, used 16641K [0x00000000a0000000, 0x00000000a4600000, 0x00000000e0000000)
  object space 71680K, 23% used [0x00000000a0000000,0x00000000a1040430,0x00000000a4600000)
 Metaspace       used 44862K, capacity 46036K, committed 46336K, reserved 1089536K
  class space    used 6251K, capacity 6544K, committed 6656K, reserved 1048576K
GC Heap History (10 events):
Event: 4.618 GC heap before
{Heap before GC invocations=5 (full 1):
 PSYoungGen      total 86528K, used 6624K [0x00000000e0000000, 0x00000000e5b00000, 0x0000000100000000)
  eden space 79872K, 0% used [0x00000000e0000000,0x00000000e0000000,0x00000000e4e00000)
  from space 6656K, 99% used [0x00000000e5480000,0x00000000e5af8040,0x00000000e5b00000)
  to   space 6656K, 0% used [0x00000000e4e00000,0x00000000e4e00000,0x00000000e5480000)
 ParOldGen       total 106496K, used 5952K [0x00000000a0000000, 0x00000000a6800000, 0x00000000e0000000)
  object space 106496K, 5% used [0x00000000a0000000,0x00000000a05d0210,0x00000000a6800000)
 Metaspace       used 20807K, capacity 21258K, committed 21296K, reserved 1067008K
  class space    used 2776K, capacity 2921K, committed 2944K, reserved 1048576K
Event: 4.691 GC heap after
Heap after GC invocations=5 (full 1):
 PSYoungGen      total 86528K, used 0K [0x00000000e0000000, 0x00000000e5b00000, 0x0000000100000000)
  eden space 79872K, 0% used [0x00000000e0000000,0x00000000e0000000,0x00000000e4e00000)
  from space 6656K, 0% used [0x00000000e5480000,0x00000000e5480000,0x00000000e5b00000)
  to   space 6656K, 0% used [0x00000000e4e00000,0x00000000e4e00000,0x00000000e5480000)
 ParOldGen       total 57344K, used 8828K [0x00000000a0000000, 0x00000000a3800000, 0x00000000e0000000)
  object space 57344K, 15% used [0x00000000a0000000,0x00000000a089f028,0x00000000a3800000)
 Metaspace       used 20807K, capacity 21258K, committed 21296K, reserved 1067008K
  class space    used 2776K, capacity 2921K, committed 2944K, reserved 1048576K
}
Event: 7.339 GC heap before
{Heap before GC invocations=6 (full 1):
 PSYoungGen      total 86528K, used 79872K [0x00000000e0000000, 0x00000000e5b00000, 0x0000000100000000)
  eden space 79872K, 100% used [0x00000000e0000000,0x00000000e4e00000,0x00000000e4e00000)
  from space 6656K, 0% used [0x00000000e5480000,0x00000000e5480000,0x00000000e5b00000)
  to   space 6656K, 0% used [0x00000000e4e00000,0x00000000e4e00000,0x00000000e5480000)
 ParOldGen       total 57344K, used 8828K [0x00000000a0000000, 0x00000000a3800000, 0x00000000e0000000)
  object space 57344K, 15% used [0x00000000a0000000,0x00000000a089f028,0x00000000a3800000)
 Metaspace       used 27348K, capacity 28002K, committed 28160K, reserved 1073152K
  class space    used 3852K, capacity 4033K, committed 4096K, reserved 1048576K
Event: 7.590 GC heap after
Heap after GC invocations=6 (full 1):
 PSYoungGen      total 86528K, used 6647K [0x00000000e0000000, 0x00000000eac00000, 0x0000000100000000)
  eden space 79872K, 0% used [0x00000000e0000000,0x00000000e0000000,0x00000000e4e00000)
  from space 6656K, 99% used [0x00000000e4e00000,0x00000000e547dca8,0x00000000e5480000)
  to   space 11776K, 0% used [0x00000000ea080000,0x00000000ea080000,0x00000000eac00000)
 ParOldGen       total 57344K, used 11143K [0x00000000a0000000, 0x00000000a3800000, 0x00000000e0000000)
  object space 57344K, 19% used [0x00000000a0000000,0x00000000a0ae1c40,0x00000000a3800000)
 Metaspace       used 27348K, capacity 28002K, committed 28160K, reserved 1073152K
  class space    used 3852K, capacity 4033K, committed 4096K, reserved 1048576K
}
Event: 9.953 GC heap before
{Heap before GC invocations=7 (full 1):
 PSYoungGen      total 86528K, used 86519K [0x00000000e0000000, 0x00000000eac00000, 0x0000000100000000)
  eden space 79872K, 100% used [0x00000000e0000000,0x00000000e4e00000,0x00000000e4e00000)
  from space 6656K, 99% used [0x00000000e4e00000,0x00000000e547dca8,0x00000000e5480000)
  to   space 11776K, 0% used [0x00000000ea080000,0x00000000ea080000,0x00000000eac00000)
 ParOldGen       total 57344K, used 11143K [0x00000000a0000000, 0x00000000a3800000, 0x00000000e0000000)
  object space 57344K, 19% used [0x00000000a0000000,0x00000000a0ae1c40,0x00000000a3800000)
 Metaspace       used 32282K, capacity 33002K, committed 33408K, reserved 1077248K
  class space    used 4469K, capacity 4678K, committed 4736K, reserved 1048576K
Event: 10.072 GC heap after
Heap after GC invocations=7 (full 1):
 PSYoungGen      total 163328K, used 9719K [0x00000000e0000000, 0x00000000eac00000, 0x0000000100000000)
  eden space 151552K, 0% used [0x00000000e0000000,0x00000000e0000000,0x00000000e9400000)
  from space 11776K, 82% used [0x00000000ea080000,0x00000000ea9fdcf8,0x00000000eac00000)
  to   space 12288K, 0% used [0x00000000e9400000,0x00000000e9400000,0x00000000ea000000)
 ParOldGen       total 57344K, used 11151K [0x00000000a0000000, 0x00000000a3800000, 0x00000000e0000000)
  object space 57344K, 19% used [0x00000000a0000000,0x00000000a0ae3c40,0x00000000a3800000)
 Metaspace       used 32282K, capacity 33002K, committed 33408K, reserved 1077248K
  class space    used 4469K, capacity 4678K, committed 4736K, reserved 1048576K
}
Event: 10.621 GC heap before
{Heap before GC invocations=8 (full 1):
 PSYoungGen      total 163328K, used 44570K [0x00000000e0000000, 0x00000000eac00000, 0x0000000100000000)
  eden space 151552K, 22% used [0x00000000e0000000,0x00000000e2208ea0,0x00000000e9400000)
  from space 11776K, 82% used [0x00000000ea080000,0x00000000ea9fdcf8,0x00000000eac00000)
  to   space 12288K, 0% used [0x00000000e9400000,0x00000000e9400000,0x00000000ea000000)
 ParOldGen       total 57344K, used 11151K [0x00000000a0000000, 0x00000000a3800000, 0x00000000e0000000)
  object space 57344K, 19% used [0x00000000a0000000,0x00000000a0ae3c40,0x00000000a3800000)
 Metaspace       used 34545K, capacity 35182K, committed 35456K, reserved 1079296K
  class space    used 4749K, capacity 4972K, committed 4992K, reserved 1048576K
Event: 10.636 GC heap after
Heap after GC invocations=8 (full 1):
 PSYoungGen      total 163840K, used 9290K [0x00000000e0000000, 0x00000000f2c80000, 0x0000000100000000)
  eden space 151552K, 0% used [0x00000000e0000000,0x00000000e0000000,0x00000000e9400000)
  from space 12288K, 75% used [0x00000000e9400000,0x00000000e9d12ab0,0x00000000ea000000)
  to   space 12288K, 0% used [0x00000000f2080000,0x00000000f2080000,0x00000000f2c80000)
 ParOldGen       total 57344K, used 11159K [0x00000000a0000000, 0x00000000a3800000, 0x00000000e0000000)
  object space 57344K, 19% used [0x00000000a0000000,0x00000000a0ae5c40,0x00000000a3800000)
 Metaspace       used 34545K, capacity 35182K, committed 35456K, reserved 1079296K
  class space    used 4749K, capacity 4972K, committed 4992K, reserved 1048576K
}
Event: 10.636 GC heap before
{Heap before GC invocations=9 (full 2):
 PSYoungGen      total 163840K, used 9290K [0x00000000e0000000, 0x00000000f2c80000, 0x0000000100000000)
  eden space 151552K, 0% used [0x00000000e0000000,0x00000000e0000000,0x00000000e9400000)
  from space 12288K, 75% used [0x00000000e9400000,0x00000000e9d12ab0,0x00000000ea000000)
  to   space 12288K, 0% used [0x00000000f2080000,0x00000000f2080000,0x00000000f2c80000)
 ParOldGen       total 57344K, used 11159K [0x00000000a0000000, 0x00000000a3800000, 0x00000000e0000000)
  object space 57344K, 19% used [0x00000000a0000000,0x00000000a0ae5c40,0x00000000a3800000)
 Metaspace       used 34545K, capacity 35182K, committed 35456K, reserved 1079296K
  class space    used 4749K, capacity 4972K, committed 4992K, reserved 1048576K
Event: 10.761 GC heap after
Heap after GC invocations=9 (full 2):
 PSYoungGen      total 163840K, used 0K [0x00000000e0000000, 0x00000000f2c80000, 0x0000000100000000)
  eden space 151552K, 0% used [0x00000000e0000000,0x00000000e0000000,0x00000000e9400000)
  from space 12288K, 0% used [0x00000000e9400000,0x00000000e9400000,0x00000000ea000000)
  to   space 12288K, 0% used [0x00000000f2080000,0x00000000f2080000,0x00000000f2c80000)
 ParOldGen       total 71680K, used 16641K [0x00000000a0000000, 0x00000000a4600000, 0x00000000e0000000)
  object space 71680K, 23% used [0x00000000a0000000,0x00000000a1040430,0x00000000a4600000)
 Metaspace       used 34545K, capacity 35182K, committed 35456K, reserved 1079296K
  class space    used 4749K, capacity 4972K, committed 4992K, reserved 1048576K
}

