# JRE version: Java(TM) SE Runtime Environment (8.0_73-b02) (build 1.8.0_73-b02)
# Java VM: Java HotSpot(TM) 64-Bit Server VM (25.73-b02 mixed mode windows-amd64 compressed oops)
Heap:
 PSYoungGen      total 198656K, used 198627K [0x00000000e0000000, 0x00000000efb00000, 0x0000000100000000)
  eden space 169984K, 100% used [0x00000000e0000000,0x00000000ea600000,0x00000000ea600000)
  from space 28672K, 99% used [0x00000000ec980000,0x00000000ee578ff0,0x00000000ee580000)
  to   space 36352K, 46% used [0x00000000ea600000,0x00000000eb6a6708,0x00000000ec980000)
 ParOldGen       total 126464K, used 52124K [0x00000000a0000000, 0x00000000a7b80000, 0x00000000e0000000)
  object space 126464K, 41% used [0x00000000a0000000,0x00000000a32e7308,0x00000000a7b80000)
 Metaspace       used 54858K, capacity 56120K, committed 56320K, reserved 1097728K
  class space    used 7281K, capacity 7558K, committed 7680K, reserved 1048576K
GC Heap History (10 events):
Event: 12.946 GC heap after
Heap after GC invocations=13 (full 3):
 PSYoungGen      total 134144K, used 0K [0x00000000e0000000, 0x00000000e9700000, 0x0000000100000000)
  eden space 119808K, 0% used [0x00000000e0000000,0x00000000e0000000,0x00000000e7500000)
  from space 14336K, 0% used [0x00000000e8500000,0x00000000e8500000,0x00000000e9300000)
  to   space 16384K, 0% used [0x00000000e7500000,0x00000000e7500000,0x00000000e8500000)
 ParOldGen       total 126464K, used 25898K [0x00000000a0000000, 0x00000000a7b80000, 0x00000000e0000000)
  object space 126464K, 20% used [0x00000000a0000000,0x00000000a194ab40,0x00000000a7b80000)
 Metaspace       used 50464K, capacity 51636K, committed 51840K, reserved 1093632K
  class space    used 6939K, capacity 7186K, committed 7296K, reserved 1048576K
}
Event: 62.568 GC heap before
{Heap before GC invocations=14 (full 3):
 PSYoungGen      total 134144K, used 119808K [0x00000000e0000000, 0x00000000e9700000, 0x0000000100000000)
  eden space 119808K, 100% used [0x00000000e0000000,0x00000000e7500000,0x00000000e7500000)
  from space 14336K, 0% used [0x00000000e8500000,0x00000000e8500000,0x00000000e9300000)
  to   space 16384K, 0% used [0x00000000e7500000,0x00000000e7500000,0x00000000e8500000)
 ParOldGen       total 126464K, used 25898K [0x00000000a0000000, 0x00000000a7b80000, 0x00000000e0000000)
  object space 126464K, 20% used [0x00000000a0000000,0x00000000a194ab40,0x00000000a7b80000)
 Metaspace       used 53724K, capacity 54904K, committed 55168K, reserved 1097728K
  class space    used 7234K, capacity 7494K, committed 7552K, reserved 1048576K
Event: 62.592 GC heap after
Heap after GC invocations=14 (full 3):
 PSYoungGen      total 136192K, used 13234K [0x00000000e0000000, 0x00000000eac80000, 0x0000000100000000)
  eden space 119808K, 0% used [0x00000000e0000000,0x00000000e0000000,0x00000000e7500000)
  from space 16384K, 80% used [0x00000000e7500000,0x00000000e81ec918,0x00000000e8500000)
  to   space 17408K, 0% used [0x00000000e9b80000,0x00000000e9b80000,0x00000000eac80000)
 ParOldGen       total 126464K, used 25906K [0x00000000a0000000, 0x00000000a7b80000, 0x00000000e0000000)
  object space 126464K, 20% used [0x00000000a0000000,0x00000000a194cb40,0x00000000a7b80000)
 Metaspace       used 53724K, capacity 54904K, committed 55168K, reserved 1097728K
  class space    used 7234K, capacity 7494K, committed 7552K, reserved 1048576K
}
Event: 63.553 GC heap before
{Heap before GC invocations=15 (full 3):
 PSYoungGen      total 136192K, used 133042K [0x00000000e0000000, 0x00000000eac80000, 0x0000000100000000)
  eden space 119808K, 100% used [0x00000000e0000000,0x00000000e7500000,0x00000000e7500000)
  from space 16384K, 80% used [0x00000000e7500000,0x00000000e81ec918,0x00000000e8500000)
  to   space 17408K, 0% used [0x00000000e9b80000,0x00000000e9b80000,0x00000000eac80000)
 ParOldGen       total 126464K, used 25906K [0x00000000a0000000, 0x00000000a7b80000, 0x00000000e0000000)
  object space 126464K, 20% used [0x00000000a0000000,0x00000000a194cb40,0x00000000a7b80000)
 Metaspace       used 54439K, capacity 55704K, committed 55936K, reserved 1097728K
  class space    used 7277K, capacity 7526K, committed 7552K, reserved 1048576K
Event: 63.598 GC heap after
Heap after GC invocations=15 (full 3):
 PSYoungGen      total 155648K, used 17392K [0x00000000e0000000, 0x00000000eb880000, 0x0000000100000000)
  eden space 138240K, 0% used [0x00000000e0000000,0x00000000e0000000,0x00000000e8700000)
  from space 17408K, 99% used [0x00000000e9b80000,0x00000000eac7c000,0x00000000eac80000)
  to   space 20992K, 0% used [0x00000000e8700000,0x00000000e8700000,0x00000000e9b80000)
 ParOldGen       total 126464K, used 29894K [0x00000000a0000000, 0x00000000a7b80000, 0x00000000e0000000)
  object space 126464K, 23% used [0x00000000a0000000,0x00000000a1d31b38,0x00000000a7b80000)
 Metaspace       used 54439K, capacity 55704K, committed 55936K, reserved 1097728K
  class space    used 7277K, capacity 7526K, committed 7552K, reserved 1048576K
}
Event: 64.266 GC heap before
{Heap before GC invocations=16 (full 3):
 PSYoungGen      total 155648K, used 155632K [0x00000000e0000000, 0x00000000eb880000, 0x0000000100000000)
  eden space 138240K, 100% used [0x00000000e0000000,0x00000000e8700000,0x00000000e8700000)
  from space 17408K, 99% used [0x00000000e9b80000,0x00000000eac7c000,0x00000000eac80000)
  to   space 20992K, 0% used [0x00000000e8700000,0x00000000e8700000,0x00000000e9b80000)
 ParOldGen       total 126464K, used 29894K [0x00000000a0000000, 0x00000000a7b80000, 0x00000000e0000000)
  object space 126464K, 23% used [0x00000000a0000000,0x00000000a1d31b38,0x00000000a7b80000)
 Metaspace       used 54640K, capacity 55928K, committed 56064K, reserved 1097728K
  class space    used 7281K, capacity 7558K, committed 7680K, reserved 1048576K
Event: 64.319 GC heap after
Heap after GC invocations=16 (full 3):
 PSYoungGen      total 159232K, used 20961K [0x00000000e0000000, 0x00000000ee580000, 0x0000000100000000)
  eden space 138240K, 0% used [0x00000000e0000000,0x00000000e0000000,0x00000000e8700000)
  from space 20992K, 99% used [0x00000000e8700000,0x00000000e9b78540,0x00000000e9b80000)
  to   space 28672K, 0% used [0x00000000ec980000,0x00000000ec980000,0x00000000ee580000)
 ParOldGen       total 126464K, used 43224K [0x00000000a0000000, 0x00000000a7b80000, 0x00000000e0000000)
  object space 126464K, 34% used [0x00000000a0000000,0x00000000a2a362a8,0x00000000a7b80000)
 Metaspace       used 54640K, capacity 55928K, committed 56064K, reserved 1097728K
  class space    used 7281K, capacity 7558K, committed 7680K, reserved 1048576K
}
Event: 64.979 GC heap before
{Heap before GC invocations=17 (full 3):
 PSYoungGen      total 159232K, used 159201K [0x00000000e0000000, 0x00000000ee580000, 0x0000000100000000)
  eden space 138240K, 100% used [0x00000000e0000000,0x00000000e8700000,0x00000000e8700000)
  from space 20992K, 99% used [0x00000000e8700000,0x00000000e9b78540,0x00000000e9b80000)
  to   space 28672K, 0% used [0x00000000ec980000,0x00000000ec980000,0x00000000ee580000)
 ParOldGen       total 126464K, used 43224K [0x00000000a0000000, 0x00000000a7b80000, 0x00000000e0000000)
  object space 126464K, 34% used [0x00000000a0000000,0x00000000a2a362a8,0x00000000a7b80000)
 Metaspace       used 54794K, capacity 56120K, committed 56320K, reserved 1097728K
  class space    used 7281K, capacity 7558K, committed 7680K, reserved 1048576K
Event: 65.046 GC heap after
Heap after GC invocations=17 (full 3):
 PSYoungGen      total 198656K, used 28643K [0x00000000e0000000, 0x00000000efb00000, 0x0000000100000000)
  eden space 169984K, 0% used [0x00000000e0000000,0x00000000e0000000,0x00000000ea600000)
  from space 28672K, 99% used [0x00000000ec980000,0x00000000ee578ff0,0x00000000ee580000)
  to   space 36352K, 0% used [0x00000000ea600000,0x00000000ea600000,0x00000000ec980000)
 ParOldGen       total 126464K, used 52124K [0x00000000a0000000, 0x00000000a7b80000, 0x00000000e0000000)
  object space 126464K, 41% used [0x00000000a0000000,0x00000000a32e7308,0x00000000a7b80000)
 Metaspace       used 54794K, capacity 56120K, committed 56320K, reserved 1097728K
  class space    used 7281K, capacity 7558K, committed 7680K, reserved 1048576K
}
Event: 65.891 GC heap before
{Heap before GC invocations=18 (full 3):
 PSYoungGen      total 198656K, used 198627K [0x00000000e0000000, 0x00000000efb00000, 0x0000000100000000)
  eden space 169984K, 100% used [0x00000000e0000000,0x00000000ea600000,0x00000000ea600000)
  from space 28672K, 99% used [0x00000000ec980000,0x00000000ee578ff0,0x00000000ee580000)
  to   space 36352K, 0% used [0x00000000ea600000,0x00000000ea600000,0x00000000ec980000)
 ParOldGen       total 126464K, used 52124K [0x00000000a0000000, 0x00000000a7b80000, 0x00000000e0000000)
  object space 126464K, 41% used [0x00000000a0000000,0x00000000a32e7308,0x00000000a7b80000)
 Metaspace       used 54858K, capacity 56120K, committed 56320K, reserved 1097728K
  class space    used 7281K, capacity 7558K, committed 7680K, reserved 1048576K

