# JRE version: Java(TM) SE Runtime Environment (8.0_73-b02) (build 1.8.0_73-b02)
# Java VM: Java HotSpot(TM) 64-Bit Server VM (25.73-b02 mixed mode windows-amd64 compressed oops)
Heap:
 PSYoungGen      total 86528K, used 48647K [0x00000000e0000000, 0x00000000ea880000, 0x0000000100000000)
  eden space 79872K, 52% used [0x00000000e0000000,0x00000000e2908a68,0x00000000e4e00000)
  from space 6656K, 99% used [0x00000000e4e00000,0x00000000e5479200,0x00000000e5480000)
  to   space 11776K, 0% used [0x00000000e9d00000,0x00000000e9d00000,0x00000000ea880000)
 ParOldGen       total 57344K, used 10055K [0x00000000a0000000, 0x00000000a3800000, 0x00000000e0000000)
  object space 57344K, 17% used [0x00000000a0000000,0x00000000a09d1f68,0x00000000a3800000)
 Metaspace       used 28808K, capacity 29508K, committed 29824K, reserved 1075200K
  class space    used 4004K, capacity 4215K, committed 4224K, reserved 1048576K
GC Heap History (10 events):
Event: 3.028 GC heap before
{Heap before GC invocations=2 (full 0):
 PSYoungGen      total 46592K, used 45095K [0x00000000e0000000, 0x00000000e3400000, 0x0000000100000000)
  eden space 39936K, 100% used [0x00000000e0000000,0x00000000e2700000,0x00000000e2700000)
  from space 6656K, 77% used [0x00000000e2700000,0x00000000e2c09d48,0x00000000e2d80000)
  to   space 6656K, 0% used [0x00000000e2d80000,0x00000000e2d80000,0x00000000e3400000)
 ParOldGen       total 106496K, used 8K [0x00000000a0000000, 0x00000000a6800000, 0x00000000e0000000)
  object space 106496K, 0% used [0x00000000a0000000,0x00000000a0002000,0x00000000a6800000)
 Metaspace       used 16297K, capacity 16634K, committed 16896K, reserved 1064960K
  class space    used 2164K, capacity 2271K, committed 2304K, reserved 1048576K
Event: 3.040 GC heap after
Heap after GC invocations=2 (full 0):
 PSYoungGen      total 46592K, used 6646K [0x00000000e0000000, 0x00000000e3400000, 0x0000000100000000)
  eden space 39936K, 0% used [0x00000000e0000000,0x00000000e0000000,0x00000000e2700000)
  from space 6656K, 99% used [0x00000000e2d80000,0x00000000e33fd910,0x00000000e3400000)
  to   space 6656K, 0% used [0x00000000e2700000,0x00000000e2700000,0x00000000e2d80000)
 ParOldGen       total 106496K, used 1813K [0x00000000a0000000, 0x00000000a6800000, 0x00000000e0000000)
  object space 106496K, 1% used [0x00000000a0000000,0x00000000a01c5460,0x00000000a6800000)
 Metaspace       used 16297K, capacity 16634K, committed 16896K, reserved 1064960K
  class space    used 2164K, capacity 2271K, committed 2304K, reserved 1048576K
}
Event: 4.046 GC heap before
{Heap before GC invocations=3 (full 0):
 PSYoungGen      total 46592K, used 46582K [0x00000000e0000000, 0x00000000e3400000, 0x0000000100000000)
  eden space 39936K, 100% used [0x00000000e0000000,0x00000000e2700000,0x00000000e2700000)
  from space 6656K, 99% used [0x00000000e2d80000,0x00000000e33fd910,0x00000000e3400000)
  to   space 6656K, 0% used [0x00000000e2700000,0x00000000e2700000,0x00000000e2d80000)
 ParOldGen       total 106496K, used 1813K [0x00000000a0000000, 0x00000000a6800000, 0x00000000e0000000)
  object space 106496K, 1% used [0x00000000a0000000,0x00000000a01c5460,0x00000000a6800000)
 Metaspace       used 20667K, capacity 21098K, committed 21296K, reserved 1067008K
  class space    used 2739K, capacity 2889K, committed 2944K, reserved 1048576K
Event: 4.113 GC heap after
Heap after GC invocations=3 (full 0):
 PSYoungGen      total 46592K, used 6624K [0x00000000e0000000, 0x00000000e5b00000, 0x0000000100000000)
  eden space 39936K, 0% used [0x00000000e0000000,0x00000000e0000000,0x00000000e2700000)
  from space 6656K, 99% used [0x00000000e2700000,0x00000000e2d78020,0x00000000e2d80000)
  to   space 6656K, 0% used [0x00000000e5480000,0x00000000e5480000,0x00000000e5b00000)
 ParOldGen       total 106496K, used 5784K [0x00000000a0000000, 0x00000000a6800000, 0x00000000e0000000)
  object space 106496K, 5% used [0x00000000a0000000,0x00000000a05a63e0,0x00000000a6800000)
 Metaspace       used 20667K, capacity 21098K, committed 21296K, reserved 1067008K
  class space    used 2739K, capacity 2889K, committed 2944K, reserved 1048576K
}
Event: 4.141 GC heap before
{Heap before GC invocations=4 (full 0):
 PSYoungGen      total 46592K, used 8315K [0x00000000e0000000, 0x00000000e5b00000, 0x0000000100000000)
  eden space 39936K, 4% used [0x00000000e0000000,0x00000000e01a6cf8,0x00000000e2700000)
  from space 6656K, 99% used [0x00000000e2700000,0x00000000e2d78020,0x00000000e2d80000)
  to   space 6656K, 0% used [0x00000000e5480000,0x00000000e5480000,0x00000000e5b00000)
 ParOldGen       total 106496K, used 5784K [0x00000000a0000000, 0x00000000a6800000, 0x00000000e0000000)
  object space 106496K, 5% used [0x00000000a0000000,0x00000000a05a63e0,0x00000000a6800000)
 Metaspace       used 20831K, capacity 21226K, committed 21296K, reserved 1067008K
  class space    used 2772K, capacity 2889K, committed 2944K, reserved 1048576K
Event: 4.198 GC heap after
Heap after GC invocations=4 (full 0):
 PSYoungGen      total 86528K, used 6640K [0x00000000e0000000, 0x00000000e5b00000, 0x0000000100000000)
  eden space 79872K, 0% used [0x00000000e0000000,0x00000000e0000000,0x00000000e4e00000)
  from space 6656K, 99% used [0x00000000e5480000,0x00000000e5afc030,0x00000000e5b00000)
  to   space 6656K, 0% used [0x00000000e4e00000,0x00000000e4e00000,0x00000000e5480000)
 ParOldGen       total 106496K, used 5974K [0x00000000a0000000, 0x00000000a6800000, 0x00000000e0000000)
  object space 106496K, 5% used [0x00000000a0000000,0x00000000a05d59b8,0x00000000a6800000)
 Metaspace       used 20831K, capacity 21226K, committed 21296K, reserved 1067008K
  class space    used 2772K, capacity 2889K, committed 2944K, reserved 1048576K
}
Event: 4.198 GC heap before
{Heap before GC invocations=5 (full 1):
 PSYoungGen      total 86528K, used 6640K [0x00000000e0000000, 0x00000000e5b00000, 0x0000000100000000)
  eden space 79872K, 0% used [0x00000000e0000000,0x00000000e0000000,0x00000000e4e00000)
  from space 6656K, 99% used [0x00000000e5480000,0x00000000e5afc030,0x00000000e5b00000)
  to   space 6656K, 0% used [0x00000000e4e00000,0x00000000e4e00000,0x00000000e5480000)
 ParOldGen       total 106496K, used 5974K [0x00000000a0000000, 0x00000000a6800000, 0x00000000e0000000)
  object space 106496K, 5% used [0x00000000a0000000,0x00000000a05d59b8,0x00000000a6800000)
 Metaspace       used 20831K, capacity 21226K, committed 21296K, reserved 1067008K
  class space    used 2772K, capacity 2889K, committed 2944K, reserved 1048576K
Event: 4.296 GC heap after
Heap after GC invocations=5 (full 1):
 PSYoungGen      total 86528K, used 0K [0x00000000e0000000, 0x00000000e5b00000, 0x0000000100000000)
  eden space 79872K, 0% used [0x00000000e0000000,0x00000000e0000000,0x00000000e4e00000)
  from space 6656K, 0% used [0x00000000e5480000,0x00000000e5480000,0x00000000e5b00000)
  to   space 6656K, 0% used [0x00000000e4e00000,0x00000000e4e00000,0x00000000e5480000)
 ParOldGen       total 57344K, used 7786K [0x00000000a0000000, 0x00000000a3800000, 0x00000000e0000000)
  object space 57344K, 13% used [0x00000000a0000000,0x00000000a079a9f0,0x00000000a3800000)
 Metaspace       used 20831K, capacity 21226K, committed 21296K, reserved 1067008K
  class space    used 2772K, capacity 2889K, committed 2944K, reserved 1048576K
}
Event: 5.824 GC heap before
{Heap before GC invocations=6 (full 1):
 PSYoungGen      total 86528K, used 79872K [0x00000000e0000000, 0x00000000e5b00000, 0x0000000100000000)
  eden space 79872K, 100% used [0x00000000e0000000,0x00000000e4e00000,0x00000000e4e00000)
  from space 6656K, 0% used [0x00000000e5480000,0x00000000e5480000,0x00000000e5b00000)
  to   space 6656K, 0% used [0x00000000e4e00000,0x00000000e4e00000,0x00000000e5480000)
 ParOldGen       total 57344K, used 7786K [0x00000000a0000000, 0x00000000a3800000, 0x00000000e0000000)
  object space 57344K, 13% used [0x00000000a0000000,0x00000000a079a9f0,0x00000000a3800000)
 Metaspace       used 27300K, capacity 27938K, committed 28160K, reserved 1073152K
  class space    used 3831K, capacity 4033K, committed 4096K, reserved 1048576K
Event: 5.863 GC heap after
Heap after GC invocations=6 (full 1):
 PSYoungGen      total 86528K, used 6628K [0x00000000e0000000, 0x00000000ea880000, 0x0000000100000000)
  eden space 79872K, 0% used [0x00000000e0000000,0x00000000e0000000,0x00000000e4e00000)
  from space 6656K, 99% used [0x00000000e4e00000,0x00000000e5479200,0x00000000e5480000)
  to   space 11776K, 0% used [0x00000000e9d00000,0x00000000e9d00000,0x00000000ea880000)
 ParOldGen       total 57344K, used 10055K [0x00000000a0000000, 0x00000000a3800000, 0x00000000e0000000)
  object space 57344K, 17% used [0x00000000a0000000,0x00000000a09d1f68,0x00000000a3800000)
 Metaspace       used 27300K, capacity 27938K, committed 28160K, reserved 1073152K
  class space    used 3831K, capacity 4033K, committed 4096K, reserved 1048576K
}

