# JRE version: Java(TM) SE Runtime Environment (8.0_73-b02) (build 1.8.0_73-b02)
# Java VM: Java HotSpot(TM) 64-Bit Server VM (25.73-b02 mixed mode windows-amd64 compressed oops)
Heap:
 PSYoungGen      total 271360K, used 48565K [0x00000000e0000000, 0x00000000f1d00000, 0x0000000100000000)
  eden space 259072K, 14% used [0x00000000e0000000,0x00000000e2372890,0x00000000efd00000)
  from space 12288K, 99% used [0x00000000f1100000,0x00000000f1cfad60,0x00000000f1d00000)
  to   space 14336K, 0% used [0x00000000f0100000,0x00000000f0100000,0x00000000f0f00000)
 ParOldGen       total 73216K, used 17996K [0x00000000a0000000, 0x00000000a4780000, 0x00000000e0000000)
  object space 73216K, 24% used [0x00000000a0000000,0x00000000a11930e0,0x00000000a4780000)
 Metaspace       used 46177K, capacity 47254K, committed 47360K, reserved 1089536K
  class space    used 6385K, capacity 6663K, committed 6784K, reserved 1048576K
GC Heap History (10 events):
Event: 7.488 GC heap before
{Heap before GC invocations=6 (full 1):
 PSYoungGen      total 86528K, used 79872K [0x00000000e0000000, 0x00000000e5b00000, 0x0000000100000000)
  eden space 79872K, 100% used [0x00000000e0000000,0x00000000e4e00000,0x00000000e4e00000)
  from space 6656K, 0% used [0x00000000e5480000,0x00000000e5480000,0x00000000e5b00000)
  to   space 6656K, 0% used [0x00000000e4e00000,0x00000000e4e00000,0x00000000e5480000)
 ParOldGen       total 55296K, used 6982K [0x00000000a0000000, 0x00000000a3600000, 0x00000000e0000000)
  object space 55296K, 12% used [0x00000000a0000000,0x00000000a06d1918,0x00000000a3600000)
 Metaspace       used 27219K, capacity 27662K, committed 27776K, reserved 1073152K
  class space    used 3807K, capacity 3963K, committed 3968K, reserved 1048576K
Event: 7.506 GC heap after
Heap after GC invocations=6 (full 1):
 PSYoungGen      total 86528K, used 6638K [0x00000000e0000000, 0x00000000ea880000, 0x0000000100000000)
  eden space 79872K, 0% used [0x00000000e0000000,0x00000000e0000000,0x00000000e4e00000)
  from space 6656K, 99% used [0x00000000e4e00000,0x00000000e547b938,0x00000000e5480000)
  to   space 11264K, 0% used [0x00000000e9d80000,0x00000000e9d80000,0x00000000ea880000)
 ParOldGen       total 55296K, used 8699K [0x00000000a0000000, 0x00000000a3600000, 0x00000000e0000000)
  object space 55296K, 15% used [0x00000000a0000000,0x00000000a087ef88,0x00000000a3600000)
 Metaspace       used 27219K, capacity 27662K, committed 27776K, reserved 1073152K
  class space    used 3807K, capacity 3963K, committed 3968K, reserved 1048576K
}
Event: 8.880 GC heap before
{Heap before GC invocations=7 (full 1):
 PSYoungGen      total 86528K, used 86510K [0x00000000e0000000, 0x00000000ea880000, 0x0000000100000000)
  eden space 79872K, 100% used [0x00000000e0000000,0x00000000e4e00000,0x00000000e4e00000)
  from space 6656K, 99% used [0x00000000e4e00000,0x00000000e547b938,0x00000000e5480000)
  to   space 11264K, 0% used [0x00000000e9d80000,0x00000000e9d80000,0x00000000ea880000)
 ParOldGen       total 55296K, used 8699K [0x00000000a0000000, 0x00000000a3600000, 0x00000000e0000000)
  object space 55296K, 15% used [0x00000000a0000000,0x00000000a087ef88,0x00000000a3600000)
 Metaspace       used 32098K, capacity 32598K, committed 33024K, reserved 1077248K
  class space    used 4412K, capacity 4544K, committed 4608K, reserved 1048576K
Event: 8.896 GC heap after
Heap after GC invocations=7 (full 1):
 PSYoungGen      total 157696K, used 9744K [0x00000000e0000000, 0x00000000ea780000, 0x0000000100000000)
  eden space 147456K, 0% used [0x00000000e0000000,0x00000000e0000000,0x00000000e9000000)
  from space 10240K, 95% used [0x00000000e9d80000,0x00000000ea704280,0x00000000ea780000)
  to   space 11776K, 0% used [0x00000000e9080000,0x00000000e9080000,0x00000000e9c00000)
 ParOldGen       total 55296K, used 8707K [0x00000000a0000000, 0x00000000a3600000, 0x00000000e0000000)
  object space 55296K, 15% used [0x00000000a0000000,0x00000000a0880f88,0x00000000a3600000)
 Metaspace       used 32098K, capacity 32598K, committed 33024K, reserved 1077248K
  class space    used 4412K, capacity 4544K, committed 4608K, reserved 1048576K
}
Event: 9.323 GC heap before
{Heap before GC invocations=8 (full 1):
 PSYoungGen      total 157696K, used 46116K [0x00000000e0000000, 0x00000000ea780000, 0x0000000100000000)
  eden space 147456K, 24% used [0x00000000e0000000,0x00000000e2384fa8,0x00000000e9000000)
  from space 10240K, 95% used [0x00000000e9d80000,0x00000000ea704280,0x00000000ea780000)
  to   space 11776K, 0% used [0x00000000e9080000,0x00000000e9080000,0x00000000e9c00000)
 ParOldGen       total 55296K, used 8707K [0x00000000a0000000, 0x00000000a3600000, 0x00000000e0000000)
  object space 55296K, 15% used [0x00000000a0000000,0x00000000a0880f88,0x00000000a3600000)
 Metaspace       used 34508K, capacity 35066K, committed 35456K, reserved 1079296K
  class space    used 4707K, capacity 4870K, committed 4992K, reserved 1048576K
Event: 9.337 GC heap after
Heap after GC invocations=8 (full 1):
 PSYoungGen      total 159744K, used 9489K [0x00000000e0000000, 0x00000000f1d00000, 0x0000000100000000)
  eden space 147968K, 0% used [0x00000000e0000000,0x00000000e0000000,0x00000000e9080000)
  from space 11776K, 80% used [0x00000000e9080000,0x00000000e99c4780,0x00000000e9c00000)
  to   space 12288K, 0% used [0x00000000f1100000,0x00000000f1100000,0x00000000f1d00000)
 ParOldGen       total 55296K, used 8715K [0x00000000a0000000, 0x00000000a3600000, 0x00000000e0000000)
  object space 55296K, 15% used [0x00000000a0000000,0x00000000a0882f88,0x00000000a3600000)
 Metaspace       used 34508K, capacity 35066K, committed 35456K, reserved 1079296K
  class space    used 4707K, capacity 4870K, committed 4992K, reserved 1048576K
}
Event: 9.337 GC heap before
{Heap before GC invocations=9 (full 2):
 PSYoungGen      total 159744K, used 9489K [0x00000000e0000000, 0x00000000f1d00000, 0x0000000100000000)
  eden space 147968K, 0% used [0x00000000e0000000,0x00000000e0000000,0x00000000e9080000)
  from space 11776K, 80% used [0x00000000e9080000,0x00000000e99c4780,0x00000000e9c00000)
  to   space 12288K, 0% used [0x00000000f1100000,0x00000000f1100000,0x00000000f1d00000)
 ParOldGen       total 55296K, used 8715K [0x00000000a0000000, 0x00000000a3600000, 0x00000000e0000000)
  object space 55296K, 15% used [0x00000000a0000000,0x00000000a0882f88,0x00000000a3600000)
 Metaspace       used 34508K, capacity 35066K, committed 35456K, reserved 1079296K
  class space    used 4707K, capacity 4870K, committed 4992K, reserved 1048576K
Event: 9.449 GC heap after
Heap after GC invocations=9 (full 2):
 PSYoungGen      total 159744K, used 0K [0x00000000e0000000, 0x00000000f1d00000, 0x0000000100000000)
  eden space 147968K, 0% used [0x00000000e0000000,0x00000000e0000000,0x00000000e9080000)
  from space 11776K, 0% used [0x00000000e9080000,0x00000000e9080000,0x00000000e9c00000)
  to   space 12288K, 0% used [0x00000000f1100000,0x00000000f1100000,0x00000000f1d00000)
 ParOldGen       total 73216K, used 15716K [0x00000000a0000000, 0x00000000a4780000, 0x00000000e0000000)
  object space 73216K, 21% used [0x00000000a0000000,0x00000000a0f59040,0x00000000a4780000)
 Metaspace       used 34508K, capacity 35066K, committed 35456K, reserved 1079296K
  class space    used 4707K, capacity 4870K, committed 4992K, reserved 1048576K
}
Event: 11.603 GC heap before
{Heap before GC invocations=10 (full 2):
 PSYoungGen      total 159744K, used 147968K [0x00000000e0000000, 0x00000000f1d00000, 0x0000000100000000)
  eden space 147968K, 100% used [0x00000000e0000000,0x00000000e9080000,0x00000000e9080000)
  from space 11776K, 0% used [0x00000000e9080000,0x00000000e9080000,0x00000000e9c00000)
  to   space 12288K, 0% used [0x00000000f1100000,0x00000000f1100000,0x00000000f1d00000)
 ParOldGen       total 73216K, used 15716K [0x00000000a0000000, 0x00000000a4780000, 0x00000000e0000000)
  object space 73216K, 21% used [0x00000000a0000000,0x00000000a0f59040,0x00000000a4780000)
 Metaspace       used 44672K, capacity 45740K, committed 45952K, reserved 1089536K
  class space    used 6174K, capacity 6444K, committed 6528K, reserved 1048576K
Event: 11.657 GC heap after
Heap after GC invocations=10 (full 2):
 PSYoungGen      total 271360K, used 12267K [0x00000000e0000000, 0x00000000f1d00000, 0x0000000100000000)
  eden space 259072K, 0% used [0x00000000e0000000,0x00000000e0000000,0x00000000efd00000)
  from space 12288K, 99% used [0x00000000f1100000,0x00000000f1cfad60,0x00000000f1d00000)
  to   space 14336K, 0% used [0x00000000f0100000,0x00000000f0100000,0x00000000f0f00000)
 ParOldGen       total 73216K, used 17996K [0x00000000a0000000, 0x00000000a4780000, 0x00000000e0000000)
  object space 73216K, 24% used [0x00000000a0000000,0x00000000a11930e0,0x00000000a4780000)
 Metaspace       used 44672K, capacity 45740K, committed 45952K, reserved 1089536K
  class space    used 6174K, capacity 6444K, committed 6528K, reserved 1048576K
}

