# JRE version: Java(TM) SE Runtime Environment (8.0_73-b02) (build 1.8.0_73-b02)
# Java VM: Java HotSpot(TM) 64-Bit Server VM (25.73-b02 mixed mode windows-amd64 compressed oops)
Heap:
 PSYoungGen      total 166400K, used 54072K [0x00000000e0000000, 0x00000000ef800000, 0x0000000100000000)
  eden space 153088K, 26% used [0x00000000e0000000,0x00000000e27d52d8,0x00000000e9580000)
  from space 13312K, 99% used [0x00000000e9580000,0x00000000ea279110,0x00000000ea280000)
  to   space 15872K, 0% used [0x00000000ee880000,0x00000000ee880000,0x00000000ef800000)
 ParOldGen       total 119808K, used 20797K [0x00000000a0000000, 0x00000000a7500000, 0x00000000e0000000)
  object space 119808K, 17% used [0x00000000a0000000,0x00000000a144f5d0,0x00000000a7500000)
 Metaspace       used 48337K, capacity 49490K, committed 49792K, reserved 1091584K
  class space    used 6663K, capacity 6933K, committed 7040K, reserved 1048576K
GC Heap History (10 events):
Event: 4.268 GC heap before
{Heap before GC invocations=5 (full 1):
 PSYoungGen      total 86528K, used 79872K [0x00000000e0000000, 0x00000000ea900000, 0x0000000100000000)
  eden space 79872K, 100% used [0x00000000e0000000,0x00000000e4e00000,0x00000000e4e00000)
  from space 6656K, 0% used [0x00000000e4e00000,0x00000000e4e00000,0x00000000e5480000)
  to   space 6656K, 0% used [0x00000000ea280000,0x00000000ea280000,0x00000000ea900000)
 ParOldGen       total 76800K, used 9822K [0x00000000a0000000, 0x00000000a4b00000, 0x00000000e0000000)
  object space 76800K, 12% used [0x00000000a0000000,0x00000000a0997928,0x00000000a4b00000)
 Metaspace       used 27208K, capacity 27678K, committed 28032K, reserved 1073152K
  class space    used 3805K, capacity 3963K, committed 3968K, reserved 1048576K
Event: 4.281 GC heap after
Heap after GC invocations=5 (full 1):
 PSYoungGen      total 118272K, used 6630K [0x00000000e0000000, 0x00000000ea900000, 0x0000000100000000)
  eden space 111616K, 0% used [0x00000000e0000000,0x00000000e0000000,0x00000000e6d00000)
  from space 6656K, 99% used [0x00000000ea280000,0x00000000ea8f9b38,0x00000000ea900000)
  to   space 6656K, 0% used [0x00000000e9c00000,0x00000000e9c00000,0x00000000ea280000)
 ParOldGen       total 76800K, used 11497K [0x00000000a0000000, 0x00000000a4b00000, 0x00000000e0000000)
  object space 76800K, 14% used [0x00000000a0000000,0x00000000a0b3a490,0x00000000a4b00000)
 Metaspace       used 27208K, capacity 27678K, committed 28032K, reserved 1073152K
  class space    used 3805K, capacity 3963K, committed 3968K, reserved 1048576K
}
Event: 6.183 GC heap before
{Heap before GC invocations=6 (full 1):
 PSYoungGen      total 118272K, used 118246K [0x00000000e0000000, 0x00000000ea900000, 0x0000000100000000)
  eden space 111616K, 100% used [0x00000000e0000000,0x00000000e6d00000,0x00000000e6d00000)
  from space 6656K, 99% used [0x00000000ea280000,0x00000000ea8f9b38,0x00000000ea900000)
  to   space 6656K, 0% used [0x00000000e9c00000,0x00000000e9c00000,0x00000000ea280000)
 ParOldGen       total 76800K, used 11497K [0x00000000a0000000, 0x00000000a4b00000, 0x00000000e0000000)
  object space 76800K, 14% used [0x00000000a0000000,0x00000000a0b3a490,0x00000000a4b00000)
 Metaspace       used 33978K, capacity 34602K, committed 35072K, reserved 1079296K
  class space    used 4654K, capacity 4838K, committed 4864K, reserved 1048576K
Event: 6.205 GC heap after
Heap after GC invocations=6 (full 1):
 PSYoungGen      total 157184K, used 6648K [0x00000000e0000000, 0x00000000eae00000, 0x0000000100000000)
  eden space 150528K, 0% used [0x00000000e0000000,0x00000000e0000000,0x00000000e9300000)
  from space 6656K, 99% used [0x00000000e9c00000,0x00000000ea27e398,0x00000000ea280000)
  to   space 11776K, 0% used [0x00000000ea280000,0x00000000ea280000,0x00000000eae00000)
 ParOldGen       total 76800K, used 17207K [0x00000000a0000000, 0x00000000a4b00000, 0x00000000e0000000)
  object space 76800K, 22% used [0x00000000a0000000,0x00000000a10cdca0,0x00000000a4b00000)
 Metaspace       used 33978K, capacity 34602K, committed 35072K, reserved 1079296K
  class space    used 4654K, capacity 4838K, committed 4864K, reserved 1048576K
}
Event: 6.234 GC heap before
{Heap before GC invocations=7 (full 1):
 PSYoungGen      total 157184K, used 9832K [0x00000000e0000000, 0x00000000eae00000, 0x0000000100000000)
  eden space 150528K, 2% used [0x00000000e0000000,0x00000000e031bdc8,0x00000000e9300000)
  from space 6656K, 99% used [0x00000000e9c00000,0x00000000ea27e398,0x00000000ea280000)
  to   space 11776K, 0% used [0x00000000ea280000,0x00000000ea280000,0x00000000eae00000)
 ParOldGen       total 76800K, used 17207K [0x00000000a0000000, 0x00000000a4b00000, 0x00000000e0000000)
  object space 76800K, 22% used [0x00000000a0000000,0x00000000a10cdca0,0x00000000a4b00000)
 Metaspace       used 34466K, capacity 35018K, committed 35456K, reserved 1079296K
  class space    used 4703K, capacity 4870K, committed 4992K, reserved 1048576K
Event: 6.248 GC heap after
Heap after GC invocations=7 (full 1):
 PSYoungGen      total 164864K, used 7315K [0x00000000e0000000, 0x00000000f0d00000, 0x0000000100000000)
  eden space 153088K, 0% used [0x00000000e0000000,0x00000000e0000000,0x00000000e9580000)
  from space 11776K, 62% used [0x00000000ea280000,0x00000000ea9a4fd0,0x00000000eae00000)
  to   space 13312K, 0% used [0x00000000e9580000,0x00000000e9580000,0x00000000ea280000)
 ParOldGen       total 76800K, used 17215K [0x00000000a0000000, 0x00000000a4b00000, 0x00000000e0000000)
  object space 76800K, 22% used [0x00000000a0000000,0x00000000a10cfca0,0x00000000a4b00000)
 Metaspace       used 34466K, capacity 35018K, committed 35456K, reserved 1079296K
  class space    used 4703K, capacity 4870K, committed 4992K, reserved 1048576K
}
Event: 6.248 GC heap before
{Heap before GC invocations=8 (full 2):
 PSYoungGen      total 164864K, used 7315K [0x00000000e0000000, 0x00000000f0d00000, 0x0000000100000000)
  eden space 153088K, 0% used [0x00000000e0000000,0x00000000e0000000,0x00000000e9580000)
  from space 11776K, 62% used [0x00000000ea280000,0x00000000ea9a4fd0,0x00000000eae00000)
  to   space 13312K, 0% used [0x00000000e9580000,0x00000000e9580000,0x00000000ea280000)
 ParOldGen       total 76800K, used 17215K [0x00000000a0000000, 0x00000000a4b00000, 0x00000000e0000000)
  object space 76800K, 22% used [0x00000000a0000000,0x00000000a10cfca0,0x00000000a4b00000)
 Metaspace       used 34466K, capacity 35018K, committed 35456K, reserved 1079296K
  class space    used 4703K, capacity 4870K, committed 4992K, reserved 1048576K
Event: 6.827 GC heap after
Heap after GC invocations=8 (full 2):
 PSYoungGen      total 164864K, used 0K [0x00000000e0000000, 0x00000000f0d00000, 0x0000000100000000)
  eden space 153088K, 0% used [0x00000000e0000000,0x00000000e0000000,0x00000000e9580000)
  from space 11776K, 0% used [0x00000000ea280000,0x00000000ea280000,0x00000000eae00000)
  to   space 13312K, 0% used [0x00000000e9580000,0x00000000e9580000,0x00000000ea280000)
 ParOldGen       total 119808K, used 19051K [0x00000000a0000000, 0x00000000a7500000, 0x00000000e0000000)
  object space 119808K, 15% used [0x00000000a0000000,0x00000000a129ae58,0x00000000a7500000)
 Metaspace       used 34466K, capacity 35018K, committed 35456K, reserved 1079296K
  class space    used 4703K, capacity 4870K, committed 4992K, reserved 1048576K
}
Event: 9.396 GC heap before
{Heap before GC invocations=9 (full 2):
 PSYoungGen      total 164864K, used 153088K [0x00000000e0000000, 0x00000000f0d00000, 0x0000000100000000)
  eden space 153088K, 100% used [0x00000000e0000000,0x00000000e9580000,0x00000000e9580000)
  from space 11776K, 0% used [0x00000000ea280000,0x00000000ea280000,0x00000000eae00000)
  to   space 13312K, 0% used [0x00000000e9580000,0x00000000e9580000,0x00000000ea280000)
 ParOldGen       total 119808K, used 19051K [0x00000000a0000000, 0x00000000a7500000, 0x00000000e0000000)
  object space 119808K, 15% used [0x00000000a0000000,0x00000000a129ae58,0x00000000a7500000)
 Metaspace       used 44962K, capacity 46006K, committed 46208K, reserved 1089536K
  class space    used 6231K, capacity 6481K, committed 6528K, reserved 1048576K
Event: 9.490 GC heap after
Heap after GC invocations=9 (full 2):
 PSYoungGen      total 166400K, used 13284K [0x00000000e0000000, 0x00000000ef800000, 0x0000000100000000)
  eden space 153088K, 0% used [0x00000000e0000000,0x00000000e0000000,0x00000000e9580000)
  from space 13312K, 99% used [0x00000000e9580000,0x00000000ea279110,0x00000000ea280000)
  to   space 15872K, 0% used [0x00000000ee880000,0x00000000ee880000,0x00000000ef800000)
 ParOldGen       total 119808K, used 20797K [0x00000000a0000000, 0x00000000a7500000, 0x00000000e0000000)
  object space 119808K, 17% used [0x00000000a0000000,0x00000000a144f5d0,0x00000000a7500000)
 Metaspace       used 44962K, capacity 46006K, committed 46208K, reserved 1089536K
  class space    used 6231K, capacity 6481K, committed 6528K, reserved 1048576K
}

