# JRE version: Java(TM) SE Runtime Environment (8.0_73-b02) (build 1.8.0_73-b02)
# Java VM: Java HotSpot(TM) 64-Bit Server VM (25.73-b02 mixed mode windows-amd64 compressed oops)
Heap:
 PSYoungGen      total 166400K, used 91711K [0x00000000e0000000, 0x00000000ef780000, 0x0000000100000000)
  eden space 159744K, 57% used [0x00000000e0000000,0x00000000e598fcd0,0x00000000e9c00000)
  from space 6656K, 0% used [0x00000000e9c00000,0x00000000e9c00000,0x00000000ea280000)
  to   space 14848K, 0% used [0x00000000ee900000,0x00000000ee900000,0x00000000ef780000)
 ParOldGen       total 107520K, used 20289K [0x00000000a0000000, 0x00000000a6900000, 0x00000000e0000000)
  object space 107520K, 18% used [0x00000000a0000000,0x00000000a13d0798,0x00000000a6900000)
 Metaspace       used 42454K, capacity 43386K, committed 43776K, reserved 1087488K
  class space    used 5824K, capacity 6061K, committed 6144K, reserved 1048576K
GC Heap History (10 events):
Event: 7.323 GC heap before
{Heap before GC invocations=3 (full 0):
 PSYoungGen      total 86528K, used 50774K [0x00000000e0000000, 0x00000000e5b00000, 0x0000000100000000)
  eden space 79872K, 55% used [0x00000000e0000000,0x00000000e2b16520,0x00000000e4e00000)
  from space 6656K, 99% used [0x00000000e5480000,0x00000000e5aff448,0x00000000e5b00000)
  to   space 6656K, 0% used [0x00000000e4e00000,0x00000000e4e00000,0x00000000e5480000)
 ParOldGen       total 106496K, used 1699K [0x00000000a0000000, 0x00000000a6800000, 0x00000000e0000000)
  object space 106496K, 1% used [0x00000000a0000000,0x00000000a01a8e40,0x00000000a6800000)
 Metaspace       used 20757K, capacity 21258K, committed 21296K, reserved 1067008K
  class space    used 2780K, capacity 2921K, committed 2944K, reserved 1048576K
Event: 7.419 GC heap after
Heap after GC invocations=3 (full 0):
 PSYoungGen      total 86528K, used 6624K [0x00000000e0000000, 0x00000000ea900000, 0x0000000100000000)
  eden space 79872K, 0% used [0x00000000e0000000,0x00000000e0000000,0x00000000e4e00000)
  from space 6656K, 99% used [0x00000000e4e00000,0x00000000e5478040,0x00000000e5480000)
  to   space 6656K, 0% used [0x00000000ea280000,0x00000000ea280000,0x00000000ea900000)
 ParOldGen       total 106496K, used 5872K [0x00000000a0000000, 0x00000000a6800000, 0x00000000e0000000)
  object space 106496K, 5% used [0x00000000a0000000,0x00000000a05bc3f8,0x00000000a6800000)
 Metaspace       used 20757K, capacity 21258K, committed 21296K, reserved 1067008K
  class space    used 2780K, capacity 2921K, committed 2944K, reserved 1048576K
}
Event: 7.419 GC heap before
{Heap before GC invocations=4 (full 1):
 PSYoungGen      total 86528K, used 6624K [0x00000000e0000000, 0x00000000ea900000, 0x0000000100000000)
  eden space 79872K, 0% used [0x00000000e0000000,0x00000000e0000000,0x00000000e4e00000)
  from space 6656K, 99% used [0x00000000e4e00000,0x00000000e5478040,0x00000000e5480000)
  to   space 6656K, 0% used [0x00000000ea280000,0x00000000ea280000,0x00000000ea900000)
 ParOldGen       total 106496K, used 5872K [0x00000000a0000000, 0x00000000a6800000, 0x00000000e0000000)
  object space 106496K, 5% used [0x00000000a0000000,0x00000000a05bc3f8,0x00000000a6800000)
 Metaspace       used 20757K, capacity 21258K, committed 21296K, reserved 1067008K
  class space    used 2780K, capacity 2921K, committed 2944K, reserved 1048576K
Event: 7.500 GC heap after
Heap after GC invocations=4 (full 1):
 PSYoungGen      total 86528K, used 0K [0x00000000e0000000, 0x00000000ea900000, 0x0000000100000000)
  eden space 79872K, 0% used [0x00000000e0000000,0x00000000e0000000,0x00000000e4e00000)
  from space 6656K, 0% used [0x00000000e4e00000,0x00000000e4e00000,0x00000000e5480000)
  to   space 6656K, 0% used [0x00000000ea280000,0x00000000ea280000,0x00000000ea900000)
 ParOldGen       total 68608K, used 10573K [0x00000000a0000000, 0x00000000a4300000, 0x00000000e0000000)
  object space 68608K, 15% used [0x00000000a0000000,0x00000000a0a53790,0x00000000a4300000)
 Metaspace       used 20757K, capacity 21258K, committed 21296K, reserved 1067008K
  class space    used 2780K, capacity 2921K, committed 2944K, reserved 1048576K
}
Event: 9.204 GC heap before
{Heap before GC invocations=5 (full 1):
 PSYoungGen      total 86528K, used 79872K [0x00000000e0000000, 0x00000000ea900000, 0x0000000100000000)
  eden space 79872K, 100% used [0x00000000e0000000,0x00000000e4e00000,0x00000000e4e00000)
  from space 6656K, 0% used [0x00000000e4e00000,0x00000000e4e00000,0x00000000e5480000)
  to   space 6656K, 0% used [0x00000000ea280000,0x00000000ea280000,0x00000000ea900000)
 ParOldGen       total 68608K, used 10573K [0x00000000a0000000, 0x00000000a4300000, 0x00000000e0000000)
  object space 68608K, 15% used [0x00000000a0000000,0x00000000a0a53790,0x00000000a4300000)
 Metaspace       used 27334K, capacity 27970K, committed 28160K, reserved 1073152K
  class space    used 3854K, capacity 4065K, committed 4096K, reserved 1048576K
Event: 9.250 GC heap after
Heap after GC invocations=5 (full 1):
 PSYoungGen      total 141824K, used 6651K [0x00000000e0000000, 0x00000000ea900000, 0x0000000100000000)
  eden space 135168K, 0% used [0x00000000e0000000,0x00000000e0000000,0x00000000e8400000)
  from space 6656K, 99% used [0x00000000ea280000,0x00000000ea8fef10,0x00000000ea900000)
  to   space 6656K, 0% used [0x00000000e9c00000,0x00000000e9c00000,0x00000000ea280000)
 ParOldGen       total 68608K, used 12854K [0x00000000a0000000, 0x00000000a4300000, 0x00000000e0000000)
  object space 68608K, 18% used [0x00000000a0000000,0x00000000a0c8d878,0x00000000a4300000)
 Metaspace       used 27334K, capacity 27970K, committed 28160K, reserved 1073152K
  class space    used 3854K, capacity 4065K, committed 4096K, reserved 1048576K
}
Event: 11.734 GC heap before
{Heap before GC invocations=6 (full 1):
 PSYoungGen      total 141824K, used 121549K [0x00000000e0000000, 0x00000000ea900000, 0x0000000100000000)
  eden space 135168K, 85% used [0x00000000e0000000,0x00000000e7034820,0x00000000e8400000)
  from space 6656K, 99% used [0x00000000ea280000,0x00000000ea8fef10,0x00000000ea900000)
  to   space 6656K, 0% used [0x00000000e9c00000,0x00000000e9c00000,0x00000000ea280000)
 ParOldGen       total 68608K, used 12854K [0x00000000a0000000, 0x00000000a4300000, 0x00000000e0000000)
  object space 68608K, 18% used [0x00000000a0000000,0x00000000a0c8d878,0x00000000a4300000)
 Metaspace       used 34476K, capacity 35150K, committed 35456K, reserved 1079296K
  class space    used 4745K, capacity 4940K, committed 4992K, reserved 1048576K
Event: 11.760 GC heap after
Heap after GC invocations=6 (full 1):
 PSYoungGen      total 166400K, used 6644K [0x00000000e0000000, 0x00000000ef780000, 0x0000000100000000)
  eden space 159744K, 0% used [0x00000000e0000000,0x00000000e0000000,0x00000000e9c00000)
  from space 6656K, 99% used [0x00000000e9c00000,0x00000000ea27d358,0x00000000ea280000)
  to   space 14848K, 0% used [0x00000000ee900000,0x00000000ee900000,0x00000000ef780000)
 ParOldGen       total 68608K, used 19257K [0x00000000a0000000, 0x00000000a4300000, 0x00000000e0000000)
  object space 68608K, 28% used [0x00000000a0000000,0x00000000a12ce480,0x00000000a4300000)
 Metaspace       used 34476K, capacity 35150K, committed 35456K, reserved 1079296K
  class space    used 4745K, capacity 4940K, committed 4992K, reserved 1048576K
}
Event: 11.760 GC heap before
{Heap before GC invocations=7 (full 2):
 PSYoungGen      total 166400K, used 6644K [0x00000000e0000000, 0x00000000ef780000, 0x0000000100000000)
  eden space 159744K, 0% used [0x00000000e0000000,0x00000000e0000000,0x00000000e9c00000)
  from space 6656K, 99% used [0x00000000e9c00000,0x00000000ea27d358,0x00000000ea280000)
  to   space 14848K, 0% used [0x00000000ee900000,0x00000000ee900000,0x00000000ef780000)
 ParOldGen       total 68608K, used 19257K [0x00000000a0000000, 0x00000000a4300000, 0x00000000e0000000)
  object space 68608K, 28% used [0x00000000a0000000,0x00000000a12ce480,0x00000000a4300000)
 Metaspace       used 34476K, capacity 35150K, committed 35456K, reserved 1079296K
  class space    used 4745K, capacity 4940K, committed 4992K, reserved 1048576K
Event: 11.902 GC heap after
Heap after GC invocations=7 (full 2):
 PSYoungGen      total 166400K, used 0K [0x00000000e0000000, 0x00000000ef780000, 0x0000000100000000)
  eden space 159744K, 0% used [0x00000000e0000000,0x00000000e0000000,0x00000000e9c00000)
  from space 6656K, 0% used [0x00000000e9c00000,0x00000000e9c00000,0x00000000ea280000)
  to   space 14848K, 0% used [0x00000000ee900000,0x00000000ee900000,0x00000000ef780000)
 ParOldGen       total 107520K, used 20289K [0x00000000a0000000, 0x00000000a6900000, 0x00000000e0000000)
  object space 107520K, 18% used [0x00000000a0000000,0x00000000a13d0798,0x00000000a6900000)
 Metaspace       used 34476K, capacity 35150K, committed 35456K, reserved 1079296K
  class space    used 4745K, capacity 4940K, committed 4992K, reserved 1048576K
}

