# JRE version: Java(TM) SE Runtime Environment (8.0_73-b02) (build 1.8.0_73-b02)
# Java VM: Java HotSpot(TM) 64-Bit Server VM (25.73-b02 mixed mode windows-amd64 compressed oops)
Heap:
 PSYoungGen      total 162816K, used 94632K [0x00000000e0000000, 0x00000000f2b80000, 0x0000000100000000)
  eden space 150528K, 62% used [0x00000000e0000000,0x00000000e5c6a2a8,0x00000000e9300000)
  from space 12288K, 0% used [0x00000000e9300000,0x00000000e9300000,0x00000000e9f00000)
  to   space 12288K, 0% used [0x00000000f1f80000,0x00000000f1f80000,0x00000000f2b80000)
 ParOldGen       total 69632K, used 16655K [0x00000000a0000000, 0x00000000a4400000, 0x00000000e0000000)
  object space 69632K, 23% used [0x00000000a0000000,0x00000000a1043c08,0x00000000a4400000)
 Metaspace       used 42569K, capacity 43546K, committed 43904K, reserved 1087488K
  class space    used 5888K, capacity 6157K, committed 6272K, reserved 1048576K
GC Heap History (10 events):
Event: 6.440 GC heap before
{Heap before GC invocations=5 (full 1):
 PSYoungGen      total 86528K, used 6624K [0x00000000e0000000, 0x00000000e5b00000, 0x0000000100000000)
  eden space 79872K, 0% used [0x00000000e0000000,0x00000000e0000000,0x00000000e4e00000)
  from space 6656K, 99% used [0x00000000e5480000,0x00000000e5af8020,0x00000000e5b00000)
  to   space 6656K, 0% used [0x00000000e4e00000,0x00000000e4e00000,0x00000000e5480000)
 ParOldGen       total 106496K, used 5986K [0x00000000a0000000, 0x00000000a6800000, 0x00000000e0000000)
  object space 106496K, 5% used [0x00000000a0000000,0x00000000a05d8950,0x00000000a6800000)
 Metaspace       used 20767K, capacity 21194K, committed 21296K, reserved 1067008K
  class space    used 2780K, capacity 2921K, committed 2944K, reserved 1048576K
Event: 6.585 GC heap after
Heap after GC invocations=5 (full 1):
 PSYoungGen      total 86528K, used 0K [0x00000000e0000000, 0x00000000e5b00000, 0x0000000100000000)
  eden space 79872K, 0% used [0x00000000e0000000,0x00000000e0000000,0x00000000e4e00000)
  from space 6656K, 0% used [0x00000000e5480000,0x00000000e5480000,0x00000000e5b00000)
  to   space 6656K, 0% used [0x00000000e4e00000,0x00000000e4e00000,0x00000000e5480000)
 ParOldGen       total 58368K, used 10305K [0x00000000a0000000, 0x00000000a3900000, 0x00000000e0000000)
  object space 58368K, 17% used [0x00000000a0000000,0x00000000a0a10418,0x00000000a3900000)
 Metaspace       used 20767K, capacity 21194K, committed 21296K, reserved 1067008K
  class space    used 2780K, capacity 2921K, committed 2944K, reserved 1048576K
}
Event: 10.282 GC heap before
{Heap before GC invocations=6 (full 1):
 PSYoungGen      total 86528K, used 79872K [0x00000000e0000000, 0x00000000e5b00000, 0x0000000100000000)
  eden space 79872K, 100% used [0x00000000e0000000,0x00000000e4e00000,0x00000000e4e00000)
  from space 6656K, 0% used [0x00000000e5480000,0x00000000e5480000,0x00000000e5b00000)
  to   space 6656K, 0% used [0x00000000e4e00000,0x00000000e4e00000,0x00000000e5480000)
 ParOldGen       total 58368K, used 10305K [0x00000000a0000000, 0x00000000a3900000, 0x00000000e0000000)
  object space 58368K, 17% used [0x00000000a0000000,0x00000000a0a10418,0x00000000a3900000)
 Metaspace       used 27229K, capacity 27810K, committed 28160K, reserved 1073152K
  class space    used 3849K, capacity 4033K, committed 4096K, reserved 1048576K
Event: 10.424 GC heap after
Heap after GC invocations=6 (full 1):
 PSYoungGen      total 86528K, used 6648K [0x00000000e0000000, 0x00000000eac00000, 0x0000000100000000)
  eden space 79872K, 0% used [0x00000000e0000000,0x00000000e0000000,0x00000000e4e00000)
  from space 6656K, 99% used [0x00000000e4e00000,0x00000000e547e098,0x00000000e5480000)
  to   space 11776K, 0% used [0x00000000ea080000,0x00000000ea080000,0x00000000eac00000)
 ParOldGen       total 58368K, used 12466K [0x00000000a0000000, 0x00000000a3900000, 0x00000000e0000000)
  object space 58368K, 21% used [0x00000000a0000000,0x00000000a0c2cbc0,0x00000000a3900000)
 Metaspace       used 27229K, capacity 27810K, committed 28160K, reserved 1073152K
  class space    used 3849K, capacity 4033K, committed 4096K, reserved 1048576K
}
Event: 12.539 GC heap before
{Heap before GC invocations=7 (full 1):
 PSYoungGen      total 86528K, used 86520K [0x00000000e0000000, 0x00000000eac00000, 0x0000000100000000)
  eden space 79872K, 100% used [0x00000000e0000000,0x00000000e4e00000,0x00000000e4e00000)
  from space 6656K, 99% used [0x00000000e4e00000,0x00000000e547e098,0x00000000e5480000)
  to   space 11776K, 0% used [0x00000000ea080000,0x00000000ea080000,0x00000000eac00000)
 ParOldGen       total 58368K, used 12466K [0x00000000a0000000, 0x00000000a3900000, 0x00000000e0000000)
  object space 58368K, 21% used [0x00000000a0000000,0x00000000a0c2cbc0,0x00000000a3900000)
 Metaspace       used 32258K, capacity 32938K, committed 33408K, reserved 1077248K
  class space    used 4477K, capacity 4678K, committed 4736K, reserved 1048576K
Event: 12.551 GC heap after
Heap after GC invocations=7 (full 1):
 PSYoungGen      total 161280K, used 9792K [0x00000000e0000000, 0x00000000eab00000, 0x0000000100000000)
  eden space 150528K, 0% used [0x00000000e0000000,0x00000000e0000000,0x00000000e9300000)
  from space 10752K, 91% used [0x00000000ea080000,0x00000000eaa10278,0x00000000eab00000)
  to   space 12288K, 0% used [0x00000000e9300000,0x00000000e9300000,0x00000000e9f00000)
 ParOldGen       total 58368K, used 12474K [0x00000000a0000000, 0x00000000a3900000, 0x00000000e0000000)
  object space 58368K, 21% used [0x00000000a0000000,0x00000000a0c2ebc0,0x00000000a3900000)
 Metaspace       used 32258K, capacity 32938K, committed 33408K, reserved 1077248K
  class space    used 4477K, capacity 4678K, committed 4736K, reserved 1048576K
}
Event: 13.818 GC heap before
{Heap before GC invocations=8 (full 1):
 PSYoungGen      total 161280K, used 44559K [0x00000000e0000000, 0x00000000eab00000, 0x0000000100000000)
  eden space 150528K, 23% used [0x00000000e0000000,0x00000000e21f3ce0,0x00000000e9300000)
  from space 10752K, 91% used [0x00000000ea080000,0x00000000eaa10278,0x00000000eab00000)
  to   space 12288K, 0% used [0x00000000e9300000,0x00000000e9300000,0x00000000e9f00000)
 ParOldGen       total 58368K, used 12474K [0x00000000a0000000, 0x00000000a3900000, 0x00000000e0000000)
  object space 58368K, 21% used [0x00000000a0000000,0x00000000a0c2ebc0,0x00000000a3900000)
 Metaspace       used 34551K, capacity 35182K, committed 35456K, reserved 1079296K
  class space    used 4764K, capacity 4972K, committed 4992K, reserved 1048576K
Event: 13.962 GC heap after
Heap after GC invocations=8 (full 1):
 PSYoungGen      total 162816K, used 9270K [0x00000000e0000000, 0x00000000f2b80000, 0x0000000100000000)
  eden space 150528K, 0% used [0x00000000e0000000,0x00000000e0000000,0x00000000e9300000)
  from space 12288K, 75% used [0x00000000e9300000,0x00000000e9c0da20,0x00000000e9f00000)
  to   space 12288K, 0% used [0x00000000f1f80000,0x00000000f1f80000,0x00000000f2b80000)
 ParOldGen       total 58368K, used 12482K [0x00000000a0000000, 0x00000000a3900000, 0x00000000e0000000)
  object space 58368K, 21% used [0x00000000a0000000,0x00000000a0c30bc0,0x00000000a3900000)
 Metaspace       used 34551K, capacity 35182K, committed 35456K, reserved 1079296K
  class space    used 4764K, capacity 4972K, committed 4992K, reserved 1048576K
}
Event: 13.962 GC heap before
{Heap before GC invocations=9 (full 2):
 PSYoungGen      total 162816K, used 9270K [0x00000000e0000000, 0x00000000f2b80000, 0x0000000100000000)
  eden space 150528K, 0% used [0x00000000e0000000,0x00000000e0000000,0x00000000e9300000)
  from space 12288K, 75% used [0x00000000e9300000,0x00000000e9c0da20,0x00000000e9f00000)
  to   space 12288K, 0% used [0x00000000f1f80000,0x00000000f1f80000,0x00000000f2b80000)
 ParOldGen       total 58368K, used 12482K [0x00000000a0000000, 0x00000000a3900000, 0x00000000e0000000)
  object space 58368K, 21% used [0x00000000a0000000,0x00000000a0c30bc0,0x00000000a3900000)
 Metaspace       used 34551K, capacity 35182K, committed 35456K, reserved 1079296K
  class space    used 4764K, capacity 4972K, committed 4992K, reserved 1048576K
Event: 14.116 GC heap after
Heap after GC invocations=9 (full 2):
 PSYoungGen      total 162816K, used 0K [0x00000000e0000000, 0x00000000f2b80000, 0x0000000100000000)
  eden space 150528K, 0% used [0x00000000e0000000,0x00000000e0000000,0x00000000e9300000)
  from space 12288K, 0% used [0x00000000e9300000,0x00000000e9300000,0x00000000e9f00000)
  to   space 12288K, 0% used [0x00000000f1f80000,0x00000000f1f80000,0x00000000f2b80000)
 ParOldGen       total 69632K, used 16655K [0x00000000a0000000, 0x00000000a4400000, 0x00000000e0000000)
  object space 69632K, 23% used [0x00000000a0000000,0x00000000a1043c08,0x00000000a4400000)
 Metaspace       used 34551K, capacity 35182K, committed 35456K, reserved 1079296K
  class space    used 4764K, capacity 4972K, committed 4992K, reserved 1048576K
}

