# JRE version: Java(TM) SE Runtime Environment (8.0_73-b02) (build 1.8.0_73-b02)
# Java VM: Java HotSpot(TM) 64-Bit Server VM (25.73-b02 mixed mode windows-amd64 compressed oops)
Heap:
 PSYoungGen      total 86528K, used 17128K [0x00000000e0000000, 0x00000000eaa00000, 0x0000000100000000)
  eden space 79872K, 13% used [0x00000000e0000000,0x00000000e0a3a940,0x00000000e4e00000)
  from space 6656K, 99% used [0x00000000e4e00000,0x00000000e547f6c8,0x00000000e5480000)
  to   space 11776K, 0% used [0x00000000e9e80000,0x00000000e9e80000,0x00000000eaa00000)
 ParOldGen       total 56832K, used 9921K [0x00000000a0000000, 0x00000000a3780000, 0x00000000e0000000)
  object space 56832K, 17% used [0x00000000a0000000,0x00000000a09b0508,0x00000000a3780000)
 Metaspace       used 27751K, capacity 28442K, committed 28800K, reserved 1073152K
  class space    used 3894K, capacity 4125K, committed 4224K, reserved 1048576K
GC Heap History (10 events):
Event: 1.831 GC heap before
{Heap before GC invocations=2 (full 0):
 PSYoungGen      total 46592K, used 45114K [0x00000000e0000000, 0x00000000e3400000, 0x0000000100000000)
  eden space 39936K, 100% used [0x00000000e0000000,0x00000000e2700000,0x00000000e2700000)
  from space 6656K, 77% used [0x00000000e2700000,0x00000000e2c0eae0,0x00000000e2d80000)
  to   space 6656K, 0% used [0x00000000e2d80000,0x00000000e2d80000,0x00000000e3400000)
 ParOldGen       total 106496K, used 8K [0x00000000a0000000, 0x00000000a6800000, 0x00000000e0000000)
  object space 106496K, 0% used [0x00000000a0000000,0x00000000a0002000,0x00000000a6800000)
 Metaspace       used 16260K, capacity 16594K, committed 16640K, reserved 1062912K
  class space    used 2167K, capacity 2267K, committed 2304K, reserved 1048576K
Event: 1.839 GC heap after
Heap after GC invocations=2 (full 0):
 PSYoungGen      total 46592K, used 6649K [0x00000000e0000000, 0x00000000e3400000, 0x0000000100000000)
  eden space 39936K, 0% used [0x00000000e0000000,0x00000000e0000000,0x00000000e2700000)
  from space 6656K, 99% used [0x00000000e2d80000,0x00000000e33fe578,0x00000000e3400000)
  to   space 6656K, 0% used [0x00000000e2700000,0x00000000e2700000,0x00000000e2d80000)
 ParOldGen       total 106496K, used 1918K [0x00000000a0000000, 0x00000000a6800000, 0x00000000e0000000)
  object space 106496K, 1% used [0x00000000a0000000,0x00000000a01df900,0x00000000a6800000)
 Metaspace       used 16260K, capacity 16594K, committed 16640K, reserved 1062912K
  class space    used 2167K, capacity 2267K, committed 2304K, reserved 1048576K
}
Event: 2.886 GC heap before
{Heap before GC invocations=3 (full 0):
 PSYoungGen      total 46592K, used 46585K [0x00000000e0000000, 0x00000000e3400000, 0x0000000100000000)
  eden space 39936K, 100% used [0x00000000e0000000,0x00000000e2700000,0x00000000e2700000)
  from space 6656K, 99% used [0x00000000e2d80000,0x00000000e33fe578,0x00000000e3400000)
  to   space 6656K, 0% used [0x00000000e2700000,0x00000000e2700000,0x00000000e2d80000)
 ParOldGen       total 106496K, used 1918K [0x00000000a0000000, 0x00000000a6800000, 0x00000000e0000000)
  object space 106496K, 1% used [0x00000000a0000000,0x00000000a01df900,0x00000000a6800000)
 Metaspace       used 20673K, capacity 21186K, committed 21296K, reserved 1067008K
  class space    used 2760K, capacity 2885K, committed 2944K, reserved 1048576K
Event: 2.915 GC heap after
Heap after GC invocations=3 (full 0):
 PSYoungGen      total 46592K, used 6624K [0x00000000e0000000, 0x00000000e5b00000, 0x0000000100000000)
  eden space 39936K, 0% used [0x00000000e0000000,0x00000000e0000000,0x00000000e2700000)
  from space 6656K, 99% used [0x00000000e2700000,0x00000000e2d78040,0x00000000e2d80000)
  to   space 6656K, 0% used [0x00000000e5480000,0x00000000e5480000,0x00000000e5b00000)
 ParOldGen       total 106496K, used 5955K [0x00000000a0000000, 0x00000000a6800000, 0x00000000e0000000)
  object space 106496K, 5% used [0x00000000a0000000,0x00000000a05d0c20,0x00000000a6800000)
 Metaspace       used 20673K, capacity 21186K, committed 21296K, reserved 1067008K
  class space    used 2760K, capacity 2885K, committed 2944K, reserved 1048576K
}
Event: 2.927 GC heap before
{Heap before GC invocations=4 (full 0):
 PSYoungGen      total 46592K, used 7761K [0x00000000e0000000, 0x00000000e5b00000, 0x0000000100000000)
  eden space 39936K, 2% used [0x00000000e0000000,0x00000000e011c7a0,0x00000000e2700000)
  from space 6656K, 99% used [0x00000000e2700000,0x00000000e2d78040,0x00000000e2d80000)
  to   space 6656K, 0% used [0x00000000e5480000,0x00000000e5480000,0x00000000e5b00000)
 ParOldGen       total 106496K, used 5955K [0x00000000a0000000, 0x00000000a6800000, 0x00000000e0000000)
  object space 106496K, 5% used [0x00000000a0000000,0x00000000a05d0c20,0x00000000a6800000)
 Metaspace       used 20750K, capacity 21186K, committed 21296K, reserved 1067008K
  class space    used 2773K, capacity 2885K, committed 2944K, reserved 1048576K
Event: 2.949 GC heap after
Heap after GC invocations=4 (full 0):
 PSYoungGen      total 86528K, used 6640K [0x00000000e0000000, 0x00000000e5b00000, 0x0000000100000000)
  eden space 79872K, 0% used [0x00000000e0000000,0x00000000e0000000,0x00000000e4e00000)
  from space 6656K, 99% used [0x00000000e5480000,0x00000000e5afc030,0x00000000e5b00000)
  to   space 6656K, 0% used [0x00000000e4e00000,0x00000000e4e00000,0x00000000e5480000)
 ParOldGen       total 106496K, used 6058K [0x00000000a0000000, 0x00000000a6800000, 0x00000000e0000000)
  object space 106496K, 5% used [0x00000000a0000000,0x00000000a05eaa40,0x00000000a6800000)
 Metaspace       used 20750K, capacity 21186K, committed 21296K, reserved 1067008K
  class space    used 2773K, capacity 2885K, committed 2944K, reserved 1048576K
}
Event: 2.949 GC heap before
{Heap before GC invocations=5 (full 1):
 PSYoungGen      total 86528K, used 6640K [0x00000000e0000000, 0x00000000e5b00000, 0x0000000100000000)
  eden space 79872K, 0% used [0x00000000e0000000,0x00000000e0000000,0x00000000e4e00000)
  from space 6656K, 99% used [0x00000000e5480000,0x00000000e5afc030,0x00000000e5b00000)
  to   space 6656K, 0% used [0x00000000e4e00000,0x00000000e4e00000,0x00000000e5480000)
 ParOldGen       total 106496K, used 6058K [0x00000000a0000000, 0x00000000a6800000, 0x00000000e0000000)
  object space 106496K, 5% used [0x00000000a0000000,0x00000000a05eaa40,0x00000000a6800000)
 Metaspace       used 20750K, capacity 21186K, committed 21296K, reserved 1067008K
  class space    used 2773K, capacity 2885K, committed 2944K, reserved 1048576K
Event: 3.004 GC heap after
Heap after GC invocations=5 (full 1):
 PSYoungGen      total 86528K, used 0K [0x00000000e0000000, 0x00000000e5b00000, 0x0000000100000000)
  eden space 79872K, 0% used [0x00000000e0000000,0x00000000e0000000,0x00000000e4e00000)
  from space 6656K, 0% used [0x00000000e5480000,0x00000000e5480000,0x00000000e5b00000)
  to   space 6656K, 0% used [0x00000000e4e00000,0x00000000e4e00000,0x00000000e5480000)
 ParOldGen       total 56832K, used 7686K [0x00000000a0000000, 0x00000000a3780000, 0x00000000e0000000)
  object space 56832K, 13% used [0x00000000a0000000,0x00000000a0781a30,0x00000000a3780000)
 Metaspace       used 20750K, capacity 21186K, committed 21296K, reserved 1067008K
  class space    used 2773K, capacity 2885K, committed 2944K, reserved 1048576K
}
Event: 4.280 GC heap before
{Heap before GC invocations=6 (full 1):
 PSYoungGen      total 86528K, used 79872K [0x00000000e0000000, 0x00000000e5b00000, 0x0000000100000000)
  eden space 79872K, 100% used [0x00000000e0000000,0x00000000e4e00000,0x00000000e4e00000)
  from space 6656K, 0% used [0x00000000e5480000,0x00000000e5480000,0x00000000e5b00000)
  to   space 6656K, 0% used [0x00000000e4e00000,0x00000000e4e00000,0x00000000e5480000)
 ParOldGen       total 56832K, used 7686K [0x00000000a0000000, 0x00000000a3780000, 0x00000000e0000000)
  object space 56832K, 13% used [0x00000000a0000000,0x00000000a0781a30,0x00000000a3780000)
 Metaspace       used 27248K, capacity 27834K, committed 28160K, reserved 1073152K
  class space    used 3839K, capacity 4029K, committed 4096K, reserved 1048576K
Event: 4.319 GC heap after
Heap after GC invocations=6 (full 1):
 PSYoungGen      total 86528K, used 6653K [0x00000000e0000000, 0x00000000eaa00000, 0x0000000100000000)
  eden space 79872K, 0% used [0x00000000e0000000,0x00000000e0000000,0x00000000e4e00000)
  from space 6656K, 99% used [0x00000000e4e00000,0x00000000e547f6c8,0x00000000e5480000)
  to   space 11776K, 0% used [0x00000000e9e80000,0x00000000e9e80000,0x00000000eaa00000)
 ParOldGen       total 56832K, used 9921K [0x00000000a0000000, 0x00000000a3780000, 0x00000000e0000000)
  object space 56832K, 17% used [0x00000000a0000000,0x00000000a09b0508,0x00000000a3780000)
 Metaspace       used 27248K, capacity 27834K, committed 28160K, reserved 1073152K
  class space    used 3839K, capacity 4029K, committed 4096K, reserved 1048576K
}

