# JRE version: Java(TM) SE Runtime Environment (8.0_73-b02) (build 1.8.0_73-b02)
# Java VM: Java HotSpot(TM) 64-Bit Server VM (25.73-b02 mixed mode windows-amd64 compressed oops)
Heap:
 PSYoungGen      total 70144K, used 26236K [0x00000000e0000000, 0x00000000e5500000, 0x0000000100000000)
  eden space 63488K, 31% used [0x00000000e0000000,0x00000000e1398dd8,0x00000000e3e00000)
  from space 6656K, 92% used [0x00000000e4c80000,0x00000000e52863f8,0x00000000e5300000)
  to   space 2048K, 0% used [0x00000000e5300000,0x00000000e5300000,0x00000000e5500000)
 ParOldGen       total 83456K, used 9827K [0x00000000a0000000, 0x00000000a5180000, 0x00000000e0000000)
  object space 83456K, 11% used [0x00000000a0000000,0x00000000a0998e80,0x00000000a5180000)
 Metaspace       used 28059K, capacity 28592K, committed 28928K, reserved 1075200K
  class space    used 3895K, capacity 4035K, committed 4096K, reserved 1048576K
GC Heap History (10 events):
Event: 6.877 GC heap before
{Heap before GC invocations=2 (full 0):
 PSYoungGen      total 46592K, used 45130K [0x00000000e0000000, 0x00000000e3400000, 0x0000000100000000)
  eden space 39936K, 100% used [0x00000000e0000000,0x00000000e2700000,0x00000000e2700000)
  from space 6656K, 78% used [0x00000000e2700000,0x00000000e2c12ad0,0x00000000e2d80000)
  to   space 6656K, 0% used [0x00000000e2d80000,0x00000000e2d80000,0x00000000e3400000)
 ParOldGen       total 106496K, used 8K [0x00000000a0000000, 0x00000000a6800000, 0x00000000e0000000)
  object space 106496K, 0% used [0x00000000a0000000,0x00000000a0002000,0x00000000a6800000)
 Metaspace       used 16257K, capacity 16576K, committed 16640K, reserved 1062912K
  class space    used 2155K, capacity 2264K, committed 2304K, reserved 1048576K
Event: 6.888 GC heap after
Heap after GC invocations=2 (full 0):
 PSYoungGen      total 46592K, used 6635K [0x00000000e0000000, 0x00000000e3400000, 0x0000000100000000)
  eden space 39936K, 0% used [0x00000000e0000000,0x00000000e0000000,0x00000000e2700000)
  from space 6656K, 99% used [0x00000000e2d80000,0x00000000e33fae20,0x00000000e3400000)
  to   space 6656K, 0% used [0x00000000e2700000,0x00000000e2700000,0x00000000e2d80000)
 ParOldGen       total 106496K, used 1770K [0x00000000a0000000, 0x00000000a6800000, 0x00000000e0000000)
  object space 106496K, 1% used [0x00000000a0000000,0x00000000a01baa30,0x00000000a6800000)
 Metaspace       used 16257K, capacity 16576K, committed 16640K, reserved 1062912K
  class space    used 2155K, capacity 2264K, committed 2304K, reserved 1048576K
}
Event: 7.743 GC heap before
{Heap before GC invocations=3 (full 0):
 PSYoungGen      total 46592K, used 46485K [0x00000000e0000000, 0x00000000e3400000, 0x0000000100000000)
  eden space 39936K, 99% used [0x00000000e0000000,0x00000000e26ea9a0,0x00000000e2700000)
  from space 6656K, 99% used [0x00000000e2d80000,0x00000000e33fae20,0x00000000e3400000)
  to   space 6656K, 0% used [0x00000000e2700000,0x00000000e2700000,0x00000000e2d80000)
 ParOldGen       total 106496K, used 1770K [0x00000000a0000000, 0x00000000a6800000, 0x00000000e0000000)
  object space 106496K, 1% used [0x00000000a0000000,0x00000000a01baa30,0x00000000a6800000)
 Metaspace       used 20761K, capacity 21180K, committed 21296K, reserved 1067008K
  class space    used 2792K, capacity 2915K, committed 2944K, reserved 1048576K
Event: 7.784 GC heap after
Heap after GC invocations=3 (full 0):
 PSYoungGen      total 46592K, used 6624K [0x00000000e0000000, 0x00000000e5b00000, 0x0000000100000000)
  eden space 39936K, 0% used [0x00000000e0000000,0x00000000e0000000,0x00000000e2700000)
  from space 6656K, 99% used [0x00000000e2700000,0x00000000e2d78080,0x00000000e2d80000)
  to   space 6656K, 0% used [0x00000000e5480000,0x00000000e5480000,0x00000000e5b00000)
 ParOldGen       total 106496K, used 5208K [0x00000000a0000000, 0x00000000a6800000, 0x00000000e0000000)
  object space 106496K, 4% used [0x00000000a0000000,0x00000000a0516398,0x00000000a6800000)
 Metaspace       used 20761K, capacity 21180K, committed 21296K, reserved 1067008K
  class space    used 2792K, capacity 2915K, committed 2944K, reserved 1048576K
}
Event: 7.784 GC heap before
{Heap before GC invocations=4 (full 1):
 PSYoungGen      total 46592K, used 6624K [0x00000000e0000000, 0x00000000e5b00000, 0x0000000100000000)
  eden space 39936K, 0% used [0x00000000e0000000,0x00000000e0000000,0x00000000e2700000)
  from space 6656K, 99% used [0x00000000e2700000,0x00000000e2d78080,0x00000000e2d80000)
  to   space 6656K, 0% used [0x00000000e5480000,0x00000000e5480000,0x00000000e5b00000)
 ParOldGen       total 106496K, used 5208K [0x00000000a0000000, 0x00000000a6800000, 0x00000000e0000000)
  object space 106496K, 4% used [0x00000000a0000000,0x00000000a0516398,0x00000000a6800000)
 Metaspace       used 20761K, capacity 21180K, committed 21296K, reserved 1067008K
  class space    used 2792K, capacity 2915K, committed 2944K, reserved 1048576K
Event: 8.170 GC heap after
Heap after GC invocations=4 (full 1):
 PSYoungGen      total 46592K, used 0K [0x00000000e0000000, 0x00000000e5b00000, 0x0000000100000000)
  eden space 39936K, 0% used [0x00000000e0000000,0x00000000e0000000,0x00000000e2700000)
  from space 6656K, 0% used [0x00000000e2700000,0x00000000e2700000,0x00000000e2d80000)
  to   space 6656K, 0% used [0x00000000e5480000,0x00000000e5480000,0x00000000e5b00000)
 ParOldGen       total 83456K, used 9819K [0x00000000a0000000, 0x00000000a5180000, 0x00000000e0000000)
  object space 83456K, 11% used [0x00000000a0000000,0x00000000a0996e80,0x00000000a5180000)
 Metaspace       used 20761K, capacity 21180K, committed 21296K, reserved 1067008K
  class space    used 2792K, capacity 2915K, committed 2944K, reserved 1048576K
}
Event: 9.023 GC heap before
{Heap before GC invocations=5 (full 1):
 PSYoungGen      total 46592K, used 39936K [0x00000000e0000000, 0x00000000e5b00000, 0x0000000100000000)
  eden space 39936K, 100% used [0x00000000e0000000,0x00000000e2700000,0x00000000e2700000)
  from space 6656K, 0% used [0x00000000e2700000,0x00000000e2700000,0x00000000e2d80000)
  to   space 6656K, 0% used [0x00000000e5480000,0x00000000e5480000,0x00000000e5b00000)
 ParOldGen       total 83456K, used 9819K [0x00000000a0000000, 0x00000000a5180000, 0x00000000e0000000)
  object space 83456K, 11% used [0x00000000a0000000,0x00000000a0996e80,0x00000000a5180000)
 Metaspace       used 24096K, capacity 24528K, committed 24832K, reserved 1071104K
  class space    used 3356K, capacity 3472K, committed 3584K, reserved 1048576K
Event: 9.047 GC heap after
Heap after GC invocations=5 (full 1):
 PSYoungGen      total 56320K, used 4723K [0x00000000e0000000, 0x00000000e5980000, 0x0000000100000000)
  eden space 51200K, 0% used [0x00000000e0000000,0x00000000e0000000,0x00000000e3200000)
  from space 5120K, 92% used [0x00000000e5480000,0x00000000e591cd60,0x00000000e5980000)
  to   space 6656K, 0% used [0x00000000e4c80000,0x00000000e4c80000,0x00000000e5300000)
 ParOldGen       total 83456K, used 9819K [0x00000000a0000000, 0x00000000a5180000, 0x00000000e0000000)
  object space 83456K, 11% used [0x00000000a0000000,0x00000000a0996e80,0x00000000a5180000)
 Metaspace       used 24096K, capacity 24528K, committed 24832K, reserved 1071104K
  class space    used 3356K, capacity 3472K, committed 3584K, reserved 1048576K
}
Event: 10.332 GC heap before
{Heap before GC invocations=6 (full 1):
 PSYoungGen      total 56320K, used 55923K [0x00000000e0000000, 0x00000000e5980000, 0x0000000100000000)
  eden space 51200K, 100% used [0x00000000e0000000,0x00000000e3200000,0x00000000e3200000)
  from space 5120K, 92% used [0x00000000e5480000,0x00000000e591cd60,0x00000000e5980000)
  to   space 6656K, 0% used [0x00000000e4c80000,0x00000000e4c80000,0x00000000e5300000)
 ParOldGen       total 83456K, used 9819K [0x00000000a0000000, 0x00000000a5180000, 0x00000000e0000000)
  object space 83456K, 11% used [0x00000000a0000000,0x00000000a0996e80,0x00000000a5180000)
 Metaspace       used 27394K, capacity 27962K, committed 28416K, reserved 1073152K
  class space    used 3806K, capacity 3997K, committed 4096K, reserved 1048576K
Event: 10.339 GC heap after
Heap after GC invocations=6 (full 1):
 PSYoungGen      total 70144K, used 6168K [0x00000000e0000000, 0x00000000e5500000, 0x0000000100000000)
  eden space 63488K, 0% used [0x00000000e0000000,0x00000000e0000000,0x00000000e3e00000)
  from space 6656K, 92% used [0x00000000e4c80000,0x00000000e52863f8,0x00000000e5300000)
  to   space 2048K, 0% used [0x00000000e5300000,0x00000000e5300000,0x00000000e5500000)
 ParOldGen       total 83456K, used 9827K [0x00000000a0000000, 0x00000000a5180000, 0x00000000e0000000)
  object space 83456K, 11% used [0x00000000a0000000,0x00000000a0998e80,0x00000000a5180000)
 Metaspace       used 27394K, capacity 27962K, committed 28416K, reserved 1073152K
  class space    used 3806K, capacity 3997K, committed 4096K, reserved 1048576K
}

