# JRE version: Java(TM) SE Runtime Environment (8.0_73-b02) (build 1.8.0_73-b02)
# Java VM: Java HotSpot(TM) 64-Bit Server VM (25.73-b02 mixed mode windows-amd64 compressed oops)
Heap:
 PSYoungGen      total 296448K, used 34801K [0x00000000e0000000, 0x00000000f3880000, 0x0000000100000000)
  eden space 273920K, 12% used [0x00000000e0000000,0x00000000e21fc4d0,0x00000000f0b80000)
  from space 22528K, 0% used [0x00000000f0b80000,0x00000000f0b80000,0x00000000f2180000)
  to   space 23040K, 0% used [0x00000000f2200000,0x00000000f2200000,0x00000000f3880000)
 ParOldGen       total 162304K, used 100708K [0x00000000a0000000, 0x00000000a9e80000, 0x00000000e0000000)
  object space 162304K, 62% used [0x00000000a0000000,0x00000000a6259028,0x00000000a9e80000)
 Metaspace       used 85708K, capacity 94098K, committed 94296K, reserved 1130496K
  class space    used 12262K, capacity 14116K, committed 14208K, reserved 1048576K
GC Heap History (10 events):
Event: 1804.253 GC heap before
{Heap before GC invocations=28 (full 9):
 PSYoungGen      total 263680K, used 14441K [0x00000000e0000000, 0x00000000f3780000, 0x0000000100000000)
  eden space 241152K, 0% used [0x00000000e0000000,0x00000000e0000000,0x00000000eeb80000)
  from space 22528K, 64% used [0x00000000eeb80000,0x00000000ef99a608,0x00000000f0180000)
  to   space 22528K, 0% used [0x00000000f2180000,0x00000000f2180000,0x00000000f3780000)
 ParOldGen       total 162304K, used 75961K [0x00000000a0000000, 0x00000000a9e80000, 0x00000000e0000000)
  object space 162304K, 46% used [0x00000000a0000000,0x00000000a4a2e4b8,0x00000000a9e80000)
 Metaspace       used 80070K, capacity 86148K, committed 86360K, reserved 1122304K
  class space    used 11248K, capacity 12670K, committed 12672K, reserved 1048576K
Event: 1805.336 GC heap after
Heap after GC invocations=28 (full 9):
 PSYoungGen      total 263680K, used 0K [0x00000000e0000000, 0x00000000f3780000, 0x0000000100000000)
  eden space 241152K, 0% used [0x00000000e0000000,0x00000000e0000000,0x00000000eeb80000)
  from space 22528K, 0% used [0x00000000eeb80000,0x00000000eeb80000,0x00000000f0180000)
  to   space 22528K, 0% used [0x00000000f2180000,0x00000000f2180000,0x00000000f3780000)
 ParOldGen       total 162304K, used 81285K [0x00000000a0000000, 0x00000000a9e80000, 0x00000000e0000000)
  object space 162304K, 50% used [0x00000000a0000000,0x00000000a4f614c8,0x00000000a9e80000)
 Metaspace       used 79804K, capacity 85634K, committed 86360K, reserved 1122304K
  class space    used 11182K, capacity 12534K, committed 12672K, reserved 1048576K
}
Event: 1998.168 GC heap before
{Heap before GC invocations=29 (full 9):
 PSYoungGen      total 263680K, used 74809K [0x00000000e0000000, 0x00000000f3780000, 0x0000000100000000)
  eden space 241152K, 31% used [0x00000000e0000000,0x00000000e490e6d0,0x00000000eeb80000)
  from space 22528K, 0% used [0x00000000eeb80000,0x00000000eeb80000,0x00000000f0180000)
  to   space 22528K, 0% used [0x00000000f2180000,0x00000000f2180000,0x00000000f3780000)
 ParOldGen       total 162304K, used 81285K [0x00000000a0000000, 0x00000000a9e80000, 0x00000000e0000000)
  object space 162304K, 50% used [0x00000000a0000000,0x00000000a4f614c8,0x00000000a9e80000)
 Metaspace       used 81073K, capacity 87278K, committed 87384K, reserved 1124352K
  class space    used 11406K, capacity 12848K, committed 12928K, reserved 1048576K
Event: 1998.179 GC heap after
Heap after GC invocations=29 (full 9):
 PSYoungGen      total 296448K, used 5340K [0x00000000e0000000, 0x00000000f3780000, 0x0000000100000000)
  eden space 273920K, 0% used [0x00000000e0000000,0x00000000e0000000,0x00000000f0b80000)
  from space 22528K, 23% used [0x00000000f2180000,0x00000000f26b7010,0x00000000f3780000)
  to   space 22528K, 0% used [0x00000000f0b80000,0x00000000f0b80000,0x00000000f2180000)
 ParOldGen       total 162304K, used 81293K [0x00000000a0000000, 0x00000000a9e80000, 0x00000000e0000000)
  object space 162304K, 50% used [0x00000000a0000000,0x00000000a4f634c8,0x00000000a9e80000)
 Metaspace       used 81073K, capacity 87278K, committed 87384K, reserved 1124352K
  class space    used 11406K, capacity 12848K, committed 12928K, reserved 1048576K
}
Event: 1998.179 GC heap before
{Heap before GC invocations=30 (full 10):
 PSYoungGen      total 296448K, used 5340K [0x00000000e0000000, 0x00000000f3780000, 0x0000000100000000)
  eden space 273920K, 0% used [0x00000000e0000000,0x00000000e0000000,0x00000000f0b80000)
  from space 22528K, 23% used [0x00000000f2180000,0x00000000f26b7010,0x00000000f3780000)
  to   space 22528K, 0% used [0x00000000f0b80000,0x00000000f0b80000,0x00000000f2180000)
 ParOldGen       total 162304K, used 81293K [0x00000000a0000000, 0x00000000a9e80000, 0x00000000e0000000)
  object space 162304K, 50% used [0x00000000a0000000,0x00000000a4f634c8,0x00000000a9e80000)
 Metaspace       used 81073K, capacity 87278K, committed 87384K, reserved 1124352K
  class space    used 11406K, capacity 12848K, committed 12928K, reserved 1048576K
Event: 1998.670 GC heap after
Heap after GC invocations=30 (full 10):
 PSYoungGen      total 296448K, used 0K [0x00000000e0000000, 0x00000000f3780000, 0x0000000100000000)
  eden space 273920K, 0% used [0x00000000e0000000,0x00000000e0000000,0x00000000f0b80000)
  from space 22528K, 0% used [0x00000000f2180000,0x00000000f2180000,0x00000000f3780000)
  to   space 22528K, 0% used [0x00000000f0b80000,0x00000000f0b80000,0x00000000f2180000)
 ParOldGen       total 162304K, used 85900K [0x00000000a0000000, 0x00000000a9e80000, 0x00000000e0000000)
  object space 162304K, 52% used [0x00000000a0000000,0x00000000a53e3138,0x00000000a9e80000)
 Metaspace       used 81073K, capacity 87278K, committed 87384K, reserved 1124352K
  class space    used 11406K, capacity 12848K, committed 12928K, reserved 1048576K
}
Event: 2138.424 GC heap before
{Heap before GC invocations=31 (full 10):
 PSYoungGen      total 296448K, used 221449K [0x00000000e0000000, 0x00000000f3780000, 0x0000000100000000)
  eden space 273920K, 80% used [0x00000000e0000000,0x00000000ed8426c8,0x00000000f0b80000)
  from space 22528K, 0% used [0x00000000f2180000,0x00000000f2180000,0x00000000f3780000)
  to   space 22528K, 0% used [0x00000000f0b80000,0x00000000f0b80000,0x00000000f2180000)
 ParOldGen       total 162304K, used 85900K [0x00000000a0000000, 0x00000000a9e80000, 0x00000000e0000000)
  object space 162304K, 52% used [0x00000000a0000000,0x00000000a53e3138,0x00000000a9e80000)
 Metaspace       used 85505K, capacity 93782K, committed 93912K, reserved 1128448K
  class space    used 12225K, capacity 14052K, committed 14080K, reserved 1048576K
Event: 2138.612 GC heap after
Heap after GC invocations=31 (full 10):
 PSYoungGen      total 296448K, used 15636K [0x00000000e0000000, 0x00000000f3880000, 0x0000000100000000)
  eden space 273920K, 0% used [0x00000000e0000000,0x00000000e0000000,0x00000000f0b80000)
  from space 22528K, 69% used [0x00000000f0b80000,0x00000000f1ac5278,0x00000000f2180000)
  to   space 23040K, 0% used [0x00000000f2200000,0x00000000f2200000,0x00000000f3880000)
 ParOldGen       total 162304K, used 85908K [0x00000000a0000000, 0x00000000a9e80000, 0x00000000e0000000)
  object space 162304K, 52% used [0x00000000a0000000,0x00000000a53e5138,0x00000000a9e80000)
 Metaspace       used 85505K, capacity 93782K, committed 93912K, reserved 1128448K
  class space    used 12225K, capacity 14052K, committed 14080K, reserved 1048576K
}
Event: 2138.612 GC heap before
{Heap before GC invocations=32 (full 11):
 PSYoungGen      total 296448K, used 15636K [0x00000000e0000000, 0x00000000f3880000, 0x0000000100000000)
  eden space 273920K, 0% used [0x00000000e0000000,0x00000000e0000000,0x00000000f0b80000)
  from space 22528K, 69% used [0x00000000f0b80000,0x00000000f1ac5278,0x00000000f2180000)
  to   space 23040K, 0% used [0x00000000f2200000,0x00000000f2200000,0x00000000f3880000)
 ParOldGen       total 162304K, used 85908K [0x00000000a0000000, 0x00000000a9e80000, 0x00000000e0000000)
  object space 162304K, 52% used [0x00000000a0000000,0x00000000a53e5138,0x00000000a9e80000)
 Metaspace       used 85505K, capacity 93782K, committed 93912K, reserved 1128448K
  class space    used 12225K, capacity 14052K, committed 14080K, reserved 1048576K
Event: 2139.581 GC heap after
Heap after GC invocations=32 (full 11):
 PSYoungGen      total 296448K, used 0K [0x00000000e0000000, 0x00000000f3880000, 0x0000000100000000)
  eden space 273920K, 0% used [0x00000000e0000000,0x00000000e0000000,0x00000000f0b80000)
  from space 22528K, 0% used [0x00000000f0b80000,0x00000000f0b80000,0x00000000f2180000)
  to   space 23040K, 0% used [0x00000000f2200000,0x00000000f2200000,0x00000000f3880000)
 ParOldGen       total 162304K, used 100708K [0x00000000a0000000, 0x00000000a9e80000, 0x00000000e0000000)
  object space 162304K, 62% used [0x00000000a0000000,0x00000000a6259028,0x00000000a9e80000)
 Metaspace       used 85505K, capacity 93782K, committed 93912K, reserved 1128448K
  class space    used 12225K, capacity 14052K, committed 14080K, reserved 1048576K
}

