# JRE version: Java(TM) SE Runtime Environment (8.0_73-b02) (build 1.8.0_73-b02)
# Java VM: Java HotSpot(TM) 64-Bit Server VM (25.73-b02 mixed mode windows-amd64 compressed oops)
Heap:
 PSYoungGen      total 166400K, used 89151K [0x00000000e0000000, 0x00000000ebf00000, 0x0000000100000000)
  eden space 159744K, 55% used [0x00000000e0000000,0x00000000e570fcb0,0x00000000e9c00000)
  from space 6656K, 0% used [0x00000000e9c00000,0x00000000e9c00000,0x00000000ea280000)
  to   space 14848K, 0% used [0x00000000eb080000,0x00000000eb080000,0x00000000ebf00000)
 ParOldGen       total 121856K, used 20341K [0x00000000a0000000, 0x00000000a7700000, 0x00000000e0000000)
  object space 121856K, 16% used [0x00000000a0000000,0x00000000a13dd4a8,0x00000000a7700000)
 Metaspace       used 42173K, capacity 43060K, committed 43392K, reserved 1087488K
  class space    used 5770K, capacity 5996K, committed 6016K, reserved 1048576K
GC Heap History (10 events):
Event: 6.247 GC heap before
{Heap before GC invocations=3 (full 0):
 PSYoungGen      total 86528K, used 48354K [0x00000000e0000000, 0x00000000e5b00000, 0x0000000100000000)
  eden space 79872K, 52% used [0x00000000e0000000,0x00000000e28bd590,0x00000000e4e00000)
  from space 6656K, 99% used [0x00000000e5480000,0x00000000e5afb570,0x00000000e5b00000)
  to   space 6656K, 0% used [0x00000000e4e00000,0x00000000e4e00000,0x00000000e5480000)
 ParOldGen       total 106496K, used 1884K [0x00000000a0000000, 0x00000000a6800000, 0x00000000e0000000)
  object space 106496K, 1% used [0x00000000a0000000,0x00000000a01d7180,0x00000000a6800000)
 Metaspace       used 20812K, capacity 21226K, committed 21296K, reserved 1067008K
  class space    used 2773K, capacity 2889K, committed 2944K, reserved 1048576K
Event: 6.316 GC heap after
Heap after GC invocations=3 (full 0):
 PSYoungGen      total 86528K, used 6640K [0x00000000e0000000, 0x00000000ea900000, 0x0000000100000000)
  eden space 79872K, 0% used [0x00000000e0000000,0x00000000e0000000,0x00000000e4e00000)
  from space 6656K, 99% used [0x00000000e4e00000,0x00000000e547c010,0x00000000e5480000)
  to   space 6656K, 0% used [0x00000000ea280000,0x00000000ea280000,0x00000000ea900000)
 ParOldGen       total 106496K, used 6052K [0x00000000a0000000, 0x00000000a6800000, 0x00000000e0000000)
  object space 106496K, 5% used [0x00000000a0000000,0x00000000a05e92a0,0x00000000a6800000)
 Metaspace       used 20812K, capacity 21226K, committed 21296K, reserved 1067008K
  class space    used 2773K, capacity 2889K, committed 2944K, reserved 1048576K
}
Event: 6.316 GC heap before
{Heap before GC invocations=4 (full 1):
 PSYoungGen      total 86528K, used 6640K [0x00000000e0000000, 0x00000000ea900000, 0x0000000100000000)
  eden space 79872K, 0% used [0x00000000e0000000,0x00000000e0000000,0x00000000e4e00000)
  from space 6656K, 99% used [0x00000000e4e00000,0x00000000e547c010,0x00000000e5480000)
  to   space 6656K, 0% used [0x00000000ea280000,0x00000000ea280000,0x00000000ea900000)
 ParOldGen       total 106496K, used 6052K [0x00000000a0000000, 0x00000000a6800000, 0x00000000e0000000)
  object space 106496K, 5% used [0x00000000a0000000,0x00000000a05e92a0,0x00000000a6800000)
 Metaspace       used 20812K, capacity 21226K, committed 21296K, reserved 1067008K
  class space    used 2773K, capacity 2889K, committed 2944K, reserved 1048576K
Event: 6.539 GC heap after
Heap after GC invocations=4 (full 1):
 PSYoungGen      total 86528K, used 0K [0x00000000e0000000, 0x00000000ea900000, 0x0000000100000000)
  eden space 79872K, 0% used [0x00000000e0000000,0x00000000e0000000,0x00000000e4e00000)
  from space 6656K, 0% used [0x00000000e4e00000,0x00000000e4e00000,0x00000000e5480000)
  to   space 6656K, 0% used [0x00000000ea280000,0x00000000ea280000,0x00000000ea900000)
 ParOldGen       total 75776K, used 10560K [0x00000000a0000000, 0x00000000a4a00000, 0x00000000e0000000)
  object space 75776K, 13% used [0x00000000a0000000,0x00000000a0a500e0,0x00000000a4a00000)
 Metaspace       used 20812K, capacity 21226K, committed 21296K, reserved 1067008K
  class space    used 2773K, capacity 2889K, committed 2944K, reserved 1048576K
}
Event: 7.695 GC heap before
{Heap before GC invocations=5 (full 1):
 PSYoungGen      total 86528K, used 79872K [0x00000000e0000000, 0x00000000ea900000, 0x0000000100000000)
  eden space 79872K, 100% used [0x00000000e0000000,0x00000000e4e00000,0x00000000e4e00000)
  from space 6656K, 0% used [0x00000000e4e00000,0x00000000e4e00000,0x00000000e5480000)
  to   space 6656K, 0% used [0x00000000ea280000,0x00000000ea280000,0x00000000ea900000)
 ParOldGen       total 75776K, used 10560K [0x00000000a0000000, 0x00000000a4a00000, 0x00000000e0000000)
  object space 75776K, 13% used [0x00000000a0000000,0x00000000a0a500e0,0x00000000a4a00000)
 Metaspace       used 27277K, capacity 27938K, committed 28160K, reserved 1073152K
  class space    used 3833K, capacity 4033K, committed 4096K, reserved 1048576K
Event: 7.705 GC heap after
Heap after GC invocations=5 (full 1):
 PSYoungGen      total 122368K, used 6651K [0x00000000e0000000, 0x00000000ea900000, 0x0000000100000000)
  eden space 115712K, 0% used [0x00000000e0000000,0x00000000e0000000,0x00000000e7100000)
  from space 6656K, 99% used [0x00000000ea280000,0x00000000ea8fec00,0x00000000ea900000)
  to   space 6656K, 0% used [0x00000000e9c00000,0x00000000e9c00000,0x00000000ea280000)
 ParOldGen       total 75776K, used 12784K [0x00000000a0000000, 0x00000000a4a00000, 0x00000000e0000000)
  object space 75776K, 16% used [0x00000000a0000000,0x00000000a0c7c308,0x00000000a4a00000)
 Metaspace       used 27277K, capacity 27938K, committed 28160K, reserved 1073152K
  class space    used 3833K, capacity 4033K, committed 4096K, reserved 1048576K
}
Event: 9.447 GC heap before
{Heap before GC invocations=6 (full 1):
 PSYoungGen      total 122368K, used 122363K [0x00000000e0000000, 0x00000000ea900000, 0x0000000100000000)
  eden space 115712K, 100% used [0x00000000e0000000,0x00000000e7100000,0x00000000e7100000)
  from space 6656K, 99% used [0x00000000ea280000,0x00000000ea8fec00,0x00000000ea900000)
  to   space 6656K, 0% used [0x00000000e9c00000,0x00000000e9c00000,0x00000000ea280000)
 ParOldGen       total 75776K, used 12784K [0x00000000a0000000, 0x00000000a4a00000, 0x00000000e0000000)
  object space 75776K, 16% used [0x00000000a0000000,0x00000000a0c7c308,0x00000000a4a00000)
 Metaspace       used 34453K, capacity 35150K, committed 35456K, reserved 1079296K
  class space    used 4735K, capacity 4940K, committed 4992K, reserved 1048576K
Event: 9.483 GC heap after
Heap after GC invocations=6 (full 1):
 PSYoungGen      total 166400K, used 6651K [0x00000000e0000000, 0x00000000ebf00000, 0x0000000100000000)
  eden space 159744K, 0% used [0x00000000e0000000,0x00000000e0000000,0x00000000e9c00000)
  from space 6656K, 99% used [0x00000000e9c00000,0x00000000ea27eff8,0x00000000ea280000)
  to   space 14848K, 0% used [0x00000000eb080000,0x00000000eb080000,0x00000000ebf00000)
 ParOldGen       total 75776K, used 19249K [0x00000000a0000000, 0x00000000a4a00000, 0x00000000e0000000)
  object space 75776K, 25% used [0x00000000a0000000,0x00000000a12cc468,0x00000000a4a00000)
 Metaspace       used 34453K, capacity 35150K, committed 35456K, reserved 1079296K
  class space    used 4735K, capacity 4940K, committed 4992K, reserved 1048576K
}
Event: 9.483 GC heap before
{Heap before GC invocations=7 (full 2):
 PSYoungGen      total 166400K, used 6651K [0x00000000e0000000, 0x00000000ebf00000, 0x0000000100000000)
  eden space 159744K, 0% used [0x00000000e0000000,0x00000000e0000000,0x00000000e9c00000)
  from space 6656K, 99% used [0x00000000e9c00000,0x00000000ea27eff8,0x00000000ea280000)
  to   space 14848K, 0% used [0x00000000eb080000,0x00000000eb080000,0x00000000ebf00000)
 ParOldGen       total 75776K, used 19249K [0x00000000a0000000, 0x00000000a4a00000, 0x00000000e0000000)
  object space 75776K, 25% used [0x00000000a0000000,0x00000000a12cc468,0x00000000a4a00000)
 Metaspace       used 34453K, capacity 35150K, committed 35456K, reserved 1079296K
  class space    used 4735K, capacity 4940K, committed 4992K, reserved 1048576K
Event: 9.585 GC heap after
Heap after GC invocations=7 (full 2):
 PSYoungGen      total 166400K, used 0K [0x00000000e0000000, 0x00000000ebf00000, 0x0000000100000000)
  eden space 159744K, 0% used [0x00000000e0000000,0x00000000e0000000,0x00000000e9c00000)
  from space 6656K, 0% used [0x00000000e9c00000,0x00000000e9c00000,0x00000000ea280000)
  to   space 14848K, 0% used [0x00000000eb080000,0x00000000eb080000,0x00000000ebf00000)
 ParOldGen       total 121856K, used 20341K [0x00000000a0000000, 0x00000000a7700000, 0x00000000e0000000)
  object space 121856K, 16% used [0x00000000a0000000,0x00000000a13dd4a8,0x00000000a7700000)
 Metaspace       used 34453K, capacity 35150K, committed 35456K, reserved 1079296K
  class space    used 4735K, capacity 4940K, committed 4992K, reserved 1048576K
}

