# JRE version: Java(TM) SE Runtime Environment (8.0_73-b02) (build 1.8.0_73-b02)
# Java VM: Java HotSpot(TM) 64-Bit Server VM (25.73-b02 mixed mode windows-amd64 compressed oops)
Heap:
 PSYoungGen      total 229376K, used 19627K [0x00000000e0000000, 0x00000000f0b80000, 0x0000000100000000)
  eden space 211456K, 9% used [0x00000000e0000000,0x00000000e132af58,0x00000000ece80000)
  from space 17920K, 0% used [0x00000000ece80000,0x00000000ece80000,0x00000000ee000000)
  to   space 26112K, 0% used [0x00000000ef200000,0x00000000ef200000,0x00000000f0b80000)
 ParOldGen       total 112640K, used 42349K [0x00000000a0000000, 0x00000000a6e00000, 0x00000000e0000000)
  object space 112640K, 37% used [0x00000000a0000000,0x00000000a295b7f0,0x00000000a6e00000)
 Metaspace       used 51579K, capacity 53502K, committed 53632K, reserved 1095680K
  class space    used 7249K, capacity 7706K, committed 7808K, reserved 1048576K
GC Heap History (10 events):
Event: 10.585 GC heap before
{Heap before GC invocations=6 (full 1):
 PSYoungGen      total 137216K, used 122094K [0x00000000e0000000, 0x00000000ea900000, 0x0000000100000000)
  eden space 130560K, 88% used [0x00000000e0000000,0x00000000e70bdaa0,0x00000000e7f80000)
  from space 6656K, 99% used [0x00000000ea280000,0x00000000ea8fdeb8,0x00000000ea900000)
  to   space 6656K, 0% used [0x00000000e9c00000,0x00000000e9c00000,0x00000000ea280000)
 ParOldGen       total 69120K, used 12901K [0x00000000a0000000, 0x00000000a4380000, 0x00000000e0000000)
  object space 69120K, 18% used [0x00000000a0000000,0x00000000a0c996c0,0x00000000a4380000)
 Metaspace       used 34449K, capacity 35150K, committed 35456K, reserved 1079296K
  class space    used 4737K, capacity 4940K, committed 4992K, reserved 1048576K
Event: 10.610 GC heap after
Heap after GC invocations=6 (full 1):
 PSYoungGen      total 166400K, used 6644K [0x00000000e0000000, 0x00000000eee80000, 0x0000000100000000)
  eden space 159744K, 0% used [0x00000000e0000000,0x00000000e0000000,0x00000000e9c00000)
  from space 6656K, 99% used [0x00000000e9c00000,0x00000000ea27d358,0x00000000ea280000)
  to   space 14848K, 0% used [0x00000000ee000000,0x00000000ee000000,0x00000000eee80000)
 ParOldGen       total 69120K, used 19305K [0x00000000a0000000, 0x00000000a4380000, 0x00000000e0000000)
  object space 69120K, 27% used [0x00000000a0000000,0x00000000a12da448,0x00000000a4380000)
 Metaspace       used 34449K, capacity 35150K, committed 35456K, reserved 1079296K
  class space    used 4737K, capacity 4940K, committed 4992K, reserved 1048576K
}
Event: 10.610 GC heap before
{Heap before GC invocations=7 (full 2):
 PSYoungGen      total 166400K, used 6644K [0x00000000e0000000, 0x00000000eee80000, 0x0000000100000000)
  eden space 159744K, 0% used [0x00000000e0000000,0x00000000e0000000,0x00000000e9c00000)
  from space 6656K, 99% used [0x00000000e9c00000,0x00000000ea27d358,0x00000000ea280000)
  to   space 14848K, 0% used [0x00000000ee000000,0x00000000ee000000,0x00000000eee80000)
 ParOldGen       total 69120K, used 19305K [0x00000000a0000000, 0x00000000a4380000, 0x00000000e0000000)
  object space 69120K, 27% used [0x00000000a0000000,0x00000000a12da448,0x00000000a4380000)
 Metaspace       used 34449K, capacity 35150K, committed 35456K, reserved 1079296K
  class space    used 4737K, capacity 4940K, committed 4992K, reserved 1048576K
Event: 10.704 GC heap after
Heap after GC invocations=7 (full 2):
 PSYoungGen      total 166400K, used 0K [0x00000000e0000000, 0x00000000eee80000, 0x0000000100000000)
  eden space 159744K, 0% used [0x00000000e0000000,0x00000000e0000000,0x00000000e9c00000)
  from space 6656K, 0% used [0x00000000e9c00000,0x00000000e9c00000,0x00000000ea280000)
  to   space 14848K, 0% used [0x00000000ee000000,0x00000000ee000000,0x00000000eee80000)
 ParOldGen       total 112640K, used 20269K [0x00000000a0000000, 0x00000000a6e00000, 0x00000000e0000000)
  object space 112640K, 17% used [0x00000000a0000000,0x00000000a13cb7c8,0x00000000a6e00000)
 Metaspace       used 34449K, capacity 35150K, committed 35456K, reserved 1079296K
  class space    used 4737K, capacity 4940K, committed 4992K, reserved 1048576K
}
Event: 13.040 GC heap before
{Heap before GC invocations=8 (full 2):
 PSYoungGen      total 166400K, used 159744K [0x00000000e0000000, 0x00000000eee80000, 0x0000000100000000)
  eden space 159744K, 100% used [0x00000000e0000000,0x00000000e9c00000,0x00000000e9c00000)
  from space 6656K, 0% used [0x00000000e9c00000,0x00000000e9c00000,0x00000000ea280000)
  to   space 14848K, 0% used [0x00000000ee000000,0x00000000ee000000,0x00000000eee80000)
 ParOldGen       total 112640K, used 20269K [0x00000000a0000000, 0x00000000a6e00000, 0x00000000e0000000)
  object space 112640K, 17% used [0x00000000a0000000,0x00000000a13cb7c8,0x00000000a6e00000)
 Metaspace       used 45719K, capacity 47006K, committed 47232K, reserved 1089536K
  class space    used 6340K, capacity 6659K, committed 6784K, reserved 1048576K
Event: 13.065 GC heap after
Heap after GC invocations=8 (full 2):
 PSYoungGen      total 226304K, used 14840K [0x00000000e0000000, 0x00000000efb80000, 0x0000000100000000)
  eden space 211456K, 0% used [0x00000000e0000000,0x00000000e0000000,0x00000000ece80000)
  from space 14848K, 99% used [0x00000000ee000000,0x00000000eee7e360,0x00000000eee80000)
  to   space 17920K, 0% used [0x00000000ece80000,0x00000000ece80000,0x00000000ee000000)
 ParOldGen       total 112640K, used 21827K [0x00000000a0000000, 0x00000000a6e00000, 0x00000000e0000000)
  object space 112640K, 19% used [0x00000000a0000000,0x00000000a1550fe8,0x00000000a6e00000)
 Metaspace       used 45719K, capacity 47006K, committed 47232K, reserved 1089536K
  class space    used 6340K, capacity 6659K, committed 6784K, reserved 1048576K
}
Event: 14.694 GC heap before
{Heap before GC invocations=9 (full 2):
 PSYoungGen      total 226304K, used 159585K [0x00000000e0000000, 0x00000000efb80000, 0x0000000100000000)
  eden space 211456K, 68% used [0x00000000e0000000,0x00000000e8d5a260,0x00000000ece80000)
  from space 14848K, 99% used [0x00000000ee000000,0x00000000eee7e360,0x00000000eee80000)
  to   space 17920K, 0% used [0x00000000ece80000,0x00000000ece80000,0x00000000ee000000)
 ParOldGen       total 112640K, used 21827K [0x00000000a0000000, 0x00000000a6e00000, 0x00000000e0000000)
  object space 112640K, 19% used [0x00000000a0000000,0x00000000a1550fe8,0x00000000a6e00000)
 Metaspace       used 51471K, capacity 53404K, committed 53504K, reserved 1095680K
  class space    used 7240K, capacity 7663K, committed 7680K, reserved 1048576K
Event: 14.740 GC heap after
Heap after GC invocations=9 (full 2):
 PSYoungGen      total 229376K, used 17915K [0x00000000e0000000, 0x00000000f0b80000, 0x0000000100000000)
  eden space 211456K, 0% used [0x00000000e0000000,0x00000000e0000000,0x00000000ece80000)
  from space 17920K, 99% used [0x00000000ece80000,0x00000000edffeff0,0x00000000ee000000)
  to   space 26112K, 0% used [0x00000000ef200000,0x00000000ef200000,0x00000000f0b80000)
 ParOldGen       total 112640K, used 32918K [0x00000000a0000000, 0x00000000a6e00000, 0x00000000e0000000)
  object space 112640K, 29% used [0x00000000a0000000,0x00000000a2025a18,0x00000000a6e00000)
 Metaspace       used 51471K, capacity 53404K, committed 53504K, reserved 1095680K
  class space    used 7240K, capacity 7663K, committed 7680K, reserved 1048576K
}
Event: 14.740 GC heap before
{Heap before GC invocations=10 (full 3):
 PSYoungGen      total 229376K, used 17915K [0x00000000e0000000, 0x00000000f0b80000, 0x0000000100000000)
  eden space 211456K, 0% used [0x00000000e0000000,0x00000000e0000000,0x00000000ece80000)
  from space 17920K, 99% used [0x00000000ece80000,0x00000000edffeff0,0x00000000ee000000)
  to   space 26112K, 0% used [0x00000000ef200000,0x00000000ef200000,0x00000000f0b80000)
 ParOldGen       total 112640K, used 32918K [0x00000000a0000000, 0x00000000a6e00000, 0x00000000e0000000)
  object space 112640K, 29% used [0x00000000a0000000,0x00000000a2025a18,0x00000000a6e00000)
 Metaspace       used 51471K, capacity 53404K, committed 53504K, reserved 1095680K
  class space    used 7240K, capacity 7663K, committed 7680K, reserved 1048576K
Event: 15.052 GC heap after
Heap after GC invocations=10 (full 3):
 PSYoungGen      total 229376K, used 0K [0x00000000e0000000, 0x00000000f0b80000, 0x0000000100000000)
  eden space 211456K, 0% used [0x00000000e0000000,0x00000000e0000000,0x00000000ece80000)
  from space 17920K, 0% used [0x00000000ece80000,0x00000000ece80000,0x00000000ee000000)
  to   space 26112K, 0% used [0x00000000ef200000,0x00000000ef200000,0x00000000f0b80000)
 ParOldGen       total 112640K, used 42349K [0x00000000a0000000, 0x00000000a6e00000, 0x00000000e0000000)
  object space 112640K, 37% used [0x00000000a0000000,0x00000000a295b7f0,0x00000000a6e00000)
 Metaspace       used 51471K, capacity 53404K, committed 53504K, reserved 1095680K
  class space    used 7240K, capacity 7663K, committed 7680K, reserved 1048576K
}

