# JRE version: Java(TM) SE Runtime Environment (8.0_73-b02) (build 1.8.0_73-b02)
# Java VM: Java HotSpot(TM) 64-Bit Server VM (25.73-b02 mixed mode windows-amd64 compressed oops)
Heap:
 PSYoungGen      total 116736K, used 64841K [0x00000000e0000000, 0x00000000eb900000, 0x0000000100000000)
  eden space 103936K, 62% used [0x00000000e0000000,0x00000000e3f527b8,0x00000000e6580000)
  from space 12800K, 0% used [0x00000000e6580000,0x00000000e6580000,0x00000000e7200000)
  to   space 12288K, 0% used [0x00000000ead00000,0x00000000ead00000,0x00000000eb900000)
 ParOldGen       total 91136K, used 15045K [0x00000000a0000000, 0x00000000a5900000, 0x00000000e0000000)
  object space 91136K, 16% used [0x00000000a0000000,0x00000000a0eb1548,0x00000000a5900000)
 Metaspace       used 40666K, capacity 41354K, committed 41856K, reserved 1085440K
  class space    used 5565K, capacity 5709K, committed 5760K, reserved 1048576K
GC Heap History (10 events):
Event: 6.802 GC heap before
{Heap before GC invocations=5 (full 1):
 PSYoungGen      total 46592K, used 39936K [0x00000000e0000000, 0x00000000e5b00000, 0x0000000100000000)
  eden space 39936K, 100% used [0x00000000e0000000,0x00000000e2700000,0x00000000e2700000)
  from space 6656K, 0% used [0x00000000e2700000,0x00000000e2700000,0x00000000e2d80000)
  to   space 6656K, 0% used [0x00000000e5480000,0x00000000e5480000,0x00000000e5b00000)
 ParOldGen       total 66560K, used 9823K [0x00000000a0000000, 0x00000000a4100000, 0x00000000e0000000)
  object space 66560K, 14% used [0x00000000a0000000,0x00000000a0997c08,0x00000000a4100000)
 Metaspace       used 24098K, capacity 24512K, committed 24832K, reserved 1071104K
  class space    used 3359K, capacity 3506K, committed 3584K, reserved 1048576K
Event: 6.819 GC heap after
Heap after GC invocations=5 (full 1):
 PSYoungGen      total 71168K, used 4751K [0x00000000e0000000, 0x00000000e5980000, 0x0000000100000000)
  eden space 66048K, 0% used [0x00000000e0000000,0x00000000e0000000,0x00000000e4080000)
  from space 5120K, 92% used [0x00000000e5480000,0x00000000e5923c88,0x00000000e5980000)
  to   space 6656K, 0% used [0x00000000e4c80000,0x00000000e4c80000,0x00000000e5300000)
 ParOldGen       total 66560K, used 9823K [0x00000000a0000000, 0x00000000a4100000, 0x00000000e0000000)
  object space 66560K, 14% used [0x00000000a0000000,0x00000000a0997c08,0x00000000a4100000)
 Metaspace       used 24098K, capacity 24512K, committed 24832K, reserved 1071104K
  class space    used 3359K, capacity 3506K, committed 3584K, reserved 1048576K
}
Event: 8.117 GC heap before
{Heap before GC invocations=6 (full 1):
 PSYoungGen      total 71168K, used 70799K [0x00000000e0000000, 0x00000000e5980000, 0x0000000100000000)
  eden space 66048K, 100% used [0x00000000e0000000,0x00000000e4080000,0x00000000e4080000)
  from space 5120K, 92% used [0x00000000e5480000,0x00000000e5923c88,0x00000000e5980000)
  to   space 6656K, 0% used [0x00000000e4c80000,0x00000000e4c80000,0x00000000e5300000)
 ParOldGen       total 66560K, used 9823K [0x00000000a0000000, 0x00000000a4100000, 0x00000000e0000000)
  object space 66560K, 14% used [0x00000000a0000000,0x00000000a0997c08,0x00000000a4100000)
 Metaspace       used 27801K, capacity 28310K, committed 28672K, reserved 1073152K
  class space    used 3855K, capacity 4003K, committed 4096K, reserved 1048576K
Event: 8.127 GC heap after
Heap after GC invocations=6 (full 1):
 PSYoungGen      total 84992K, used 6650K [0x00000000e0000000, 0x00000000e7d00000, 0x0000000100000000)
  eden space 78336K, 0% used [0x00000000e0000000,0x00000000e0000000,0x00000000e4c80000)
  from space 6656K, 99% used [0x00000000e4c80000,0x00000000e52fe8a8,0x00000000e5300000)
  to   space 11264K, 0% used [0x00000000e7200000,0x00000000e7200000,0x00000000e7d00000)
 ParOldGen       total 66560K, used 10277K [0x00000000a0000000, 0x00000000a4100000, 0x00000000e0000000)
  object space 66560K, 15% used [0x00000000a0000000,0x00000000a0a09678,0x00000000a4100000)
 Metaspace       used 27801K, capacity 28310K, committed 28672K, reserved 1073152K
  class space    used 3855K, capacity 4003K, committed 4096K, reserved 1048576K
}
Event: 9.260 GC heap before
{Heap before GC invocations=7 (full 1):
 PSYoungGen      total 84992K, used 84986K [0x00000000e0000000, 0x00000000e7d00000, 0x0000000100000000)
  eden space 78336K, 100% used [0x00000000e0000000,0x00000000e4c80000,0x00000000e4c80000)
  from space 6656K, 99% used [0x00000000e4c80000,0x00000000e52fe8a8,0x00000000e5300000)
  to   space 11264K, 0% used [0x00000000e7200000,0x00000000e7200000,0x00000000e7d00000)
 ParOldGen       total 66560K, used 10277K [0x00000000a0000000, 0x00000000a4100000, 0x00000000e0000000)
  object space 66560K, 15% used [0x00000000a0000000,0x00000000a0a09678,0x00000000a4100000)
 Metaspace       used 33346K, capacity 33900K, committed 34304K, reserved 1079296K
  class space    used 4576K, capacity 4739K, committed 4864K, reserved 1048576K
Event: 9.275 GC heap after
Heap after GC invocations=7 (full 1):
 PSYoungGen      total 115200K, used 10902K [0x00000000e0000000, 0x00000000e9000000, 0x0000000100000000)
  eden space 103936K, 0% used [0x00000000e0000000,0x00000000e0000000,0x00000000e6580000)
  from space 11264K, 96% used [0x00000000e7200000,0x00000000e7ca5b90,0x00000000e7d00000)
  to   space 12800K, 0% used [0x00000000e6580000,0x00000000e6580000,0x00000000e7200000)
 ParOldGen       total 66560K, used 10285K [0x00000000a0000000, 0x00000000a4100000, 0x00000000e0000000)
  object space 66560K, 15% used [0x00000000a0000000,0x00000000a0a0b678,0x00000000a4100000)
 Metaspace       used 33346K, capacity 33900K, committed 34304K, reserved 1079296K
  class space    used 4576K, capacity 4739K, committed 4864K, reserved 1048576K
}
Event: 9.419 GC heap before
{Heap before GC invocations=8 (full 1):
 PSYoungGen      total 115200K, used 20786K [0x00000000e0000000, 0x00000000e9000000, 0x0000000100000000)
  eden space 103936K, 9% used [0x00000000e0000000,0x00000000e09a6e88,0x00000000e6580000)
  from space 11264K, 96% used [0x00000000e7200000,0x00000000e7ca5b90,0x00000000e7d00000)
  to   space 12800K, 0% used [0x00000000e6580000,0x00000000e6580000,0x00000000e7200000)
 ParOldGen       total 66560K, used 10285K [0x00000000a0000000, 0x00000000a4100000, 0x00000000e0000000)
  object space 66560K, 15% used [0x00000000a0000000,0x00000000a0a0b678,0x00000000a4100000)
 Metaspace       used 34527K, capacity 35070K, committed 35456K, reserved 1079296K
  class space    used 4712K, capacity 4870K, committed 4992K, reserved 1048576K
Event: 9.428 GC heap after
Heap after GC invocations=8 (full 1):
 PSYoungGen      total 116736K, used 8774K [0x00000000e0000000, 0x00000000eb900000, 0x0000000100000000)
  eden space 103936K, 0% used [0x00000000e0000000,0x00000000e0000000,0x00000000e6580000)
  from space 12800K, 68% used [0x00000000e6580000,0x00000000e6e11908,0x00000000e7200000)
  to   space 12288K, 0% used [0x00000000ead00000,0x00000000ead00000,0x00000000eb900000)
 ParOldGen       total 66560K, used 10293K [0x00000000a0000000, 0x00000000a4100000, 0x00000000e0000000)
  object space 66560K, 15% used [0x00000000a0000000,0x00000000a0a0d678,0x00000000a4100000)
 Metaspace       used 34527K, capacity 35070K, committed 35456K, reserved 1079296K
  class space    used 4712K, capacity 4870K, committed 4992K, reserved 1048576K
}
Event: 9.428 GC heap before
{Heap before GC invocations=9 (full 2):
 PSYoungGen      total 116736K, used 8774K [0x00000000e0000000, 0x00000000eb900000, 0x0000000100000000)
  eden space 103936K, 0% used [0x00000000e0000000,0x00000000e0000000,0x00000000e6580000)
  from space 12800K, 68% used [0x00000000e6580000,0x00000000e6e11908,0x00000000e7200000)
  to   space 12288K, 0% used [0x00000000ead00000,0x00000000ead00000,0x00000000eb900000)
 ParOldGen       total 66560K, used 10293K [0x00000000a0000000, 0x00000000a4100000, 0x00000000e0000000)
  object space 66560K, 15% used [0x00000000a0000000,0x00000000a0a0d678,0x00000000a4100000)
 Metaspace       used 34527K, capacity 35070K, committed 35456K, reserved 1079296K
  class space    used 4712K, capacity 4870K, committed 4992K, reserved 1048576K
Event: 9.507 GC heap after
Heap after GC invocations=9 (full 2):
 PSYoungGen      total 116736K, used 0K [0x00000000e0000000, 0x00000000eb900000, 0x0000000100000000)
  eden space 103936K, 0% used [0x00000000e0000000,0x00000000e0000000,0x00000000e6580000)
  from space 12800K, 0% used [0x00000000e6580000,0x00000000e6580000,0x00000000e7200000)
  to   space 12288K, 0% used [0x00000000ead00000,0x00000000ead00000,0x00000000eb900000)
 ParOldGen       total 91136K, used 15045K [0x00000000a0000000, 0x00000000a5900000, 0x00000000e0000000)
  object space 91136K, 16% used [0x00000000a0000000,0x00000000a0eb1548,0x00000000a5900000)
 Metaspace       used 34527K, capacity 35070K, committed 35456K, reserved 1079296K
  class space    used 4712K, capacity 4870K, committed 4992K, reserved 1048576K
}

