# JRE version: Java(TM) SE Runtime Environment (8.0_73-b02) (build 1.8.0_73-b02)
# Java VM: Java HotSpot(TM) 64-Bit Server VM (25.73-b02 mixed mode windows-amd64 compressed oops)
Heap:
 PSYoungGen      total 136192K, used 121328K [0x00000000e0000000, 0x00000000e9280000, 0x0000000100000000)
  eden space 125440K, 96% used [0x00000000e0000000,0x00000000e767c0c0,0x00000000e7a80000)
  from space 10752K, 0% used [0x00000000e8800000,0x00000000e8800000,0x00000000e9280000)
  to   space 12288K, 0% used [0x00000000e7a80000,0x00000000e7a80000,0x00000000e8680000)
 ParOldGen       total 80384K, used 16712K [0x00000000a0000000, 0x00000000a4e80000, 0x00000000e0000000)
  object space 80384K, 20% used [0x00000000a0000000,0x00000000a10522f0,0x00000000a4e80000)
 Metaspace       used 43860K, capacity 44992K, committed 45312K, reserved 1087488K
  class space    used 6069K, capacity 6324K, committed 6400K, reserved 1048576K
GC Heap History (10 events):
Event: 6.909 GC heap before
{Heap before GC invocations=6 (full 1):
 PSYoungGen      total 46592K, used 39936K [0x00000000e0000000, 0x00000000e5b00000, 0x0000000100000000)
  eden space 39936K, 100% used [0x00000000e0000000,0x00000000e2700000,0x00000000e2700000)
  from space 6656K, 0% used [0x00000000e2d80000,0x00000000e2d80000,0x00000000e3400000)
  to   space 6656K, 0% used [0x00000000e2700000,0x00000000e2700000,0x00000000e2d80000)
 ParOldGen       total 58880K, used 7823K [0x00000000a0000000, 0x00000000a3980000, 0x00000000e0000000)
  object space 58880K, 13% used [0x00000000a0000000,0x00000000a07a3db8,0x00000000a3980000)
 Metaspace       used 24010K, capacity 24616K, committed 24832K, reserved 1071104K
  class space    used 3315K, capacity 3484K, committed 3584K, reserved 1048576K
Event: 6.955 GC heap after
Heap after GC invocations=6 (full 1):
 PSYoungGen      total 46592K, used 5081K [0x00000000e0000000, 0x00000000e5f00000, 0x0000000100000000)
  eden space 39936K, 0% used [0x00000000e0000000,0x00000000e0000000,0x00000000e2700000)
  from space 6656K, 76% used [0x00000000e2700000,0x00000000e2bf6770,0x00000000e2d80000)
  to   space 11776K, 0% used [0x00000000e5380000,0x00000000e5380000,0x00000000e5f00000)
 ParOldGen       total 58880K, used 7823K [0x00000000a0000000, 0x00000000a3980000, 0x00000000e0000000)
  object space 58880K, 13% used [0x00000000a0000000,0x00000000a07a3db8,0x00000000a3980000)
 Metaspace       used 24010K, capacity 24616K, committed 24832K, reserved 1071104K
  class space    used 3315K, capacity 3484K, committed 3584K, reserved 1048576K
}
Event: 7.727 GC heap before
{Heap before GC invocations=7 (full 1):
 PSYoungGen      total 46592K, used 45017K [0x00000000e0000000, 0x00000000e5f00000, 0x0000000100000000)
  eden space 39936K, 100% used [0x00000000e0000000,0x00000000e2700000,0x00000000e2700000)
  from space 6656K, 76% used [0x00000000e2700000,0x00000000e2bf6770,0x00000000e2d80000)
  to   space 11776K, 0% used [0x00000000e5380000,0x00000000e5380000,0x00000000e5f00000)
 ParOldGen       total 58880K, used 7823K [0x00000000a0000000, 0x00000000a3980000, 0x00000000e0000000)
  object space 58880K, 13% used [0x00000000a0000000,0x00000000a07a3db8,0x00000000a3980000)
 Metaspace       used 27436K, capacity 28050K, committed 28416K, reserved 1073152K
  class space    used 3853K, capacity 4033K, committed 4096K, reserved 1048576K
Event: 7.741 GC heap after
Heap after GC invocations=7 (full 1):
 PSYoungGen      total 81408K, used 5923K [0x00000000e0000000, 0x00000000e5c80000, 0x0000000100000000)
  eden space 72192K, 0% used [0x00000000e0000000,0x00000000e0000000,0x00000000e4680000)
  from space 9216K, 64% used [0x00000000e5380000,0x00000000e5948d98,0x00000000e5c80000)
  to   space 11264K, 0% used [0x00000000e4680000,0x00000000e4680000,0x00000000e5180000)
 ParOldGen       total 58880K, used 7823K [0x00000000a0000000, 0x00000000a3980000, 0x00000000e0000000)
  object space 58880K, 13% used [0x00000000a0000000,0x00000000a07a3db8,0x00000000a3980000)
 Metaspace       used 27436K, capacity 28050K, committed 28416K, reserved 1073152K
  class space    used 3853K, capacity 4033K, committed 4096K, reserved 1048576K
}
Event: 11.436 GC heap before
{Heap before GC invocations=8 (full 1):
 PSYoungGen      total 81408K, used 78115K [0x00000000e0000000, 0x00000000e5c80000, 0x0000000100000000)
  eden space 72192K, 100% used [0x00000000e0000000,0x00000000e4680000,0x00000000e4680000)
  from space 9216K, 64% used [0x00000000e5380000,0x00000000e5948d98,0x00000000e5c80000)
  to   space 11264K, 0% used [0x00000000e4680000,0x00000000e4680000,0x00000000e5180000)
 ParOldGen       total 58880K, used 7823K [0x00000000a0000000, 0x00000000a3980000, 0x00000000e0000000)
  object space 58880K, 13% used [0x00000000a0000000,0x00000000a07a3db8,0x00000000a3980000)
 Metaspace       used 32289K, capacity 33050K, committed 33408K, reserved 1077248K
  class space    used 4463K, capacity 4678K, committed 4736K, reserved 1048576K
Event: 11.459 GC heap after
Heap after GC invocations=8 (full 1):
 PSYoungGen      total 83456K, used 9249K [0x00000000e0000000, 0x00000000e9380000, 0x0000000100000000)
  eden space 72192K, 0% used [0x00000000e0000000,0x00000000e0000000,0x00000000e4680000)
  from space 11264K, 82% used [0x00000000e4680000,0x00000000e4f885f8,0x00000000e5180000)
  to   space 11776K, 0% used [0x00000000e8800000,0x00000000e8800000,0x00000000e9380000)
 ParOldGen       total 58880K, used 7831K [0x00000000a0000000, 0x00000000a3980000, 0x00000000e0000000)
  object space 58880K, 13% used [0x00000000a0000000,0x00000000a07a5db8,0x00000000a3980000)
 Metaspace       used 32289K, capacity 33050K, committed 33408K, reserved 1077248K
  class space    used 4463K, capacity 4678K, committed 4736K, reserved 1048576K
}
Event: 12.012 GC heap before
{Heap before GC invocations=9 (full 1):
 PSYoungGen      total 83456K, used 52980K [0x00000000e0000000, 0x00000000e9380000, 0x0000000100000000)
  eden space 72192K, 60% used [0x00000000e0000000,0x00000000e2ab4c90,0x00000000e4680000)
  from space 11264K, 82% used [0x00000000e4680000,0x00000000e4f885f8,0x00000000e5180000)
  to   space 11776K, 0% used [0x00000000e8800000,0x00000000e8800000,0x00000000e9380000)
 ParOldGen       total 58880K, used 7831K [0x00000000a0000000, 0x00000000a3980000, 0x00000000e0000000)
  object space 58880K, 13% used [0x00000000a0000000,0x00000000a07a5db8,0x00000000a3980000)
 Metaspace       used 34451K, capacity 35134K, committed 35456K, reserved 1079296K
  class space    used 4736K, capacity 4940K, committed 4992K, reserved 1048576K
Event: 12.022 GC heap after
Heap after GC invocations=9 (full 1):
 PSYoungGen      total 136192K, used 9391K [0x00000000e0000000, 0x00000000e9280000, 0x0000000100000000)
  eden space 125440K, 0% used [0x00000000e0000000,0x00000000e0000000,0x00000000e7a80000)
  from space 10752K, 87% used [0x00000000e8800000,0x00000000e912be98,0x00000000e9280000)
  to   space 12288K, 0% used [0x00000000e7a80000,0x00000000e7a80000,0x00000000e8680000)
 ParOldGen       total 58880K, used 7839K [0x00000000a0000000, 0x00000000a3980000, 0x00000000e0000000)
  object space 58880K, 13% used [0x00000000a0000000,0x00000000a07a7db8,0x00000000a3980000)
 Metaspace       used 34451K, capacity 35134K, committed 35456K, reserved 1079296K
  class space    used 4736K, capacity 4940K, committed 4992K, reserved 1048576K
}
Event: 12.022 GC heap before
{Heap before GC invocations=10 (full 2):
 PSYoungGen      total 136192K, used 9391K [0x00000000e0000000, 0x00000000e9280000, 0x0000000100000000)
  eden space 125440K, 0% used [0x00000000e0000000,0x00000000e0000000,0x00000000e7a80000)
  from space 10752K, 87% used [0x00000000e8800000,0x00000000e912be98,0x00000000e9280000)
  to   space 12288K, 0% used [0x00000000e7a80000,0x00000000e7a80000,0x00000000e8680000)
 ParOldGen       total 58880K, used 7839K [0x00000000a0000000, 0x00000000a3980000, 0x00000000e0000000)
  object space 58880K, 13% used [0x00000000a0000000,0x00000000a07a7db8,0x00000000a3980000)
 Metaspace       used 34451K, capacity 35134K, committed 35456K, reserved 1079296K
  class space    used 4736K, capacity 4940K, committed 4992K, reserved 1048576K
Event: 12.136 GC heap after
Heap after GC invocations=10 (full 2):
 PSYoungGen      total 136192K, used 0K [0x00000000e0000000, 0x00000000e9280000, 0x0000000100000000)
  eden space 125440K, 0% used [0x00000000e0000000,0x00000000e0000000,0x00000000e7a80000)
  from space 10752K, 0% used [0x00000000e8800000,0x00000000e8800000,0x00000000e9280000)
  to   space 12288K, 0% used [0x00000000e7a80000,0x00000000e7a80000,0x00000000e8680000)
 ParOldGen       total 80384K, used 16712K [0x00000000a0000000, 0x00000000a4e80000, 0x00000000e0000000)
  object space 80384K, 20% used [0x00000000a0000000,0x00000000a10522f0,0x00000000a4e80000)
 Metaspace       used 34451K, capacity 35134K, committed 35456K, reserved 1079296K
  class space    used 4736K, capacity 4940K, committed 4992K, reserved 1048576K
}

