# JRE version: Java(TM) SE Runtime Environment (8.0_73-b02) (build 1.8.0_73-b02)
# Java VM: Java HotSpot(TM) 64-Bit Server VM (25.73-b02 mixed mode windows-amd64 compressed oops)
Heap:
 PSYoungGen      total 251392K, used 39767K [0x00000000e0000000, 0x00000000f0880000, 0x0000000100000000)
  eden space 235008K, 16% used [0x00000000e0000000,0x00000000e26d5c88,0x00000000ee580000)
  from space 16384K, 0% used [0x00000000ee700000,0x00000000ee700000,0x00000000ef700000)
  to   space 17920K, 0% used [0x00000000ef700000,0x00000000ef700000,0x00000000f0880000)
 ParOldGen       total 76288K, used 25980K [0x00000000a0000000, 0x00000000a4a80000, 0x00000000e0000000)
  object space 76288K, 34% used [0x00000000a0000000,0x00000000a195f228,0x00000000a4a80000)
 Metaspace       used 50045K, capacity 51120K, committed 51456K, reserved 1093632K
  class space    used 6827K, capacity 7054K, committed 7168K, reserved 1048576K
GC Heap History (10 events):
Event: 10.480 GC heap before
{Heap before GC invocations=8 (full 1):
 PSYoungGen      total 138240K, used 21417K [0x00000000e0000000, 0x00000000ea000000, 0x0000000100000000)
  eden space 126464K, 7% used [0x00000000e0000000,0x00000000e096a840,0x00000000e7b80000)
  from space 11776K, 99% used [0x00000000e8900000,0x00000000e947fed8,0x00000000e9480000)
  to   space 13824K, 0% used [0x00000000e7b80000,0x00000000e7b80000,0x00000000e8900000)
 ParOldGen       total 62464K, used 11859K [0x00000000a0000000, 0x00000000a3d00000, 0x00000000e0000000)
  object space 62464K, 18% used [0x00000000a0000000,0x00000000a0b94c38,0x00000000a3d00000)
 Metaspace       used 34586K, capacity 35042K, committed 35456K, reserved 1079296K
  class space    used 4728K, capacity 4892K, committed 4992K, reserved 1048576K
Event: 10.566 GC heap after
Heap after GC invocations=8 (full 1):
 PSYoungGen      total 140288K, used 12836K [0x00000000e0000000, 0x00000000f0980000, 0x0000000100000000)
  eden space 126464K, 0% used [0x00000000e0000000,0x00000000e0000000,0x00000000e7b80000)
  from space 13824K, 92% used [0x00000000e7b80000,0x00000000e88092e0,0x00000000e8900000)
  to   space 15360K, 0% used [0x00000000efa80000,0x00000000efa80000,0x00000000f0980000)
 ParOldGen       total 62464K, used 11867K [0x00000000a0000000, 0x00000000a3d00000, 0x00000000e0000000)
  object space 62464K, 18% used [0x00000000a0000000,0x00000000a0b96c38,0x00000000a3d00000)
 Metaspace       used 34586K, capacity 35042K, committed 35456K, reserved 1079296K
  class space    used 4728K, capacity 4892K, committed 4992K, reserved 1048576K
}
Event: 10.566 GC heap before
{Heap before GC invocations=9 (full 2):
 PSYoungGen      total 140288K, used 12836K [0x00000000e0000000, 0x00000000f0980000, 0x0000000100000000)
  eden space 126464K, 0% used [0x00000000e0000000,0x00000000e0000000,0x00000000e7b80000)
  from space 13824K, 92% used [0x00000000e7b80000,0x00000000e88092e0,0x00000000e8900000)
  to   space 15360K, 0% used [0x00000000efa80000,0x00000000efa80000,0x00000000f0980000)
 ParOldGen       total 62464K, used 11867K [0x00000000a0000000, 0x00000000a3d00000, 0x00000000e0000000)
  object space 62464K, 18% used [0x00000000a0000000,0x00000000a0b96c38,0x00000000a3d00000)
 Metaspace       used 34586K, capacity 35042K, committed 35456K, reserved 1079296K
  class space    used 4728K, capacity 4892K, committed 4992K, reserved 1048576K
Event: 10.716 GC heap after
Heap after GC invocations=9 (full 2):
 PSYoungGen      total 140288K, used 0K [0x00000000e0000000, 0x00000000f0980000, 0x0000000100000000)
  eden space 126464K, 0% used [0x00000000e0000000,0x00000000e0000000,0x00000000e7b80000)
  from space 13824K, 0% used [0x00000000e7b80000,0x00000000e7b80000,0x00000000e8900000)
  to   space 15360K, 0% used [0x00000000efa80000,0x00000000efa80000,0x00000000f0980000)
 ParOldGen       total 76288K, used 19528K [0x00000000a0000000, 0x00000000a4a80000, 0x00000000e0000000)
  object space 76288K, 25% used [0x00000000a0000000,0x00000000a13120b8,0x00000000a4a80000)
 Metaspace       used 34586K, capacity 35042K, committed 35456K, reserved 1079296K
  class space    used 4728K, capacity 4892K, committed 4992K, reserved 1048576K
}
Event: 13.112 GC heap before
{Heap before GC invocations=10 (full 2):
 PSYoungGen      total 140288K, used 126464K [0x00000000e0000000, 0x00000000f0980000, 0x0000000100000000)
  eden space 126464K, 100% used [0x00000000e0000000,0x00000000e7b80000,0x00000000e7b80000)
  from space 13824K, 0% used [0x00000000e7b80000,0x00000000e7b80000,0x00000000e8900000)
  to   space 15360K, 0% used [0x00000000efa80000,0x00000000efa80000,0x00000000f0980000)
 ParOldGen       total 76288K, used 19528K [0x00000000a0000000, 0x00000000a4a80000, 0x00000000e0000000)
  object space 76288K, 25% used [0x00000000a0000000,0x00000000a13120b8,0x00000000a4a80000)
 Metaspace       used 44272K, capacity 45230K, committed 45568K, reserved 1089536K
  class space    used 6120K, capacity 6341K, committed 6400K, reserved 1048576K
Event: 13.139 GC heap after
Heap after GC invocations=10 (full 2):
 PSYoungGen      total 247808K, used 12430K [0x00000000e0000000, 0x00000000f0700000, 0x0000000100000000)
  eden space 235008K, 0% used [0x00000000e0000000,0x00000000e0000000,0x00000000ee580000)
  from space 12800K, 97% used [0x00000000efa80000,0x00000000f06a39b8,0x00000000f0700000)
  to   space 16384K, 0% used [0x00000000ee700000,0x00000000ee700000,0x00000000ef700000)
 ParOldGen       total 76288K, used 19600K [0x00000000a0000000, 0x00000000a4a80000, 0x00000000e0000000)
  object space 76288K, 25% used [0x00000000a0000000,0x00000000a13240c8,0x00000000a4a80000)
 Metaspace       used 44272K, capacity 45230K, committed 45568K, reserved 1089536K
  class space    used 6120K, capacity 6341K, committed 6400K, reserved 1048576K
}
Event: 15.011 GC heap before
{Heap before GC invocations=11 (full 2):
 PSYoungGen      total 247808K, used 82829K [0x00000000e0000000, 0x00000000f0700000, 0x0000000100000000)
  eden space 235008K, 29% used [0x00000000e0000000,0x00000000e44bfa88,0x00000000ee580000)
  from space 12800K, 97% used [0x00000000efa80000,0x00000000f06a39b8,0x00000000f0700000)
  to   space 16384K, 0% used [0x00000000ee700000,0x00000000ee700000,0x00000000ef700000)
 ParOldGen       total 76288K, used 19600K [0x00000000a0000000, 0x00000000a4a80000, 0x00000000e0000000)
  object space 76288K, 25% used [0x00000000a0000000,0x00000000a13240c8,0x00000000a4a80000)
 Metaspace       used 49761K, capacity 50880K, committed 51200K, reserved 1093632K
  class space    used 6818K, capacity 7046K, committed 7168K, reserved 1048576K
Event: 15.027 GC heap after
Heap after GC invocations=11 (full 2):
 PSYoungGen      total 251392K, used 14570K [0x00000000e0000000, 0x00000000f0880000, 0x0000000100000000)
  eden space 235008K, 0% used [0x00000000e0000000,0x00000000e0000000,0x00000000ee580000)
  from space 16384K, 88% used [0x00000000ee700000,0x00000000ef53aa08,0x00000000ef700000)
  to   space 17920K, 0% used [0x00000000ef700000,0x00000000ef700000,0x00000000f0880000)
 ParOldGen       total 76288K, used 19608K [0x00000000a0000000, 0x00000000a4a80000, 0x00000000e0000000)
  object space 76288K, 25% used [0x00000000a0000000,0x00000000a13260c8,0x00000000a4a80000)
 Metaspace       used 49761K, capacity 50880K, committed 51200K, reserved 1093632K
  class space    used 6818K, capacity 7046K, committed 7168K, reserved 1048576K
}
Event: 15.027 GC heap before
{Heap before GC invocations=12 (full 3):
 PSYoungGen      total 251392K, used 14570K [0x00000000e0000000, 0x00000000f0880000, 0x0000000100000000)
  eden space 235008K, 0% used [0x00000000e0000000,0x00000000e0000000,0x00000000ee580000)
  from space 16384K, 88% used [0x00000000ee700000,0x00000000ef53aa08,0x00000000ef700000)
  to   space 17920K, 0% used [0x00000000ef700000,0x00000000ef700000,0x00000000f0880000)
 ParOldGen       total 76288K, used 19608K [0x00000000a0000000, 0x00000000a4a80000, 0x00000000e0000000)
  object space 76288K, 25% used [0x00000000a0000000,0x00000000a13260c8,0x00000000a4a80000)
 Metaspace       used 49761K, capacity 50880K, committed 51200K, reserved 1093632K
  class space    used 6818K, capacity 7046K, committed 7168K, reserved 1048576K
Event: 15.195 GC heap after
Heap after GC invocations=12 (full 3):
 PSYoungGen      total 251392K, used 0K [0x00000000e0000000, 0x00000000f0880000, 0x0000000100000000)
  eden space 235008K, 0% used [0x00000000e0000000,0x00000000e0000000,0x00000000ee580000)
  from space 16384K, 0% used [0x00000000ee700000,0x00000000ee700000,0x00000000ef700000)
  to   space 17920K, 0% used [0x00000000ef700000,0x00000000ef700000,0x00000000f0880000)
 ParOldGen       total 76288K, used 25980K [0x00000000a0000000, 0x00000000a4a80000, 0x00000000e0000000)
  object space 76288K, 34% used [0x00000000a0000000,0x00000000a195f228,0x00000000a4a80000)
 Metaspace       used 49761K, capacity 50880K, committed 51200K, reserved 1093632K
  class space    used 6818K, capacity 7046K, committed 7168K, reserved 1048576K
}

