# JRE version: Java(TM) SE Runtime Environment (8.0_73-b02) (build 1.8.0_73-b02)
# Java VM: Java HotSpot(TM) 64-Bit Server VM (25.73-b02 mixed mode windows-amd64 compressed oops)
Heap:
 PSYoungGen      total 266752K, used 72001K [0x00000000e0000000, 0x00000000f1680000, 0x0000000100000000)
  eden space 254464K, 23% used [0x00000000e0000000,0x00000000e3ee1778,0x00000000ef880000)
  from space 12288K, 99% used [0x00000000f0a80000,0x00000000f167a4e0,0x00000000f1680000)
  to   space 14848K, 0% used [0x00000000ef980000,0x00000000ef980000,0x00000000f0800000)
 ParOldGen       total 77312K, used 19470K [0x00000000a0000000, 0x00000000a4b80000, 0x00000000e0000000)
  object space 77312K, 25% used [0x00000000a0000000,0x00000000a1303bc8,0x00000000a4b80000)
 Metaspace       used 48554K, capacity 49826K, committed 50176K, reserved 1091584K
  class space    used 6735K, capacity 7049K, committed 7168K, reserved 1048576K
GC Heap History (10 events):
Event: 4.921 GC heap before
{Heap before GC invocations=6 (full 1):
 PSYoungGen      total 86528K, used 79872K [0x00000000e0000000, 0x00000000e5b00000, 0x0000000100000000)
  eden space 79872K, 100% used [0x00000000e0000000,0x00000000e4e00000,0x00000000e4e00000)
  from space 6656K, 0% used [0x00000000e5480000,0x00000000e5480000,0x00000000e5b00000)
  to   space 6656K, 0% used [0x00000000e4e00000,0x00000000e4e00000,0x00000000e5480000)
 ParOldGen       total 57856K, used 7843K [0x00000000a0000000, 0x00000000a3880000, 0x00000000e0000000)
  object space 57856K, 13% used [0x00000000a0000000,0x00000000a07a8d58,0x00000000a3880000)
 Metaspace       used 27393K, capacity 27972K, committed 28160K, reserved 1073152K
  class space    used 3856K, capacity 4028K, committed 4096K, reserved 1048576K
Event: 4.935 GC heap after
Heap after GC invocations=6 (full 1):
 PSYoungGen      total 86528K, used 6644K [0x00000000e0000000, 0x00000000ea700000, 0x0000000100000000)
  eden space 79872K, 0% used [0x00000000e0000000,0x00000000e0000000,0x00000000e4e00000)
  from space 6656K, 99% used [0x00000000e4e00000,0x00000000e547d350,0x00000000e5480000)
  to   space 11776K, 0% used [0x00000000e9b80000,0x00000000e9b80000,0x00000000ea700000)
 ParOldGen       total 57856K, used 10103K [0x00000000a0000000, 0x00000000a3880000, 0x00000000e0000000)
  object space 57856K, 17% used [0x00000000a0000000,0x00000000a09dddc8,0x00000000a3880000)
 Metaspace       used 27393K, capacity 27972K, committed 28160K, reserved 1073152K
  class space    used 3856K, capacity 4028K, committed 4096K, reserved 1048576K
}
Event: 6.428 GC heap before
{Heap before GC invocations=7 (full 1):
 PSYoungGen      total 86528K, used 86516K [0x00000000e0000000, 0x00000000ea700000, 0x0000000100000000)
  eden space 79872K, 100% used [0x00000000e0000000,0x00000000e4e00000,0x00000000e4e00000)
  from space 6656K, 99% used [0x00000000e4e00000,0x00000000e547d350,0x00000000e5480000)
  to   space 11776K, 0% used [0x00000000e9b80000,0x00000000e9b80000,0x00000000ea700000)
 ParOldGen       total 57856K, used 10103K [0x00000000a0000000, 0x00000000a3880000, 0x00000000e0000000)
  object space 57856K, 17% used [0x00000000a0000000,0x00000000a09dddc8,0x00000000a3880000)
 Metaspace       used 32340K, capacity 33036K, committed 33408K, reserved 1077248K
  class space    used 4476K, capacity 4673K, committed 4736K, reserved 1048576K
Event: 6.476 GC heap after
Heap after GC invocations=7 (full 1):
 PSYoungGen      total 156160K, used 9742K [0x00000000e0000000, 0x00000000ea600000, 0x0000000100000000)
  eden space 145408K, 0% used [0x00000000e0000000,0x00000000e0000000,0x00000000e8e00000)
  from space 10752K, 90% used [0x00000000e9b80000,0x00000000ea503b38,0x00000000ea600000)
  to   space 12288K, 0% used [0x00000000e8e00000,0x00000000e8e00000,0x00000000e9a00000)
 ParOldGen       total 57856K, used 10103K [0x00000000a0000000, 0x00000000a3880000, 0x00000000e0000000)
  object space 57856K, 17% used [0x00000000a0000000,0x00000000a09dddc8,0x00000000a3880000)
 Metaspace       used 32340K, capacity 33036K, committed 33408K, reserved 1077248K
  class space    used 4476K, capacity 4673K, committed 4736K, reserved 1048576K
}
Event: 6.957 GC heap before
{Heap before GC invocations=8 (full 1):
 PSYoungGen      total 156160K, used 43011K [0x00000000e0000000, 0x00000000ea600000, 0x0000000100000000)
  eden space 145408K, 22% used [0x00000000e0000000,0x00000000e207d340,0x00000000e8e00000)
  from space 10752K, 90% used [0x00000000e9b80000,0x00000000ea503b38,0x00000000ea600000)
  to   space 12288K, 0% used [0x00000000e8e00000,0x00000000e8e00000,0x00000000e9a00000)
 ParOldGen       total 57856K, used 10103K [0x00000000a0000000, 0x00000000a3880000, 0x00000000e0000000)
  object space 57856K, 17% used [0x00000000a0000000,0x00000000a09dddc8,0x00000000a3880000)
 Metaspace       used 34576K, capacity 35216K, committed 35456K, reserved 1079296K
  class space    used 4756K, capacity 4967K, committed 4992K, reserved 1048576K
Event: 6.969 GC heap after
Heap after GC invocations=8 (full 1):
 PSYoungGen      total 157696K, used 9239K [0x00000000e0000000, 0x00000000f1680000, 0x0000000100000000)
  eden space 145408K, 0% used [0x00000000e0000000,0x00000000e0000000,0x00000000e8e00000)
  from space 12288K, 75% used [0x00000000e8e00000,0x00000000e9705da0,0x00000000e9a00000)
  to   space 12288K, 0% used [0x00000000f0a80000,0x00000000f0a80000,0x00000000f1680000)
 ParOldGen       total 57856K, used 10111K [0x00000000a0000000, 0x00000000a3880000, 0x00000000e0000000)
  object space 57856K, 17% used [0x00000000a0000000,0x00000000a09dfdc8,0x00000000a3880000)
 Metaspace       used 34576K, capacity 35216K, committed 35456K, reserved 1079296K
  class space    used 4756K, capacity 4967K, committed 4992K, reserved 1048576K
}
Event: 6.969 GC heap before
{Heap before GC invocations=9 (full 2):
 PSYoungGen      total 157696K, used 9239K [0x00000000e0000000, 0x00000000f1680000, 0x0000000100000000)
  eden space 145408K, 0% used [0x00000000e0000000,0x00000000e0000000,0x00000000e8e00000)
  from space 12288K, 75% used [0x00000000e8e00000,0x00000000e9705da0,0x00000000e9a00000)
  to   space 12288K, 0% used [0x00000000f0a80000,0x00000000f0a80000,0x00000000f1680000)
 ParOldGen       total 57856K, used 10111K [0x00000000a0000000, 0x00000000a3880000, 0x00000000e0000000)
  object space 57856K, 17% used [0x00000000a0000000,0x00000000a09dfdc8,0x00000000a3880000)
 Metaspace       used 34576K, capacity 35216K, committed 35456K, reserved 1079296K
  class space    used 4756K, capacity 4967K, committed 4992K, reserved 1048576K
Event: 7.033 GC heap after
Heap after GC invocations=9 (full 2):
 PSYoungGen      total 157696K, used 0K [0x00000000e0000000, 0x00000000f1680000, 0x0000000100000000)
  eden space 145408K, 0% used [0x00000000e0000000,0x00000000e0000000,0x00000000e8e00000)
  from space 12288K, 0% used [0x00000000e8e00000,0x00000000e8e00000,0x00000000e9a00000)
  to   space 12288K, 0% used [0x00000000f0a80000,0x00000000f0a80000,0x00000000f1680000)
 ParOldGen       total 77312K, used 16916K [0x00000000a0000000, 0x00000000a4b80000, 0x00000000e0000000)
  object space 77312K, 21% used [0x00000000a0000000,0x00000000a1085260,0x00000000a4b80000)
 Metaspace       used 34576K, capacity 35216K, committed 35456K, reserved 1079296K
  class space    used 4756K, capacity 4967K, committed 4992K, reserved 1048576K
}
Event: 9.108 GC heap before
{Heap before GC invocations=10 (full 2):
 PSYoungGen      total 157696K, used 145408K [0x00000000e0000000, 0x00000000f1680000, 0x0000000100000000)
  eden space 145408K, 100% used [0x00000000e0000000,0x00000000e8e00000,0x00000000e8e00000)
  from space 12288K, 0% used [0x00000000e8e00000,0x00000000e8e00000,0x00000000e9a00000)
  to   space 12288K, 0% used [0x00000000f0a80000,0x00000000f0a80000,0x00000000f1680000)
 ParOldGen       total 77312K, used 16916K [0x00000000a0000000, 0x00000000a4b80000, 0x00000000e0000000)
  object space 77312K, 21% used [0x00000000a0000000,0x00000000a1085260,0x00000000a4b80000)
 Metaspace       used 45173K, capacity 46358K, committed 46592K, reserved 1089536K
  class space    used 6294K, capacity 6571K, committed 6656K, reserved 1048576K
Event: 9.176 GC heap after
Heap after GC invocations=10 (full 2):
 PSYoungGen      total 266752K, used 12265K [0x00000000e0000000, 0x00000000f1680000, 0x0000000100000000)
  eden space 254464K, 0% used [0x00000000e0000000,0x00000000e0000000,0x00000000ef880000)
  from space 12288K, 99% used [0x00000000f0a80000,0x00000000f167a4e0,0x00000000f1680000)
  to   space 14848K, 0% used [0x00000000ef980000,0x00000000ef980000,0x00000000f0800000)
 ParOldGen       total 77312K, used 19470K [0x00000000a0000000, 0x00000000a4b80000, 0x00000000e0000000)
  object space 77312K, 25% used [0x00000000a0000000,0x00000000a1303bc8,0x00000000a4b80000)
 Metaspace       used 45173K, capacity 46358K, committed 46592K, reserved 1089536K
  class space    used 6294K, capacity 6571K, committed 6656K, reserved 1048576K
}

