# JRE version: Java(TM) SE Runtime Environment (8.0_73-b02) (build 1.8.0_73-b02)
# Java VM: Java HotSpot(TM) 64-Bit Server VM (25.73-b02 mixed mode windows-amd64 compressed oops)
Heap:
 PSYoungGen      total 271360K, used 38175K [0x00000000e0000000, 0x00000000f2600000, 0x0000000100000000)
  eden space 257024K, 14% used [0x00000000e0000000,0x00000000e2547c10,0x00000000efb00000)
  from space 14336K, 0% used [0x00000000eff80000,0x00000000eff80000,0x00000000f0d80000)
  to   space 22016K, 0% used [0x00000000f1080000,0x00000000f1080000,0x00000000f2600000)
 ParOldGen       total 75776K, used 42566K [0x00000000a0000000, 0x00000000a4a00000, 0x00000000e0000000)
  object space 75776K, 56% used [0x00000000a0000000,0x00000000a2991998,0x00000000a4a00000)
 Metaspace       used 51664K, capacity 53618K, committed 53888K, reserved 1095680K
  class space    used 7255K, capacity 7706K, committed 7808K, reserved 1048576K
GC Heap History (10 events):
Event: 11.163 GC heap before
{Heap before GC invocations=8 (full 1):
 PSYoungGen      total 156672K, used 46071K [0x00000000e0000000, 0x00000000ea700000, 0x0000000100000000)
  eden space 146432K, 24% used [0x00000000e0000000,0x00000000e23801f8,0x00000000e8f00000)
  from space 10240K, 94% used [0x00000000e9d00000,0x00000000ea67dcf8,0x00000000ea700000)
  to   space 12288K, 0% used [0x00000000e8f00000,0x00000000e8f00000,0x00000000e9b00000)
 ParOldGen       total 57344K, used 10178K [0x00000000a0000000, 0x00000000a3800000, 0x00000000e0000000)
  object space 57344K, 17% used [0x00000000a0000000,0x00000000a09f09a0,0x00000000a3800000)
 Metaspace       used 34458K, capacity 35134K, committed 35456K, reserved 1079296K
  class space    used 4736K, capacity 4940K, committed 4992K, reserved 1048576K
Event: 11.177 GC heap after
Heap after GC invocations=8 (full 1):
 PSYoungGen      total 158720K, used 9223K [0x00000000e0000000, 0x00000000f1b80000, 0x0000000100000000)
  eden space 146432K, 0% used [0x00000000e0000000,0x00000000e0000000,0x00000000e8f00000)
  from space 12288K, 75% used [0x00000000e8f00000,0x00000000e9801db0,0x00000000e9b00000)
  to   space 12288K, 0% used [0x00000000f0f80000,0x00000000f0f80000,0x00000000f1b80000)
 ParOldGen       total 57344K, used 10186K [0x00000000a0000000, 0x00000000a3800000, 0x00000000e0000000)
  object space 57344K, 17% used [0x00000000a0000000,0x00000000a09f29a0,0x00000000a3800000)
 Metaspace       used 34458K, capacity 35134K, committed 35456K, reserved 1079296K
  class space    used 4736K, capacity 4940K, committed 4992K, reserved 1048576K
}
Event: 11.177 GC heap before
{Heap before GC invocations=9 (full 2):
 PSYoungGen      total 158720K, used 9223K [0x00000000e0000000, 0x00000000f1b80000, 0x0000000100000000)
  eden space 146432K, 0% used [0x00000000e0000000,0x00000000e0000000,0x00000000e8f00000)
  from space 12288K, 75% used [0x00000000e8f00000,0x00000000e9801db0,0x00000000e9b00000)
  to   space 12288K, 0% used [0x00000000f0f80000,0x00000000f0f80000,0x00000000f1b80000)
 ParOldGen       total 57344K, used 10186K [0x00000000a0000000, 0x00000000a3800000, 0x00000000e0000000)
  object space 57344K, 17% used [0x00000000a0000000,0x00000000a09f29a0,0x00000000a3800000)
 Metaspace       used 34458K, capacity 35134K, committed 35456K, reserved 1079296K
  class space    used 4736K, capacity 4940K, committed 4992K, reserved 1048576K
Event: 11.244 GC heap after
Heap after GC invocations=9 (full 2):
 PSYoungGen      total 158720K, used 0K [0x00000000e0000000, 0x00000000f1b80000, 0x0000000100000000)
  eden space 146432K, 0% used [0x00000000e0000000,0x00000000e0000000,0x00000000e8f00000)
  from space 12288K, 0% used [0x00000000e8f00000,0x00000000e8f00000,0x00000000e9b00000)
  to   space 12288K, 0% used [0x00000000f0f80000,0x00000000f0f80000,0x00000000f1b80000)
 ParOldGen       total 75776K, used 16901K [0x00000000a0000000, 0x00000000a4a00000, 0x00000000e0000000)
  object space 75776K, 22% used [0x00000000a0000000,0x00000000a1081420,0x00000000a4a00000)
 Metaspace       used 34458K, capacity 35134K, committed 35456K, reserved 1079296K
  class space    used 4736K, capacity 4940K, committed 4992K, reserved 1048576K
}
Event: 13.305 GC heap before
{Heap before GC invocations=10 (full 2):
 PSYoungGen      total 158720K, used 146432K [0x00000000e0000000, 0x00000000f1b80000, 0x0000000100000000)
  eden space 146432K, 100% used [0x00000000e0000000,0x00000000e8f00000,0x00000000e8f00000)
  from space 12288K, 0% used [0x00000000e8f00000,0x00000000e8f00000,0x00000000e9b00000)
  to   space 12288K, 0% used [0x00000000f0f80000,0x00000000f0f80000,0x00000000f1b80000)
 ParOldGen       total 75776K, used 16901K [0x00000000a0000000, 0x00000000a4a00000, 0x00000000e0000000)
  object space 75776K, 22% used [0x00000000a0000000,0x00000000a1081420,0x00000000a4a00000)
 Metaspace       used 45274K, capacity 46436K, committed 46592K, reserved 1089536K
  class space    used 6298K, capacity 6576K, committed 6656K, reserved 1048576K
Event: 13.330 GC heap after
Heap after GC invocations=10 (full 2):
 PSYoungGen      total 269312K, used 12256K [0x00000000e0000000, 0x00000000f1b80000, 0x0000000100000000)
  eden space 257024K, 0% used [0x00000000e0000000,0x00000000e0000000,0x00000000efb00000)
  from space 12288K, 99% used [0x00000000f0f80000,0x00000000f1b782e0,0x00000000f1b80000)
  to   space 14336K, 0% used [0x00000000eff80000,0x00000000eff80000,0x00000000f0d80000)
 ParOldGen       total 75776K, used 19497K [0x00000000a0000000, 0x00000000a4a00000, 0x00000000e0000000)
  object space 75776K, 25% used [0x00000000a0000000,0x00000000a130a5b8,0x00000000a4a00000)
 Metaspace       used 45274K, capacity 46436K, committed 46592K, reserved 1089536K
  class space    used 6298K, capacity 6576K, committed 6656K, reserved 1048576K
}
Event: 15.407 GC heap before
{Heap before GC invocations=11 (full 2):
 PSYoungGen      total 269312K, used 166781K [0x00000000e0000000, 0x00000000f1b80000, 0x0000000100000000)
  eden space 257024K, 60% used [0x00000000e0000000,0x00000000e96e7188,0x00000000efb00000)
  from space 12288K, 99% used [0x00000000f0f80000,0x00000000f1b782e0,0x00000000f1b80000)
  to   space 14336K, 0% used [0x00000000eff80000,0x00000000eff80000,0x00000000f0d80000)
 ParOldGen       total 75776K, used 19497K [0x00000000a0000000, 0x00000000a4a00000, 0x00000000e0000000)
  object space 75776K, 25% used [0x00000000a0000000,0x00000000a130a5b8,0x00000000a4a00000)
 Metaspace       used 51458K, capacity 53424K, committed 53632K, reserved 1095680K
  class space    used 7245K, capacity 7695K, committed 7808K, reserved 1048576K
Event: 15.443 GC heap after
Heap after GC invocations=11 (full 2):
 PSYoungGen      total 271360K, used 14332K [0x00000000e0000000, 0x00000000f2600000, 0x0000000100000000)
  eden space 257024K, 0% used [0x00000000e0000000,0x00000000e0000000,0x00000000efb00000)
  from space 14336K, 99% used [0x00000000eff80000,0x00000000f0d7f1e8,0x00000000f0d80000)
  to   space 22016K, 0% used [0x00000000f1080000,0x00000000f1080000,0x00000000f2600000)
 ParOldGen       total 75776K, used 34423K [0x00000000a0000000, 0x00000000a4a00000, 0x00000000e0000000)
  object space 75776K, 45% used [0x00000000a0000000,0x00000000a219dec0,0x00000000a4a00000)
 Metaspace       used 51458K, capacity 53424K, committed 53632K, reserved 1095680K
  class space    used 7245K, capacity 7695K, committed 7808K, reserved 1048576K
}
Event: 15.443 GC heap before
{Heap before GC invocations=12 (full 3):
 PSYoungGen      total 271360K, used 14332K [0x00000000e0000000, 0x00000000f2600000, 0x0000000100000000)
  eden space 257024K, 0% used [0x00000000e0000000,0x00000000e0000000,0x00000000efb00000)
  from space 14336K, 99% used [0x00000000eff80000,0x00000000f0d7f1e8,0x00000000f0d80000)
  to   space 22016K, 0% used [0x00000000f1080000,0x00000000f1080000,0x00000000f2600000)
 ParOldGen       total 75776K, used 34423K [0x00000000a0000000, 0x00000000a4a00000, 0x00000000e0000000)
  object space 75776K, 45% used [0x00000000a0000000,0x00000000a219dec0,0x00000000a4a00000)
 Metaspace       used 51458K, capacity 53424K, committed 53632K, reserved 1095680K
  class space    used 7245K, capacity 7695K, committed 7808K, reserved 1048576K
Event: 15.693 GC heap after
Heap after GC invocations=12 (full 3):
 PSYoungGen      total 271360K, used 0K [0x00000000e0000000, 0x00000000f2600000, 0x0000000100000000)
  eden space 257024K, 0% used [0x00000000e0000000,0x00000000e0000000,0x00000000efb00000)
  from space 14336K, 0% used [0x00000000eff80000,0x00000000eff80000,0x00000000f0d80000)
  to   space 22016K, 0% used [0x00000000f1080000,0x00000000f1080000,0x00000000f2600000)
 ParOldGen       total 75776K, used 42566K [0x00000000a0000000, 0x00000000a4a00000, 0x00000000e0000000)
  object space 75776K, 56% used [0x00000000a0000000,0x00000000a2991998,0x00000000a4a00000)
 Metaspace       used 51458K, capacity 53424K, committed 53632K, reserved 1095680K
  class space    used 7245K, capacity 7695K, committed 7808K, reserved 1048576K
}

